SR_E_mll_1
         cabinetry n=0.0    4.5
         cabinetry n=0.0    4.5
         cabinetry n=1.3    7.4
         cabinetry n=2.6    10.7
    cabinetry_post n=0.0    4.5
    cabinetry_post n=1.0    6.6
    cabinetry_post n=6.7    !!!
    cabinetry_post n=12.4   !!!
            normal n=0.0    4.5
            normal n=0.0    4.5
            normal n=1.3    7.4
            normal n=2.7    10.7
        normal_log n=0.0    4.5
        normal_log n=0.0    4.5
        normal_log n=1.6    8.4
        normal_log n=3.9    14.0
             delta n=0.0    4.5
             delta n=0.0    4.5
             delta n=1.0    6.5
             delta n=2.0    9.1
          linspace n=0.0    4.5
          linspace n=0.0    4.5
          linspace n=1.3    7.4
          linspace n=2.7    10.7
          mcmc_mix n=0.0    4.5
          mcmc_mix n=0.0    4.5
          mcmc_mix n=1.3    7.4
          mcmc_mix n=2.7    10.7
            signal n=obs    4.5
SR_E_mll_2
         cabinetry n=46.0   32.1
         cabinetry n=35.3   21.0
         cabinetry n=44.7   30.5
         cabinetry n=54.1   43.3
    cabinetry_post n=46.0   28.0
    cabinetry_post n=37.1   18.9
    cabinetry_post n=45.3   27.2
    cabinetry_post n=53.6   38.7
            normal n=46.0   32.1
            normal n=35.3   21.1
            normal n=44.7   30.6
            normal n=54.1   43.4
        normal_log n=46.0   30.7
        normal_log n=35.7   19.7
        normal_log n=45.2   29.7
        normal_log n=54.7   42.8
             delta n=46.0   24.8
             delta n=38.0   16.4
             delta n=44.7   23.2
             delta n=51.4   32.7
          linspace n=46.0   31.4
          linspace n=35.6   20.6
          linspace n=45.2   30.5
          linspace n=54.8   43.6
          mcmc_mix n=46.0   39.5
          mcmc_mix n=28.6   17.7
          mcmc_mix n=36.8   26.5
          mcmc_mix n=45.0   38.0
            signal n=obs    31.4
SR_E_mll_3
         cabinetry n=90.0   56.3
         cabinetry n=65.0   27.9
         cabinetry n=77.5   40.0
         cabinetry n=90.1   56.5
    cabinetry_post n=90.0   43.9
    cabinetry_post n=72.6   25.4
    cabinetry_post n=83.9   36.2
    cabinetry_post n=95.1   51.1
            normal n=90.0   56.4
            normal n=64.9   27.9
            normal n=77.5   40.1
            normal n=90.2   56.6
        normal_log n=90.0   54.7
        normal_log n=65.4   26.3
        normal_log n=78.1   39.0
        normal_log n=90.8   55.8
             delta n=90.0   47.5
             delta n=68.7   20.9
             delta n=77.5   29.5
             delta n=86.3   41.5
          linspace n=90.0   55.5
          linspace n=65.3   27.4
          linspace n=78.0   39.9
          linspace n=90.8   56.7
          mcmc_mix n=90.0   68.5
          mcmc_mix n=56.2   24.3
          mcmc_mix n=67.5   35.6
          mcmc_mix n=78.9   50.8
            signal n=obs    55.4
SR_E_mll_5
         cabinetry n=151.0  63.8
         cabinetry n=125.2  37.5
         cabinetry n=142.3  53.3
         cabinetry n=159.3  75.0
    cabinetry_post n=151.0  52.1
    cabinetry_post n=131.9  33.2
    cabinetry_post n=146.7  47.1
    cabinetry_post n=161.6  66.2
            normal n=151.0  63.7
            normal n=125.2  37.5
            normal n=142.3  53.3
            normal n=159.3  75.0
        normal_log n=151.0  62.0
        normal_log n=125.7  35.8
        normal_log n=142.8  52.1
        normal_log n=159.9  73.9
             delta n=151.0  49.9
             delta n=130.3  27.6
             delta n=142.3  38.8
             delta n=154.2  54.5
          linspace n=151.0  62.8
          linspace n=125.8  37.1
          linspace n=143.0  53.2
          linspace n=160.2  75.1
          mcmc_mix n=151.0  78.6
          mcmc_mix n=113.1  34.0
          mcmc_mix n=128.9  49.0
          mcmc_mix n=144.7  69.2
            signal n=obs    62.5
SR_E_mll_10
         cabinetry n=244.0  119.0
         cabinetry n=183.9  46.0
         cabinetry n=204.9  65.2
         cabinetry n=225.9  91.4
    cabinetry_post n=244.0  81.4
    cabinetry_post n=207.1  41.3
    cabinetry_post n=225.7  58.3
    cabinetry_post n=244.3  81.8
            normal n=244.0  118.9
            normal n=183.9  46.0
            normal n=204.9  65.2
            normal n=225.9  91.4
        normal_log n=244.0  115.9
        normal_log n=184.4  44.0
        normal_log n=205.5  63.7
        normal_log n=226.5  90.0
             delta n=244.0  107.1
             delta n=190.6  32.8
             delta n=204.9  46.0
             delta n=219.2  64.5
          linspace n=244.0  117.6
          linspace n=184.3  45.7
          linspace n=205.5  65.2
          linspace n=226.8  91.7
          mcmc_mix n=244.0  143.7
          mcmc_mix n=167.9  41.4
          mcmc_mix n=187.4  59.6
          mcmc_mix n=206.8  84.1
            signal n=obs    117.4
SR_E_mll_20
         cabinetry n=383.0  195.5
         cabinetry n=279.6  59.3
         cabinetry n=306.7  83.7
         cabinetry n=333.9  117.0
    cabinetry_post n=383.0  115.8
    cabinetry_post n=326.9  52.6
    cabinetry_post n=350.7  74.1
    cabinetry_post n=374.6  103.6
            normal n=383.0  195.5
            normal n=279.6  59.4
            normal n=306.7  83.7
            normal n=333.9  117.1
        normal_log n=383.0  189.2
        normal_log n=280.2  56.6
        normal_log n=307.4  81.6
        normal_log n=334.7  115.1
             delta n=383.0  186.2
             delta n=289.2  39.7
             delta n=306.7  55.6
             delta n=324.3  77.8
          linspace n=383.0  191.9
          linspace n=280.0  58.1
          linspace n=307.2  82.9
          linspace n=334.5  116.4
          mcmc_mix n=383.0  206.1
          mcmc_mix n=270.7  56.0
          mcmc_mix n=297.4  80.5
          mcmc_mix n=324.1  113.4
            signal n=obs    192.2
SR_E_mll_30
         cabinetry n=453.0  212.5
         cabinetry n=340.5  68.9
         cabinetry n=372.1  97.0
         cabinetry n=403.7  135.5
    cabinetry_post n=453.0  121.1
    cabinetry_post n=395.6  58.8
    cabinetry_post n=422.3  82.6
    cabinetry_post n=449.0  115.5
            normal n=453.0  212.7
            normal n=340.4  69.2
            normal n=372.1  97.3
            normal n=403.8  136.0
        normal_log n=453.0  205.4
        normal_log n=341.1  65.4
        normal_log n=372.9  94.5
        normal_log n=404.7  133.3
             delta n=453.0  196.9
             delta n=352.8  43.5
             delta n=372.1  60.9
             delta n=391.4  85.2
          linspace n=453.0  211.0
          linspace n=340.4  68.6
          linspace n=372.3  97.2
          linspace n=404.3  136.2
          mcmc_mix n=453.0  262.3
          mcmc_mix n=306.6  62.9
          mcmc_mix n=337.1  90.9
          mcmc_mix n=367.6  128.0
            signal n=obs    210.9
SR_E_mll_40
         cabinetry n=492.0  200.9
         cabinetry n=387.6  75.7
         cabinetry n=422.3  106.4
         cabinetry n=457.1  148.6
    cabinetry_post n=492.0  116.9
    cabinetry_post n=439.1  62.0
    cabinetry_post n=467.3  87.2
    cabinetry_post n=495.6  121.8
            normal n=492.0  201.2
            normal n=387.4  76.0
            normal n=422.3  106.9
            normal n=457.2  149.2
        normal_log n=492.0  194.6
        normal_log n=388.3  71.7
        normal_log n=423.3  103.6
        normal_log n=458.3  146.0
             delta n=492.0  175.4
             delta n=401.8  46.3
             delta n=422.3  64.7
             delta n=442.9  90.4
          linspace n=492.0  197.8
          linspace n=388.0  74.2
          linspace n=423.1  105.7
          linspace n=458.2  148.3
          mcmc_mix n=492.0  246.3
          mcmc_mix n=354.4  69.5
          mcmc_mix n=388.5  100.7
          mcmc_mix n=422.5  142.0
            signal n=obs    197.7
SR_E_mll_60
         cabinetry n=583.0  208.5
         cabinetry n=476.7  86.8
         cabinetry n=516.6  121.9
         cabinetry n=556.4  170.0
    cabinetry_post n=583.0  121.4
    cabinetry_post n=530.1  68.3
    cabinetry_post n=561.2  95.8
    cabinetry_post n=592.4  133.8
            normal n=583.0  209.0
            normal n=476.5  87.3
            normal n=516.6  122.5
            normal n=556.7  170.9
        normal_log n=583.0  202.3
        normal_log n=477.4  82.2
        normal_log n=517.6  118.6
        normal_log n=557.8  167.1
             delta n=583.0  172.4
             delta n=493.8  51.0
             delta n=516.6  71.2
             delta n=539.3  99.5
          linspace n=583.0  208.9
          linspace n=476.5  87.7
          linspace n=517.3  123.5
          linspace n=558.0  173.0
          mcmc_mix n=583.0  282.6
          mcmc_mix n=424.6  80.5
          mcmc_mix n=463.9  116.2
          mcmc_mix n=503.3  163.6
            signal n=obs    208.2
SR_S_100p5
         cabinetry n=24.0   20.1
         cabinetry n=19.7   15.8
         cabinetry n=26.7   23.2
         cabinetry n=33.6   33.1
    cabinetry_post n=24.0   19.0
    cabinetry_post n=19.4   14.2
    cabinetry_post n=25.5   20.8
    cabinetry_post n=31.5   29.6
            normal n=24.0   20.1
            normal n=19.7   15.8
            normal n=26.7   23.3
            normal n=33.6   33.2
        normal_log n=24.0   19.1
        normal_log n=20.0   14.9
        normal_log n=27.1   22.8
        normal_log n=34.1   33.0
             delta n=24.0   15.5
             delta n=21.5   13.1
             delta n=26.7   18.6
             delta n=31.8   26.4
          linspace n=24.0   18.8
          linspace n=20.5   15.3
          linspace n=27.7   23.2
          linspace n=34.8   33.6
      mcmc_tfp_ham n=24.0   15.1
      mcmc_tfp_ham n=30.7   20.6
      mcmc_tfp_ham n=43.4   34.5
      mcmc_tfp_ham n=56.0   51.8
            signal n=obs    19.0
SR_S_101
         cabinetry n=41.0   26.3
         cabinetry n=37.5   23.2
         cabinetry n=48.0   33.6
         cabinetry n=58.4   47.7
    cabinetry_post n=41.0   23.3
    cabinetry_post n=36.1   18.7
    cabinetry_post n=44.3   27.0
    cabinetry_post n=52.4   38.4
            normal n=41.0   25.6
            normal n=37.7   22.7
            normal n=48.0   32.9
            normal n=58.2   46.7
        normal_log n=41.0   23.5
        normal_log n=38.2   20.9
        normal_log n=48.6   31.8
        normal_log n=58.9   45.9
             delta n=41.0   16.8
             delta n=41.0   16.9
             delta n=48.0   23.9
             delta n=54.9   33.7
          linspace n=41.0   22.8
          linspace n=36.4   18.9
          linspace n=72.1   60.6
          linspace n=107.7  105.3
      mcmc_tfp_ham n=41.0   20.0
      mcmc_tfp_ham n=46.6   24.5
      mcmc_tfp_ham n=60.2   38.7
      mcmc_tfp_ham n=73.9   56.9
            signal n=obs    23.1
SR_S_102
         cabinetry n=91.0   53.6
         cabinetry n=69.7   31.5
         cabinetry n=84.1   45.2
         cabinetry n=98.4   63.7
    cabinetry_post n=91.0   41.7
    cabinetry_post n=76.2   26.9
    cabinetry_post n=88.2   38.4
    cabinetry_post n=100.2  54.1
            normal n=91.0   53.5
            normal n=69.7   31.5
            normal n=84.1   45.2
            normal n=98.4   63.7
        normal_log n=91.0   51.0
        normal_log n=70.3   28.9
        normal_log n=84.8   43.4
        normal_log n=99.3   62.3
             delta n=91.0   39.7
             delta n=74.9   21.7
             delta n=84.1   30.6
             delta n=93.3   43.1
          linspace n=91.0   50.2
          linspace n=70.4   28.8
          linspace n=88.1   46.6
          linspace n=105.7  70.3
      mcmc_tfp_ham n=91.0   44.8
      mcmc_tfp_ham n=79.7   34.2
      mcmc_tfp_ham n=99.9   54.6
      mcmc_tfp_ham n=120.1  80.7
            signal n=obs    50.6
SR_S_105
         cabinetry n=158.0  64.4
         cabinetry n=138.5  46.8
         cabinetry n=159.9  66.5
         cabinetry n=181.4  93.2
    cabinetry_post n=158.0  50.0
    cabinetry_post n=142.6  35.8
    cabinetry_post n=158.7  50.7
    cabinetry_post n=174.7  71.3
            normal n=158.0  64.9
            normal n=138.3  47.2
            normal n=159.9  67.0
            normal n=181.6  93.9
        normal_log n=158.0  60.7
        normal_log n=139.1  43.0
        normal_log n=160.9  63.9
        normal_log n=182.7  91.2
             delta n=158.0  38.9
             delta n=147.3  29.2
             delta n=159.9  41.0
             delta n=172.6  57.5
          linspace n=158.0  59.6
          linspace n=140.4  43.2
          linspace n=162.5  64.5
          linspace n=184.6  92.1
      mcmc_tfp_ham n=158.0  56.1
      mcmc_tfp_ham n=146.3  45.8
      mcmc_tfp_ham n=169.6  68.0
      mcmc_tfp_ham n=192.9  97.0
            signal n=obs    60.1
SR_S_110
         cabinetry n=243.0  81.8
         cabinetry n=216.6  58.1
         cabinetry n=243.3  82.1
         cabinetry n=269.9  114.9
    cabinetry_post n=243.0  62.4
    cabinetry_post n=223.1  44.2
    cabinetry_post n=243.1  62.5
    cabinetry_post n=263.1  87.5
            normal n=243.0  82.4
            normal n=216.4  58.5
            normal n=243.3  82.7
            normal n=270.1  115.7
        normal_log n=243.0  78.0
        normal_log n=217.3  54.1
        normal_log n=244.3  79.4
        normal_log n=271.2  112.6
             delta n=243.0  49.5
             delta n=227.7  35.6
             delta n=243.3  49.8
             delta n=258.9  69.8
          linspace n=243.0  76.9
          linspace n=218.7  54.6
          linspace n=246.2  80.4
          linspace n=273.7  114.3
      mcmc_tfp_ham n=243.0  78.6
      mcmc_tfp_ham n=219.7  57.5
      mcmc_tfp_ham n=248.5  84.4
      mcmc_tfp_ham n=277.4  119.9
            signal n=obs    77.2
SR_S_120
         cabinetry n=328.0  108.6
         cabinetry n=284.5  66.8
         cabinetry n=315.1  94.1
         cabinetry n=345.8  131.5
    cabinetry_post n=328.0  76.9
    cabinetry_post n=300.5  51.3
    cabinetry_post n=323.8  72.2
    cabinetry_post n=347.0  101.1
            normal n=328.0  109.1
            normal n=284.3  67.2
            normal n=315.1  94.6
            normal n=346.0  132.3
        normal_log n=328.0  104.7
        normal_log n=285.2  62.5
        normal_log n=316.1  91.2
        normal_log n=347.1  128.9
             delta n=328.0  72.0
             delta n=297.4  40.2
             delta n=315.1  56.3
             delta n=332.9  78.8
          linspace n=328.0  103.0
          linspace n=286.9  62.9
          linspace n=318.5  92.2
          linspace n=350.1  130.9
      mcmc_tfp_ham n=328.0  94.4
      mcmc_tfp_ham n=296.5  65.6
      mcmc_tfp_ham n=328.9  95.4
      mcmc_tfp_ham n=361.3  134.9
            signal n=obs    103.3
SR_S_130
         cabinetry n=419.0  139.6
         cabinetry n=356.2  75.7
         cabinetry n=391.0  106.5
         cabinetry n=425.8  148.7
    cabinetry_post n=419.0  91.5
    cabinetry_post n=383.7  58.0
    cabinetry_post n=410.1  81.6
    cabinetry_post n=436.5  114.1
            normal n=419.0  140.0
            normal n=356.1  76.0
            normal n=391.0  106.9
            normal n=426.0  149.3
        normal_log n=419.0  135.0
        normal_log n=357.0  71.0
        normal_log n=392.1  103.2
        normal_log n=427.1  145.6
             delta n=419.0  99.4
             delta n=371.2  44.6
             delta n=391.0  62.4
             delta n=410.8  87.2
          linspace n=419.0  134.3
          linspace n=358.4  72.4
          linspace n=394.2  105.1
          linspace n=429.9  148.6
      mcmc_tfp_ham n=419.0  122.8
      mcmc_tfp_ham n=368.9  74.2
      mcmc_tfp_ham n=405.2  107.2
      mcmc_tfp_ham n=441.5  151.3
            signal n=obs    134.4
SR_S_140
         cabinetry n=472.0  144.2
         cabinetry n=409.7  82.8
         cabinetry n=447.8  116.3
         cabinetry n=485.8  162.3
    cabinetry_post n=472.0  94.9
    cabinetry_post n=436.5  61.8
    cabinetry_post n=464.7  86.8
    cabinetry_post n=492.8  121.3
            normal n=472.0  144.6
            normal n=409.6  83.1
            normal n=447.8  116.7
            normal n=486.0  162.9
        normal_log n=472.0  139.2
        normal_log n=410.6  77.6
        normal_log n=448.9  112.6
        normal_log n=487.2  158.8
             delta n=472.0  97.4
             delta n=426.6  47.6
             delta n=447.8  66.5
             delta n=468.9  93.0
          linspace n=472.0  139.6
          linspace n=411.9  80.1
          linspace n=451.2  115.7
          linspace n=490.5  163.4
      mcmc_tfp_ham n=472.0  132.0
      mcmc_tfp_ham n=419.9  82.5
      mcmc_tfp_ham n=459.9  118.5
      mcmc_tfp_ham n=499.9  166.9
            signal n=obs    139.4

real	4m38.158s
user	4m38.672s
sys	0m1.468s
