ewk_high
         cabinetry n=0.0    4.5
         cabinetry n=2.3    6.7
         cabinetry n=4.5    9.8
         cabinetry n=6.6    14.0
    cabinetry_post n=0.0    4.5
    cabinetry_post n=2.1    6.5
    cabinetry_post n=4.2    9.6
    cabinetry_post n=6.3    13.7
            normal n=0.0    4.5
            normal n=2.3    6.7
            normal n=4.5    9.8
            normal n=6.6    14.0
        normal_log n=0.0    4.5
        normal_log n=2.3    6.7
        normal_log n=4.5    9.8
        normal_log n=6.7    14.1
             delta n=0.0    4.5
             delta n=2.4    6.6
             delta n=4.5    9.6
             delta n=6.6    13.7
          linspace n=0.0    4.5
          linspace n=2.3    6.7
          linspace n=4.5    9.8
          linspace n=6.7    14.1
          mcmc_mix n=0.0    4.5
          mcmc_mix n=2.3    6.6
          mcmc_mix n=4.5    9.8
          mcmc_mix n=6.6    14.0
            signal n=obs    4.5
ewk_int
         cabinetry n=38.0   33.3
         cabinetry n=24.3   16.4
         cabinetry n=31.4   24.0
         cabinetry n=38.6   34.2
    cabinetry_post n=38.0   27.5
    cabinetry_post n=28.3   16.8
    cabinetry_post n=35.5   24.3
    cabinetry_post n=42.8   34.6
            normal n=38.0   33.3
            normal n=24.2   16.5
            normal n=31.4   24.0
            normal n=38.6   34.2
        normal_log n=38.0   32.6
        normal_log n=24.5   15.8
        normal_log n=31.7   23.7
        normal_log n=39.0   34.1
             delta n=38.0   29.9
             delta n=25.8   14.0
             delta n=31.4   19.9
             delta n=37.0   28.2
          linspace n=38.0   29.2
          linspace n=27.0   16.4
          linspace n=35.1   25.3
          linspace n=43.2   36.9
          mcmc_mix n=38.0   30.7
          mcmc_mix n=25.6   15.5
          mcmc_mix n=33.1   23.8
          mcmc_mix n=40.7   34.9
            signal n=obs    30.7
ewk_llbb
         cabinetry n=0.0    4.5
         cabinetry n=0.0    4.5
         cabinetry n=0.7    6.1
         cabinetry n=1.5    8.5
    cabinetry_post n=0.0    4.5
    cabinetry_post n=0.0    4.5
    cabinetry_post n=0.6    6.0
    cabinetry_post n=1.4    8.4
            normal n=0.0    4.5
            normal n=0.0    4.5
            normal n=0.7    6.1
            normal n=1.5    8.5
        normal_log n=0.0    4.5
        normal_log n=0.0    4.5
        normal_log n=0.7    6.2
        normal_log n=1.6    8.7
             delta n=0.0    4.5
             delta n=0.0    4.5
             delta n=0.7    6.0
             delta n=1.5    8.3
          linspace n=0.0    4.5
          linspace n=0.0    4.5
          linspace n=0.7    6.1
          linspace n=1.5    8.6
          mcmc_mix n=0.0    4.5
          mcmc_mix n=0.0    4.5
          mcmc_mix n=0.5    5.9
          mcmc_mix n=1.3    8.2
            signal n=obs    4.5
ewk_low
         cabinetry n=18.0   19.5
         cabinetry n=30.2   28.1
         cabinetry n=43.2   40.8
         cabinetry n=56.1   57.7
    cabinetry_post n=18.0   17.3
    cabinetry_post n=15.8   15.1
    cabinetry_post n=22.4   22.4
    cabinetry_post n=29.1   32.0
            normal n=18.0   19.7
            normal n=30.2   28.2
            normal n=43.2   41.0
            normal n=56.3   58.0
        normal_log n=18.0   12.0
        normal_log n=31.1   22.1
        normal_log n=44.7   37.1
        normal_log n=58.3   55.3
             delta n=18.0   7.3
             delta n=36.6   16.1
             delta n=43.2   22.8
             delta n=49.8   32.3
          linspace n=18.0   18.3
          linspace n=32.2   27.4
          linspace n=45.9   41.2
          linspace n=59.5   59.2
          mcmc_mix n=18.0   18.9
          mcmc_mix n=27.4   25.4
          mcmc_mix n=40.4   38.7
          mcmc_mix n=53.4   56.0
            signal n=obs    18.1
ewk_offshell
         cabinetry n=21.0   19.5
         cabinetry n=15.4   13.2
         cabinetry n=21.0   19.4
         cabinetry n=26.6   27.8
    cabinetry_post n=21.0   18.7
    cabinetry_post n=15.7   12.8
    cabinetry_post n=21.0   18.6
    cabinetry_post n=26.2   26.6
            normal n=21.0   19.5
            normal n=15.4   13.2
            normal n=21.0   19.5
            normal n=26.6   27.8
        normal_log n=21.0   19.0
        normal_log n=15.6   12.9
        normal_log n=21.2   19.3
        normal_log n=26.9   27.8
             delta n=21.0   16.9
             delta n=16.4   11.8
             delta n=21.0   16.9
             delta n=25.6   24.0
          linspace n=21.0   19.3
          linspace n=15.6   13.3
          linspace n=21.4   19.8
          linspace n=27.1   28.4
          mcmc_mix n=21.0   17.3
          mcmc_mix n=17.6   13.8
          mcmc_mix n=23.5   20.3
          mcmc_mix n=29.5   29.1
            signal n=obs    19.1
rjr_sr2l_isr
         cabinetry n=30.0   31.6
         cabinetry n=20.4   21.9
         cabinetry n=30.6   32.3
         cabinetry n=40.7   45.9
    cabinetry_post n=30.0   23.7
    cabinetry_post n=23.0   16.3
    cabinetry_post n=30.1   23.9
    cabinetry_post n=37.3   34.1
            normal n=30.0   31.9
            normal n=20.3   22.2
            normal n=30.6   32.6
            normal n=40.9   46.4
        normal_log n=30.0   27.7
        normal_log n=21.1   17.7
        normal_log n=31.9   30.0
        normal_log n=42.6   45.0
             delta n=30.0   19.0
             delta n=25.1   13.9
             delta n=30.6   19.7
             delta n=36.2   27.9
          linspace n=30.0   26.3
          linspace n=23.4   19.2
          linspace n=36.1   33.8
          linspace n=48.9   51.2
      mcmc_tfp_ham n=30.0   23.9
      mcmc_tfp_ham n=23.6   17.1
      mcmc_tfp_ham n=33.7   28.5
      mcmc_tfp_ham n=43.8   42.9
            signal n=obs    26.6
rjr_sr2l_low
         cabinetry n=39.0   30.6
         cabinetry n=31.5   23.5
         cabinetry n=42.2   34.2
         cabinetry n=52.9   48.5
    cabinetry_post n=39.0   25.3
    cabinetry_post n=32.1   18.4
    cabinetry_post n=40.2   26.7
    cabinetry_post n=48.2   37.9
            normal n=39.0   31.0
            normal n=31.4   23.8
            normal n=42.2   34.6
            normal n=53.1   49.1
        normal_log n=39.0   27.7
        normal_log n=32.0   20.6
        normal_log n=43.1   32.6
        normal_log n=54.2   47.7
             delta n=39.0   19.0
             delta n=35.7   15.9
             delta n=42.2   22.6
             delta n=48.7   32.0
          linspace n=39.0   26.2
          linspace n=33.8   21.0
          linspace n=45.4   33.7
          linspace n=57.1   49.4
      mcmc_tfp_ham n=39.0   27.2
      mcmc_tfp_ham n=33.1   21.3
      mcmc_tfp_ham n=44.1   33.1
      mcmc_tfp_ham n=55.2   48.0
            signal n=obs    26.9
str_src_12_31
         cabinetry n=2.0    7.6
         cabinetry n=1.1    6.2
         cabinetry n=3.6    10.2
         cabinetry n=6.0    15.0
    cabinetry_post n=2.0    7.8
    cabinetry_post n=0.7    5.6
    cabinetry_post n=2.7    9.1
    cabinetry_post n=4.8    13.3
            normal n=2.0    7.6
            normal n=1.1    6.2
            normal n=3.6    10.2
            normal n=6.1    15.0
        normal_log n=2.0    7.3
        normal_log n=1.1    5.9
        normal_log n=3.9    10.6
        normal_log n=6.8    16.3
             delta n=2.0    6.6
             delta n=1.6    6.1
             delta n=3.5    8.9
             delta n=5.3    12.7
          linspace n=2.0    7.6
          linspace n=0.9    5.9
          linspace n=3.9    10.7
          linspace n=6.8    16.5
          mcmc_mix n=2.0    7.6
          mcmc_mix n=1.1    6.2
          mcmc_mix n=3.6    10.3
          mcmc_mix n=6.1    15.2
            signal n=obs    7.6
str_src_12_61
         cabinetry n=7.0    13.5
         cabinetry n=3.3    8.6
         cabinetry n=7.0    13.6
         cabinetry n=10.7   19.8
    cabinetry_post n=7.0    12.5
    cabinetry_post n=3.8    8.2
    cabinetry_post n=7.0    12.5
    cabinetry_post n=10.2   18.1
            normal n=7.0    13.5
            normal n=3.3    8.6
            normal n=7.0    13.6
            normal n=10.7   19.8
        normal_log n=7.0    12.8
        normal_log n=3.5    8.0
        normal_log n=7.5    13.6
        normal_log n=11.5   20.6
             delta n=7.0    11.2
             delta n=4.4    7.7
             delta n=7.0    11.2
             delta n=9.7    16.0
          linspace n=7.0    13.4
          linspace n=2.8    7.9
          linspace n=7.9    14.8
          linspace n=13.0   23.7
          mcmc_mix n=7.0    13.5
          mcmc_mix n=3.4    8.6
          mcmc_mix n=7.2    13.7
          mcmc_mix n=11.0   20.1
            signal n=obs    13.2
str_src_31_81
         cabinetry n=9.0    18.2
         cabinetry n=2.4    7.7
         cabinetry n=5.7    12.4
         cabinetry n=9.0    18.2
    cabinetry_post n=9.0    15.5
    cabinetry_post n=4.0    8.2
    cabinetry_post n=7.2    12.5
    cabinetry_post n=10.4   18.0
            normal n=9.0    18.2
            normal n=2.4    7.7
            normal n=5.7    12.4
            normal n=9.0    18.2
        normal_log n=9.0    17.7
        normal_log n=2.5    7.2
        normal_log n=6.1    12.6
        normal_log n=9.8    19.2
             delta n=9.0    17.1
             delta n=3.2    7.2
             delta n=5.6    10.4
             delta n=8.0    14.8
          linspace n=9.0    17.8
          linspace n=1.5    6.4
          linspace n=7.7    15.5
          linspace n=13.9   26.7
          mcmc_mix n=9.0    18.3
          mcmc_mix n=2.3    7.6
          mcmc_mix n=5.7    12.4
          mcmc_mix n=9.0    18.2
            signal n=obs    17.8
str_src_81
         cabinetry n=27.0   26.6
         cabinetry n=17.5   15.7
         cabinetry n=24.5   23.2
         cabinetry n=31.4   33.2
    cabinetry_post n=27.0   23.6
    cabinetry_post n=19.4   15.1
    cabinetry_post n=25.9   22.1
    cabinetry_post n=32.4   31.6
            normal n=27.0   26.9
            normal n=17.4   15.9
            normal n=24.5   23.5
            normal n=31.5   33.6
        normal_log n=27.0   25.5
        normal_log n=17.8   14.6
        normal_log n=25.0   22.8
        normal_log n=32.2   33.4
             delta n=27.0   21.6
             delta n=19.5   12.6
             delta n=24.5   18.0
             delta n=29.4   25.5
          linspace n=27.0   24.1
          linspace n=21.0   17.2
          linspace n=42.9   45.0
          linspace n=64.9   73.0
          mcmc_mix n=27.0   25.1
          mcmc_mix n=17.5   13.9
          mcmc_mix n=25.4   22.8
          mcmc_mix n=33.3   34.8
            signal n=obs    24.9
str_srhigh_12_301
         cabinetry n=18.0   14.8
         cabinetry n=19.0   15.7
         cabinetry n=25.9   23.1
         cabinetry n=32.8   33.0
    cabinetry_post n=18.0   15.0
    cabinetry_post n=16.4   13.5
    cabinetry_post n=22.2   19.8
    cabinetry_post n=27.9   28.3
            normal n=18.0   14.8
            normal n=19.0   15.7
            normal n=25.9   23.1
            normal n=32.8   33.0
        normal_log n=18.0   13.6
        normal_log n=19.3   14.8
        normal_log n=26.3   22.6
        normal_log n=33.3   32.8
             delta n=18.0   10.7
             delta n=20.8   12.9
             delta n=25.9   18.4
             delta n=31.0   26.1
          linspace n=18.0   14.0
          linspace n=19.5   15.3
          linspace n=26.5   23.0
          linspace n=33.5   33.2
          mcmc_mix n=18.0   14.1
          mcmc_mix n=19.3   15.3
          mcmc_mix n=26.3   23.0
          mcmc_mix n=33.4   33.2
            signal n=obs    13.9
str_srhigh_301
         cabinetry n=1.0    6.3
         cabinetry n=0.4    5.2
         cabinetry n=2.2    8.5
         cabinetry n=4.0    12.4
    cabinetry_post n=1.0    6.4
    cabinetry_post n=0.1    4.8
    cabinetry_post n=1.7    7.8
    cabinetry_post n=3.2    11.4
            normal n=1.0    6.3
            normal n=0.4    5.2
            normal n=2.2    8.5
            normal n=4.0    12.4
        normal_log n=1.0    6.1
        normal_log n=0.3    5.0
        normal_log n=2.4    8.9
        normal_log n=4.5    13.5
             delta n=1.0    5.8
             delta n=0.6    5.3
             delta n=2.1    7.7
             delta n=3.5    11.0
          linspace n=1.0    6.2
          linspace n=0.3    5.0
          linspace n=2.8    9.6
          linspace n=5.3    14.9
          mcmc_mix n=1.0    6.3
          mcmc_mix n=0.4    5.2
          mcmc_mix n=2.3    8.7
          mcmc_mix n=4.2    12.7
            signal n=obs    6.2
str_srlow_101_201
         cabinetry n=13.0   17.9
         cabinetry n=7.1    10.4
         cabinetry n=11.4   15.6
         cabinetry n=15.8   22.5
    cabinetry_post n=13.0   16.5
    cabinetry_post n=7.9    10.2
    cabinetry_post n=12.0   15.1
    cabinetry_post n=16.2   21.8
            normal n=13.0   17.9
            normal n=7.1    10.3
            normal n=11.4   15.6
            normal n=15.7   22.5
        normal_log n=13.0   17.3
        normal_log n=7.3    9.9
        normal_log n=11.7   15.4
        normal_log n=16.2   22.6
             delta n=13.0   15.8
             delta n=8.0    9.3
             delta n=11.4   13.3
             delta n=14.8   19.0
          linspace n=13.0   17.2
          linspace n=5.4    8.4
          linspace n=17.5   24.0
          linspace n=29.6   42.8
          mcmc_mix n=13.0   15.8
          mcmc_mix n=8.5    10.9
          mcmc_mix n=22.1   28.4
          mcmc_mix n=35.7   48.3
            signal n=obs    17.3
str_srlow_101_301
         cabinetry n=20.0   26.8
         cabinetry n=9.1    11.5
         cabinetry n=14.0   17.3
         cabinetry n=18.9   24.9
    cabinetry_post n=20.0   23.1
    cabinetry_post n=11.4   12.3
    cabinetry_post n=16.7   18.3
    cabinetry_post n=21.9   26.3
            normal n=20.0   26.8
            normal n=9.1    11.5
            normal n=14.0   17.3
            normal n=18.9   24.8
        normal_log n=20.0   26.0
        normal_log n=9.4    10.9
        normal_log n=14.4   17.0
        normal_log n=19.4   24.9
             delta n=20.0   25.0
             delta n=10.3   10.1
             delta n=14.0   14.4
             delta n=17.7   20.5
          linspace n=20.0   25.4
          linspace n=7.6    9.7
          linspace n=20.0   25.3
          linspace n=32.4   44.4
          mcmc_mix n=20.0   25.1
          mcmc_mix n=9.1    11.8
          mcmc_mix n=23.2   29.6
          mcmc_mix n=37.2   50.0
            signal n=obs    26.0
str_srlow_12_81
         cabinetry n=18.0   20.7
         cabinetry n=11.0   12.3
         cabinetry n=16.3   18.4
         cabinetry n=21.6   26.4
    cabinetry_post n=18.0   18.8
    cabinetry_post n=12.1   11.8
    cabinetry_post n=17.0   17.4
    cabinetry_post n=21.9   24.9
            normal n=18.0   20.7
            normal n=11.0   12.3
            normal n=16.3   18.4
            normal n=21.6   26.4
        normal_log n=18.0   20.0
        normal_log n=11.3   11.7
        normal_log n=16.7   18.1
        normal_log n=22.1   26.5
             delta n=18.0   17.7
             delta n=12.3   10.7
             delta n=16.3   15.3
             delta n=20.4   21.7
          linspace n=18.0   20.3
          linspace n=11.3   12.2
          linspace n=16.6   18.4
          linspace n=21.9   26.5
          mcmc_mix n=18.0   20.8
          mcmc_mix n=10.9   12.0
          mcmc_mix n=16.1   18.1
          mcmc_mix n=21.4   26.2
            signal n=obs    20.1
str_srlow_301
         cabinetry n=6.0    14.7
         cabinetry n=1.2    6.3
         cabinetry n=3.8    10.5
         cabinetry n=6.3    15.3
    cabinetry_post n=6.0    13.0
    cabinetry_post n=2.1    6.9
    cabinetry_post n=4.7    10.7
    cabinetry_post n=7.3    15.5
            normal n=6.0    14.7
            normal n=1.2    6.3
            normal n=3.8    10.5
            normal n=6.3    15.4
        normal_log n=6.0    14.4
        normal_log n=1.2    6.0
        normal_log n=4.1    10.8
        normal_log n=7.1    16.6
             delta n=6.0    13.9
             delta n=1.7    6.2
             delta n=3.7    9.1
             delta n=5.6    12.9
          linspace n=6.0    14.4
          linspace n=1.3    6.4
          linspace n=4.1    11.0
          linspace n=7.0    16.3
          mcmc_mix n=6.0    12.9
          mcmc_mix n=2.7    8.3
          mcmc_mix n=7.2    14.7
          mcmc_mix n=11.7   22.2
            signal n=obs    14.4
str_srmed_101
         cabinetry n=27.0   26.2
         cabinetry n=18.5   17.0
         cabinetry n=26.1   25.1
         cabinetry n=33.8   35.9
    cabinetry_post n=27.0   22.3
    cabinetry_post n=20.2   14.9
    cabinetry_post n=26.6   21.8
    cabinetry_post n=33.0   31.1
            normal n=27.0   26.3
            normal n=18.5   17.1
            normal n=26.1   25.2
            normal n=33.8   36.0
        normal_log n=27.0   24.6
        normal_log n=18.9   15.3
        normal_log n=26.8   24.2
        normal_log n=34.6   35.5
             delta n=27.0   19.6
             delta n=21.0   13.0
             delta n=26.1   18.5
             delta n=31.2   26.2
          linspace n=27.0   24.9
          linspace n=19.0   16.2
          linspace n=28.6   26.9
          linspace n=38.1   40.8
          mcmc_mix n=27.0   25.1
          mcmc_mix n=19.1   16.6
          mcmc_mix n=27.1   25.3
          mcmc_mix n=35.2   36.8
            signal n=obs    24.8
str_srmed_12_101
         cabinetry n=38.0   21.6
         cabinetry n=38.2   21.7
         cabinetry n=47.9   31.4
         cabinetry n=57.6   44.6
    cabinetry_post n=38.0   21.2
    cabinetry_post n=34.9   18.4
    cabinetry_post n=42.9   26.6
    cabinetry_post n=50.9   37.8
            normal n=38.0   21.6
            normal n=38.1   21.7
            normal n=47.9   31.5
            normal n=57.6   44.7
        normal_log n=38.0   19.9
        normal_log n=38.5   20.4
        normal_log n=48.4   30.7
        normal_log n=58.2   44.1
             delta n=38.0   14.6
             delta n=40.9   16.8
             delta n=47.9   23.9
             delta n=54.8   33.7
          linspace n=38.0   20.3
          linspace n=38.8   21.0
          linspace n=48.7   31.2
          linspace n=58.6   44.7
          mcmc_mix n=38.0   20.2
          mcmc_mix n=38.5   20.6
          mcmc_mix n=48.3   30.7
          mcmc_mix n=58.0   44.1
            signal n=obs    20.3
str_srzhigh
         cabinetry n=3.0    7.9
         cabinetry n=2.7    7.6
         cabinetry n=5.7    11.7
         cabinetry n=8.6    17.0
    cabinetry_post n=3.0    8.0
    cabinetry_post n=2.1    6.8
    cabinetry_post n=4.5    10.3
    cabinetry_post n=6.9    14.9
            normal n=3.0    8.0
            normal n=2.7    7.6
            normal n=5.7    11.8
            normal n=8.7    17.2
        normal_log n=3.0    7.6
        normal_log n=2.8    7.3
        normal_log n=6.0    11.9
        normal_log n=9.1    17.6
             delta n=3.0    6.9
             delta n=3.3    7.2
             delta n=5.7    10.4
             delta n=8.0    14.9
          linspace n=3.0    7.5
          linspace n=2.9    7.5
          linspace n=6.1    11.9
          linspace n=9.2    17.5
          mcmc_mix n=3.0    7.6
          mcmc_mix n=2.6    7.2
          mcmc_mix n=5.5    11.4
          mcmc_mix n=8.4    16.7
            signal n=obs    7.7
str_srzlow
         cabinetry n=35.0   31.6
         cabinetry n=22.6   17.2
         cabinetry n=30.2   25.2
         cabinetry n=37.9   36.0
    cabinetry_post n=35.0   26.8
    cabinetry_post n=25.6   16.2
    cabinetry_post n=32.5   23.5
    cabinetry_post n=39.5   33.5
            normal n=35.0   31.7
            normal n=22.6   17.3
            normal n=30.2   25.3
            normal n=37.9   36.1
        normal_log n=35.0   30.5
        normal_log n=22.9   16.1
        normal_log n=30.7   24.7
        normal_log n=38.5   35.8
             delta n=35.0   26.6
             delta n=24.7   13.8
             delta n=30.2   19.6
             delta n=35.7   27.8
          linspace n=35.0   30.3
          linspace n=23.3   16.5
          linspace n=31.0   24.9
          linspace n=38.8   36.0
          mcmc_mix n=35.0   30.2
          mcmc_mix n=23.3   16.3
          mcmc_mix n=31.0   24.8
          mcmc_mix n=38.8   35.9
            signal n=obs    30.6
str_srzmed
         cabinetry n=15.0   17.2
         cabinetry n=10.3   11.7
         cabinetry n=15.2   17.5
         cabinetry n=20.2   25.1
    cabinetry_post n=15.0   16.3
    cabinetry_post n=10.6   11.2
    cabinetry_post n=15.1   16.5
    cabinetry_post n=19.7   23.6
            normal n=15.0   17.2
            normal n=10.2   11.7
            normal n=15.2   17.5
            normal n=20.2   25.2
        normal_log n=15.0   16.6
        normal_log n=10.5   11.3
        normal_log n=15.5   17.3
        normal_log n=20.6   25.2
             delta n=15.0   14.6
             delta n=11.3   10.4
             delta n=15.2   14.9
             delta n=19.1   21.2
          linspace n=15.0   16.1
          linspace n=11.0   11.5
          linspace n=16.2   17.7
          linspace n=21.4   25.9
          mcmc_mix n=15.0   16.2
          mcmc_mix n=10.8   11.3
          mcmc_mix n=15.8   17.3
          mcmc_mix n=20.8   25.1
            signal n=obs    16.4

real	3m51.356s
user	3m51.790s
sys	0m1.552s
