SRFR_90_110_all
         cabinetry n=2.0    8.2
         cabinetry n=0.3    4.9
         cabinetry n=1.6    7.3
         cabinetry n=2.9    10.4
    cabinetry_post n=2.0    8.2
    cabinetry_post n=0.3    4.9
    cabinetry_post n=1.6    7.3
    cabinetry_post n=2.9    10.4
            normal n=2.0    8.2
            normal n=0.3    4.9
            normal n=1.6    7.3
            normal n=2.9    10.4
        normal_log n=2.0    8.2
        normal_log n=0.3    4.9
        normal_log n=1.6    7.3
        normal_log n=2.9    10.4
             delta n=2.0    8.1
             delta n=0.3    5.0
             delta n=1.6    7.2
             delta n=2.8    10.2
          linspace n=2.0    8.2
          linspace n=0.3    4.9
          linspace n=1.7    7.5
          linspace n=3.1    10.8
          mcmc_mix n=2.0    8.8
          mcmc_mix n=0.1    4.6
          mcmc_mix n=1.3    7.0
          mcmc_mix n=2.5    10.0
            signal n=obs    8.2
SRFR_110_130_all
         cabinetry n=5.0    9.6
         cabinetry n=3.3    7.4
         cabinetry n=5.9    11.0
         cabinetry n=8.6    15.8
    cabinetry_post n=5.0    9.6
    cabinetry_post n=3.3    7.3
    cabinetry_post n=5.8    10.8
    cabinetry_post n=8.4    15.6
            normal n=5.0    9.5
            normal n=3.3    7.4
            normal n=5.9    11.0
            normal n=8.6    15.8
        normal_log n=5.0    9.5
        normal_log n=3.4    7.4
        normal_log n=6.0    11.0
        normal_log n=8.7    15.9
             delta n=5.0    9.2
             delta n=3.5    7.3
             delta n=5.9    10.6
             delta n=8.4    15.1
          linspace n=5.0    9.3
          linspace n=3.6    7.6
          linspace n=6.4    11.3
          linspace n=9.1    16.4
          mcmc_mix n=5.0    9.8
          mcmc_mix n=3.1    7.3
          mcmc_mix n=5.7    10.9
          mcmc_mix n=8.3    15.7
            signal n=obs    9.4
SRFR_130_150_all
         cabinetry n=2.0    6.1
         cabinetry n=3.3    7.5
         cabinetry n=6.0    11.1
         cabinetry n=8.7    16.0
    cabinetry_post n=2.0    6.1
    cabinetry_post n=3.0    7.2
    cabinetry_post n=5.5    10.6
    cabinetry_post n=8.0    15.2
            normal n=2.0    6.1
            normal n=3.3    7.5
            normal n=6.0    11.1
            normal n=8.7    16.0
        normal_log n=2.0    6.0
        normal_log n=3.4    7.4
        normal_log n=6.1    11.1
        normal_log n=8.8    16.1
             delta n=2.0    5.9
             delta n=3.6    7.3
             delta n=6.0    10.6
             delta n=8.5    15.2
          linspace n=2.0    5.9
          linspace n=3.9    7.8
          linspace n=6.9    11.9
          linspace n=9.9    17.2
          mcmc_mix n=2.0    5.8
          mcmc_mix n=4.2    7.9
          mcmc_mix n=7.1    11.8
          mcmc_mix n=10.1   17.0
            signal n=obs    6.0
SRFR_150_170_all
         cabinetry n=12.0   23.2
         cabinetry n=3.5    7.5
         cabinetry n=6.1    11.1
         cabinetry n=8.8    16.0
    cabinetry_post n=12.0   21.1
    cabinetry_post n=4.2    7.9
    cabinetry_post n=7.1    11.7
    cabinetry_post n=10.0   16.9
            normal n=12.0   23.2
            normal n=3.5    7.5
            normal n=6.1    11.1
            normal n=8.8    15.9
        normal_log n=12.0   23.0
        normal_log n=3.5    7.5
        normal_log n=6.2    11.1
        normal_log n=8.9    16.0
             delta n=12.0   23.3
             delta n=3.7    7.4
             delta n=6.1    10.7
             delta n=8.6    15.3
          linspace n=12.0   22.3
          linspace n=3.8    7.6
          linspace n=6.5    11.4
          linspace n=9.3    16.4
          mcmc_mix n=12.0   20.9
          mcmc_mix n=4.3    7.9
          mcmc_mix n=7.2    11.8
          mcmc_mix n=10.1   17.0
            signal n=obs    22.9
SRFR_170_190_all
         cabinetry n=5.0    10.8
         cabinetry n=2.3    6.7
         cabinetry n=4.5    10.0
         cabinetry n=6.8    14.3
    cabinetry_post n=5.0    10.7
    cabinetry_post n=2.3    6.7
    cabinetry_post n=4.6    10.0
    cabinetry_post n=6.9    14.3
            normal n=5.0    10.8
            normal n=2.3    6.7
            normal n=4.5    10.0
            normal n=6.8    14.3
        normal_log n=5.0    10.7
        normal_log n=2.3    6.7
        normal_log n=4.6    10.0
        normal_log n=6.9    14.4
             delta n=5.0    10.5
             delta n=2.4    6.7
             delta n=4.5    9.7
             delta n=6.7    13.8
          linspace n=5.0    10.4
          linspace n=2.5    6.8
          linspace n=4.9    10.2
          linspace n=7.2    14.8
          mcmc_mix n=5.0    9.8
          mcmc_mix n=3.1    7.2
          mcmc_mix n=5.6    10.8
          mcmc_mix n=8.2    15.5
            signal n=obs    10.6
SRFR_190_210_all
         cabinetry n=4.0    10.2
         cabinetry n=1.5    6.1
         cabinetry n=3.4    9.1
         cabinetry n=5.4    13.1
    cabinetry_post n=4.0    10.1
    cabinetry_post n=1.5    6.1
    cabinetry_post n=3.5    9.1
    cabinetry_post n=5.5    13.1
            normal n=4.0    10.2
            normal n=1.5    6.1
            normal n=3.4    9.1
            normal n=5.4    13.0
        normal_log n=4.0    10.1
        normal_log n=1.5    6.1
        normal_log n=3.5    9.1
        normal_log n=5.5    13.1
             delta n=4.0    9.9
             delta n=1.6    6.1
             delta n=3.4    8.9
             delta n=5.3    12.7
          linspace n=4.0    9.9
          linspace n=1.6    6.2
          linspace n=3.7    9.3
          linspace n=5.7    13.4
          mcmc_mix n=4.0    9.5
          mcmc_mix n=1.9    6.4
          mcmc_mix n=4.0    9.6
          mcmc_mix n=6.2    13.8
            signal n=obs    10.1
SRFR_210_230_all
         cabinetry n=2.0    8.0
         cabinetry n=0.6    5.6
         cabinetry n=2.8    9.3
         cabinetry n=4.9    13.7
    cabinetry_post n=2.0    7.8
    cabinetry_post n=0.6    5.4
    cabinetry_post n=2.4    8.5
    cabinetry_post n=4.2    12.4
            normal n=2.0    8.0
            normal n=0.6    5.6
            normal n=2.7    9.3
            normal n=4.9    13.7
        normal_log n=2.0    7.8
        normal_log n=0.5    5.3
        normal_log n=3.1    9.8
        normal_log n=5.6    15.1
             delta n=2.0    7.1
             delta n=1.0    5.6
             delta n=2.6    8.2
             delta n=4.2    11.7
          linspace n=2.0    7.3
          linspace n=0.2    4.7
          linspace n=6.3    14.7
          linspace n=12.4   25.7
          mcmc_mix n=2.0    7.6
          mcmc_mix n=0.5    5.1
          mcmc_mix n=3.0    9.4
          mcmc_mix n=5.5    14.9
            signal n=obs    7.6
SRFR_230_250_all
         cabinetry n=2.0    7.9
         cabinetry n=0.4    5.1
         cabinetry n=1.8    7.6
         cabinetry n=3.2    10.8
    cabinetry_post n=2.0    7.9
    cabinetry_post n=0.5    5.1
    cabinetry_post n=1.8    7.6
    cabinetry_post n=3.2    10.8
            normal n=2.0    7.9
            normal n=0.4    5.1
            normal n=1.8    7.6
            normal n=3.2    10.8
        normal_log n=2.0    7.9
        normal_log n=0.5    5.1
        normal_log n=1.9    7.6
        normal_log n=3.3    10.8
             delta n=2.0    7.8
             delta n=0.5    5.1
             delta n=1.8    7.5
             delta n=3.2    10.6
          linspace n=2.0    7.8
          linspace n=0.5    5.2
          linspace n=1.9    7.7
          linspace n=3.4    10.9
          mcmc_mix n=2.0    7.6
          mcmc_mix n=0.7    5.3
          mcmc_mix n=2.2    7.9
          mcmc_mix n=3.7    11.3
            signal n=obs    7.9
SRFR_250_270_all
         cabinetry n=1.0    6.3
         cabinetry n=0.1    4.7
         cabinetry n=1.2    6.9
         cabinetry n=2.4    9.7
    cabinetry_post n=1.0    6.3
    cabinetry_post n=0.1    4.7
    cabinetry_post n=1.2    6.9
    cabinetry_post n=2.4    9.7
            normal n=1.0    6.3
            normal n=0.1    4.7
            normal n=1.2    6.9
            normal n=2.4    9.7
        normal_log n=1.0    6.3
        normal_log n=0.1    4.7
        normal_log n=1.3    6.9
        normal_log n=2.4    9.8
             delta n=1.0    6.3
             delta n=0.1    4.7
             delta n=1.2    6.8
             delta n=2.4    9.6
          linspace n=1.0    6.3
          linspace n=0.2    4.8
          linspace n=1.4    7.1
          linspace n=2.6    10.0
          mcmc_mix n=1.0    6.0
          mcmc_mix n=0.4    5.0
          mcmc_mix n=1.8    7.5
          mcmc_mix n=3.1    10.7
            signal n=obs    6.3
SRFR_270_300_all
         cabinetry n=0.0    4.5
         cabinetry n=0.0    4.6
         cabinetry n=1.2    6.8
         cabinetry n=2.3    9.7
    cabinetry_post n=0.0    4.5
    cabinetry_post n=0.0    4.5
    cabinetry_post n=1.1    6.7
    cabinetry_post n=2.2    9.5
            normal n=0.0    4.5
            normal n=0.0    4.6
            normal n=1.2    6.8
            normal n=2.3    9.7
        normal_log n=0.0    4.5
        normal_log n=0.1    4.6
        normal_log n=1.2    6.9
        normal_log n=2.4    9.8
             delta n=0.0    4.5
             delta n=0.1    4.6
             delta n=1.2    6.7
             delta n=2.3    9.5
          linspace n=0.0    4.5
          linspace n=0.1    4.7
          linspace n=1.6    7.6
          linspace n=3.1    !!!
          mcmc_mix n=0.0    4.5
          mcmc_mix n=0.3    5.0
          mcmc_mix n=1.8    7.7
          mcmc_mix n=3.3    !!!
            signal n=obs    4.5
SRFR_300_330_all
         cabinetry n=3.0    12.6
         cabinetry n=0.0    4.5
         cabinetry n=0.9    6.4
         cabinetry n=1.9    9.0
    cabinetry_post n=3.0    12.4
    cabinetry_post n=0.0    4.5
    cabinetry_post n=1.0    6.5
    cabinetry_post n=1.9    9.1
            normal n=3.0    12.6
            normal n=0.0    4.5
            normal n=0.9    6.4
            normal n=1.9    9.0
        normal_log n=3.0    12.6
        normal_log n=0.0    4.5
        normal_log n=0.9    6.4
        normal_log n=1.9    9.0
             delta n=3.0    12.7
             delta n=0.0    4.5
             delta n=0.9    6.4
             delta n=1.8    8.9
          linspace n=3.0    12.4
          linspace n=0.0    4.5
          linspace n=1.0    6.5
          linspace n=2.0    9.1
          mcmc_mix n=3.0    12.4
          mcmc_mix n=0.0    4.5
          mcmc_mix n=1.0    6.5
          mcmc_mix n=2.0    9.1
            signal n=obs    12.6
SRFR_330_360_all
         cabinetry n=2.0    10.6
         cabinetry n=0.0    4.5
         cabinetry n=0.5    5.9
         cabinetry n=1.3    8.1
    cabinetry_post n=2.0    10.1
    cabinetry_post n=0.0    4.5
    cabinetry_post n=0.7    6.1
    cabinetry_post n=1.5    8.5
            normal n=2.0    10.6
            normal n=0.0    4.5
            normal n=0.5    5.9
            normal n=1.3    8.1
        normal_log n=2.0    10.5
        normal_log n=0.0    4.5
        normal_log n=0.6    5.9
        normal_log n=1.3    8.2
             delta n=2.0    10.6
             delta n=0.0    4.5
             delta n=0.5    5.8
             delta n=1.2    8.0
          linspace n=2.0    10.0
          linspace n=0.0    4.5
          linspace n=0.7    6.2
          linspace n=1.6    8.8
          mcmc_mix n=2.0    9.3
          mcmc_mix n=0.0    4.5
          mcmc_mix n=1.0    6.6
          mcmc_mix n=2.0    9.4
            signal n=obs    10.4
SRFR_360_400_all
         cabinetry n=1.0    7.3
         cabinetry n=0.0    4.5
         cabinetry n=0.5    5.8
         cabinetry n=1.2    8.1
    cabinetry_post n=1.0    7.2
    cabinetry_post n=0.0    4.5
    cabinetry_post n=0.6    6.0
    cabinetry_post n=1.4    8.3
            normal n=1.0    7.3
            normal n=0.0    4.5
            normal n=0.5    5.8
            normal n=1.2    8.1
        normal_log n=1.0    7.3
        normal_log n=0.0    4.5
        normal_log n=0.5    5.9
        normal_log n=1.3    8.2
             delta n=1.0    7.2
             delta n=0.0    4.5
             delta n=0.5    5.8
             delta n=1.2    7.9
          linspace n=1.0    6.8
          linspace n=0.0    4.5
          linspace n=1.1    7.0
          linspace n=2.3    10.3
          mcmc_mix n=1.0    6.9
          mcmc_mix n=0.0    4.5
          mcmc_mix n=0.8    6.4
          mcmc_mix n=1.8    9.3
            signal n=obs    7.2
SRFR_400_440_all
         cabinetry n=0.0    4.5
         cabinetry n=0.0    4.5
         cabinetry n=0.3    5.3
         cabinetry n=0.8    7.2
    cabinetry_post n=0.0    4.5
    cabinetry_post n=0.0    4.5
    cabinetry_post n=0.3    5.3
    cabinetry_post n=0.8    7.2
            normal n=0.0    4.5
            normal n=0.0    4.5
            normal n=0.3    5.3
            normal n=0.8    7.2
        normal_log n=0.0    4.5
        normal_log n=0.0    4.5
        normal_log n=0.3    5.4
        normal_log n=0.8    7.3
             delta n=0.0    4.5
             delta n=0.0    4.5
             delta n=0.3    5.3
             delta n=0.8    7.1
          linspace n=0.0    4.5
          linspace n=0.0    4.5
          linspace n=0.3    5.5
          linspace n=0.9    7.4
          mcmc_mix n=0.0    4.5
          mcmc_mix n=0.0    4.5
          mcmc_mix n=0.3    5.5
          mcmc_mix n=0.9    7.4
            signal n=obs    4.5
SRFR_440_580_all
         cabinetry n=1.0    7.9
         cabinetry n=0.0    4.5
         cabinetry n=0.3    5.5
         cabinetry n=0.9    7.4
    cabinetry_post n=1.0    7.4
    cabinetry_post n=0.0    4.5
    cabinetry_post n=0.5    5.9
    cabinetry_post n=1.3    8.3
            normal n=1.0    7.9
            normal n=0.0    4.5
            normal n=0.3    5.5
            normal n=0.9    7.4
        normal_log n=1.0    7.8
        normal_log n=0.0    4.5
        normal_log n=0.3    5.6
        normal_log n=1.0    7.7
             delta n=1.0    7.8
             delta n=0.0    4.5
             delta n=0.3    5.4
             delta n=0.8    7.2
          linspace n=1.0    7.0
          linspace n=0.0    4.5
          linspace n=0.9    6.8
          linspace n=2.1    10.1
          mcmc_mix n=1.0    7.2
          mcmc_mix n=0.0    4.5
          mcmc_mix n=0.6    6.2
          mcmc_mix n=1.6    9.0
            signal n=obs    7.7
SRFR_580_inf_all
         cabinetry n=0.0    4.5
         cabinetry n=0.0    4.5
         cabinetry n=0.2    5.1
         cabinetry n=0.6    6.8
    cabinetry_post n=0.0    4.5
    cabinetry_post n=0.0    4.5
    cabinetry_post n=0.1    5.0
    cabinetry_post n=0.5    6.5
            normal n=0.0    4.5
            normal n=0.0    4.5
            normal n=0.2    5.1
            normal n=0.6    6.8
        normal_log n=0.0    4.5
        normal_log n=0.0    4.5
        normal_log n=1.2    9.3
        normal_log n=6.5    22.1
             delta n=0.0    4.5
             delta n=0.0    4.5
             delta n=0.1    4.8
             delta n=0.3    6.0
          linspace n=0.0    4.5
          linspace n=0.0    4.5
          linspace n=0.7    6.7
          linspace n=1.9    10.1
          mcmc_mix n=0.0    4.5
          mcmc_mix n=0.0    4.5
          mcmc_mix n=0.5    6.2
          mcmc_mix n=1.4    9.1
            signal n=obs    4.5
SR4l_90_110_all
         cabinetry n=9.0    16.4
         cabinetry n=3.5    7.4
         cabinetry n=6.1    10.9
         cabinetry n=8.6    15.6
    cabinetry_post n=9.0    15.9
    cabinetry_post n=3.7    7.5
    cabinetry_post n=6.3    11.1
    cabinetry_post n=9.0    15.9
            normal n=9.0    16.4
            normal n=3.5    7.4
            normal n=6.1    10.9
            normal n=8.6    15.6
        normal_log n=9.0    16.3
        normal_log n=3.5    7.4
        normal_log n=6.1    10.9
        normal_log n=8.7    15.6
             delta n=9.0    16.2
             delta n=3.6    7.4
             delta n=6.1    10.6
             delta n=8.5    15.2
          linspace n=9.0    16.0
          linspace n=3.7    7.5
          linspace n=6.3    11.2
          linspace n=9.0    16.1
          mcmc_mix n=9.0    15.9
          mcmc_mix n=3.7    7.5
          mcmc_mix n=6.4    11.1
          mcmc_mix n=9.0    16.0
            signal n=obs    16.3
SR4l_110_130_all
         cabinetry n=22.0   26.7
         cabinetry n=11.3   10.7
         cabinetry n=15.5   15.5
         cabinetry n=19.6   22.1
    cabinetry_post n=22.0   25.5
    cabinetry_post n=11.9   10.9
    cabinetry_post n=16.1   15.8
    cabinetry_post n=20.4   22.5
            normal n=22.0   26.7
            normal n=11.3   10.7
            normal n=15.5   15.5
            normal n=19.6   22.1
        normal_log n=22.0   26.6
        normal_log n=11.4   10.7
        normal_log n=15.5   15.5
        normal_log n=19.7   22.1
             delta n=22.0   26.4
             delta n=11.5   10.5
             delta n=15.5   15.0
             delta n=19.4   21.3
          linspace n=22.0   26.2
          linspace n=11.5   10.8
          linspace n=15.8   15.7
          linspace n=20.0   22.4
          mcmc_mix n=22.0   25.3
          mcmc_mix n=12.0   10.9
          mcmc_mix n=16.3   15.9
          mcmc_mix n=20.6   22.7
            signal n=obs    26.5
SR4l_130_150_all
         cabinetry n=15.0   20.4
         cabinetry n=7.5    9.3
         cabinetry n=10.9   13.4
         cabinetry n=14.4   19.2
    cabinetry_post n=15.0   19.9
    cabinetry_post n=7.8    9.4
    cabinetry_post n=11.3   13.6
    cabinetry_post n=14.8   19.4
            normal n=15.0   20.4
            normal n=7.5    9.3
            normal n=10.9   13.4
            normal n=14.4   19.2
        normal_log n=15.0   20.3
        normal_log n=7.5    9.3
        normal_log n=11.0   13.4
        normal_log n=14.4   19.2
             delta n=15.0   20.2
             delta n=7.6    9.1
             delta n=10.9   13.1
             delta n=14.3   18.7
          linspace n=15.0   20.0
          linspace n=7.7    9.3
          linspace n=11.2   13.7
          linspace n=14.8   19.6
          mcmc_mix n=15.0   18.7
          mcmc_mix n=8.5    9.7
          mcmc_mix n=12.2   14.1
          mcmc_mix n=15.9   20.2
            signal n=obs    20.3
SR4l_150_170_all
         cabinetry n=10.0   15.5
         cabinetry n=5.0    8.2
         cabinetry n=7.9    11.9
         cabinetry n=10.8   17.0
    cabinetry_post n=10.0   15.2
    cabinetry_post n=5.1    8.2
    cabinetry_post n=8.0    12.0
    cabinetry_post n=11.0   17.1
            normal n=10.0   15.5
            normal n=5.0    8.2
            normal n=7.9    11.9
            normal n=10.8   17.0
        normal_log n=10.0   15.4
        normal_log n=5.0    8.2
        normal_log n=7.9    11.9
        normal_log n=10.9   17.1
             delta n=10.0   15.3
             delta n=5.1    8.1
             delta n=7.9    11.7
             delta n=10.7   16.6
          linspace n=10.0   15.3
          linspace n=5.1    8.2
          linspace n=8.0    12.0
          linspace n=11.0   17.2
          mcmc_mix n=10.0   14.3
          mcmc_mix n=5.7    8.5
          mcmc_mix n=8.9    12.5
          mcmc_mix n=12.0   17.9
            signal n=obs    15.4
SR4l_170_190_all
         cabinetry n=12.0   24.0
         cabinetry n=3.4    7.3
         cabinetry n=5.9    10.7
         cabinetry n=8.4    15.3
    cabinetry_post n=12.0   21.3
    cabinetry_post n=4.1    8.0
    cabinetry_post n=7.1    12.0
    cabinetry_post n=10.1   17.2
            normal n=12.0   24.0
            normal n=3.4    7.3
            normal n=5.9    10.7
            normal n=8.3    15.3
        normal_log n=12.0   23.9
        normal_log n=3.4    7.3
        normal_log n=5.9    10.7
        normal_log n=8.4    15.3
             delta n=12.0   24.1
             delta n=3.4    7.3
             delta n=5.9    10.5
             delta n=8.3    15.0
          linspace n=12.0   23.0
          linspace n=3.5    7.5
          linspace n=6.2    11.1
          linspace n=8.9    16.0
          mcmc_mix n=12.0   22.3
          mcmc_mix n=3.9    7.6
          mcmc_mix n=6.5    11.2
          mcmc_mix n=9.2    16.0
            signal n=obs    23.5
SR4l_190_210_all
         cabinetry n=7.0    14.2
         cabinetry n=2.5    6.9
         cabinetry n=4.9    10.2
         cabinetry n=7.2    14.6
    cabinetry_post n=7.0    13.8
    cabinetry_post n=2.7    7.0
    cabinetry_post n=5.1    10.3
    cabinetry_post n=7.5    14.8
            normal n=7.0    14.2
            normal n=2.5    6.9
            normal n=4.9    10.2
            normal n=7.2    14.6
        normal_log n=7.0    14.1
        normal_log n=2.6    6.9
        normal_log n=4.9    10.2
        normal_log n=7.3    14.6
             delta n=7.0    14.0
             delta n=2.7    6.8
             delta n=4.9    9.9
             delta n=7.1    14.1
          linspace n=7.0    13.8
          linspace n=2.7    7.0
          linspace n=5.2    10.4
          linspace n=7.6    15.1
          mcmc_mix n=7.0    13.5
          mcmc_mix n=2.9    7.1
          mcmc_mix n=5.3    10.5
          mcmc_mix n=7.8    15.2
            signal n=obs    14.1
SR4l_210_230_all
         cabinetry n=2.0    6.8
         cabinetry n=1.4    6.0
         cabinetry n=3.2    8.7
         cabinetry n=5.0    12.5
    cabinetry_post n=2.0    6.9
    cabinetry_post n=1.3    5.9
    cabinetry_post n=3.1    8.7
    cabinetry_post n=4.9    12.4
            normal n=2.0    6.8
            normal n=1.4    6.0
            normal n=3.2    8.7
            normal n=5.0    12.5
        normal_log n=2.0    6.8
        normal_log n=1.4    6.0
        normal_log n=3.2    8.8
        normal_log n=5.0    12.5
             delta n=2.0    6.8
             delta n=1.4    6.0
             delta n=3.2    8.7
             delta n=5.0    12.4
          linspace n=2.0    6.8
          linspace n=1.4    6.0
          linspace n=3.2    8.8
          linspace n=5.1    12.6
          mcmc_mix n=2.0    6.6
          mcmc_mix n=1.7    6.2
          mcmc_mix n=3.6    9.1
          mcmc_mix n=5.6    13.1
            signal n=obs    6.8
SR4l_230_250_all
         cabinetry n=2.0    7.4
         cabinetry n=0.8    5.5
         cabinetry n=2.4    8.0
         cabinetry n=3.9    11.5
    cabinetry_post n=2.0    7.4
    cabinetry_post n=0.8    5.5
    cabinetry_post n=2.4    8.0
    cabinetry_post n=3.9    11.4
            normal n=2.0    7.4
            normal n=0.8    5.5
            normal n=2.4    8.0
            normal n=3.9    11.5
        normal_log n=2.0    7.4
        normal_log n=0.8    5.5
        normal_log n=2.4    8.1
        normal_log n=3.9    11.5
             delta n=2.0    7.3
             delta n=0.8    5.5
             delta n=2.4    8.0
             delta n=3.9    11.4
          linspace n=2.0    7.3
          linspace n=0.9    5.5
          linspace n=2.5    8.2
          linspace n=4.1    11.7
          mcmc_mix n=2.0    7.1
          mcmc_mix n=1.0    5.7
          mcmc_mix n=2.7    8.4
          mcmc_mix n=4.4    12.0
            signal n=obs    7.3
SR4l_250_270_all
         cabinetry n=2.0    7.8
         cabinetry n=0.5    5.2
         cabinetry n=2.1    7.9
         cabinetry n=3.6    11.3
    cabinetry_post n=2.0    7.7
    cabinetry_post n=0.6    5.2
    cabinetry_post n=2.1    7.8
    cabinetry_post n=3.6    11.2
            normal n=2.0    7.8
            normal n=0.5    5.2
            normal n=2.1    7.9
            normal n=3.6    11.3
        normal_log n=2.0    7.7
        normal_log n=0.6    5.3
        normal_log n=2.1    7.9
        normal_log n=3.7    11.4
             delta n=2.0    7.6
             delta n=0.6    5.3
             delta n=2.1    7.7
             delta n=3.5    10.9
          linspace n=2.0    7.5
          linspace n=0.7    5.5
          linspace n=2.5    8.4
          linspace n=4.3    12.3
          mcmc_mix n=2.0    7.5
          mcmc_mix n=0.7    5.4
          mcmc_mix n=2.4    8.3
          mcmc_mix n=4.1    12.0
            signal n=obs    7.7
SR4l_270_300_all
         cabinetry n=2.0    7.8
         cabinetry n=0.5    5.2
         cabinetry n=1.9    7.6
         cabinetry n=3.3    10.7
    cabinetry_post n=2.0    7.8
    cabinetry_post n=0.5    5.2
    cabinetry_post n=1.9    7.6
    cabinetry_post n=3.3    10.8
            normal n=2.0    7.8
            normal n=0.5    5.2
            normal n=1.9    7.6
            normal n=3.3    10.7
        normal_log n=2.0    7.8
        normal_log n=0.5    5.2
        normal_log n=1.9    7.6
        normal_log n=3.3    10.8
             delta n=2.0    7.8
             delta n=0.5    5.2
             delta n=1.9    7.5
             delta n=3.3    10.7
          linspace n=2.0    7.8
          linspace n=0.5    5.2
          linspace n=1.9    7.6
          linspace n=3.4    10.8
          mcmc_mix n=2.0    7.5
          mcmc_mix n=0.7    5.3
          mcmc_mix n=2.2    7.8
          mcmc_mix n=3.6    11.2
            signal n=obs    7.8
SR4l_300_330_all
         cabinetry n=1.0    6.5
         cabinetry n=0.0    4.5
         cabinetry n=1.0    6.6
         cabinetry n=2.1    9.2
    cabinetry_post n=1.0    6.5
    cabinetry_post n=0.0    4.5
    cabinetry_post n=1.0    6.6
    cabinetry_post n=2.1    9.2
            normal n=1.0    6.5
            normal n=0.0    4.5
            normal n=1.0    6.6
            normal n=2.1    9.2
        normal_log n=1.0    6.5
        normal_log n=0.0    4.5
        normal_log n=1.0    6.6
        normal_log n=2.1    9.3
             delta n=1.0    6.5
             delta n=0.0    4.5
             delta n=1.0    6.6
             delta n=2.0    9.2
          linspace n=1.0    6.5
          linspace n=0.0    4.6
          linspace n=1.1    6.7
          linspace n=2.1    9.4
          mcmc_mix n=1.0    6.3
          mcmc_mix n=0.1    4.7
          mcmc_mix n=1.3    6.9
          mcmc_mix n=2.4    9.8
            signal n=obs    6.5
SR4l_330_360_all
         cabinetry n=1.0    6.7
         cabinetry n=0.0    4.5
         cabinetry n=0.9    6.4
         cabinetry n=1.8    9.0
    cabinetry_post n=1.0    6.7
    cabinetry_post n=0.0    4.5
    cabinetry_post n=0.9    6.4
    cabinetry_post n=1.8    9.0
            normal n=1.0    6.7
            normal n=0.0    4.5
            normal n=0.9    6.4
            normal n=1.8    9.0
        normal_log n=1.0    6.7
        normal_log n=0.0    4.5
        normal_log n=0.9    6.4
        normal_log n=1.9    9.0
             delta n=1.0    6.6
             delta n=0.0    4.5
             delta n=0.9    6.4
             delta n=1.8    8.9
          linspace n=1.0    6.4
          linspace n=0.0    4.6
          linspace n=1.4    7.3
          linspace n=2.8    10.8
          mcmc_mix n=1.0    6.4
          mcmc_mix n=0.0    4.5
          mcmc_mix n=1.2    7.0
          mcmc_mix n=2.5    10.1
            signal n=obs    6.7
SR4l_360_400_all
         cabinetry n=0.0    4.5
         cabinetry n=0.0    4.5
         cabinetry n=0.8    6.3
         cabinetry n=1.8    8.9
    cabinetry_post n=0.0    4.5
    cabinetry_post n=0.0    4.5
    cabinetry_post n=0.8    6.3
    cabinetry_post n=1.7    8.8
            normal n=0.0    4.5
            normal n=0.0    4.5
            normal n=0.8    6.3
            normal n=1.8    8.9
        normal_log n=0.0    4.5
        normal_log n=0.0    4.5
        normal_log n=0.9    6.4
        normal_log n=1.8    8.9
             delta n=0.0    4.5
             delta n=0.0    4.5
             delta n=0.8    6.3
             delta n=1.7    8.8
          linspace n=0.0    4.5
          linspace n=0.0    4.5
          linspace n=1.4    7.3
          linspace n=2.8    10.8
          mcmc_mix n=0.0    4.5
          mcmc_mix n=0.0    4.5
          mcmc_mix n=1.3    7.0
          mcmc_mix n=2.5    10.1
            signal n=obs    4.5
SR4l_400_440_all
         cabinetry n=1.0    7.0
         cabinetry n=0.0    4.5
         cabinetry n=0.6    6.0
         cabinetry n=1.5    8.4
    cabinetry_post n=1.0    7.0
    cabinetry_post n=0.0    4.5
    cabinetry_post n=0.7    6.1
    cabinetry_post n=1.5    8.5
            normal n=1.0    7.0
            normal n=0.0    4.5
            normal n=0.6    6.0
            normal n=1.5    8.4
        normal_log n=1.0    7.0
        normal_log n=0.0    4.5
        normal_log n=0.7    6.1
        normal_log n=1.5    8.5
             delta n=1.0    7.0
             delta n=0.0    4.5
             delta n=0.6    6.0
             delta n=1.4    8.3
          linspace n=1.0    6.6
          linspace n=0.0    4.5
          linspace n=1.2    7.1
          linspace n=2.5    10.5
          mcmc_mix n=1.0    6.6
          mcmc_mix n=0.0    4.5
          mcmc_mix n=1.0    6.7
          mcmc_mix n=2.1    9.7
            signal n=obs    7.0
SR4l_440_580_all
         cabinetry n=2.0    7.8
         cabinetry n=0.5    5.2
         cabinetry n=2.0    7.7
         cabinetry n=3.4    11.0
    cabinetry_post n=2.0    7.7
    cabinetry_post n=0.5    5.2
    cabinetry_post n=2.0    7.7
    cabinetry_post n=3.4    11.0
            normal n=2.0    7.8
            normal n=0.5    5.2
            normal n=2.0    7.7
            normal n=3.4    11.0
        normal_log n=2.0    7.7
        normal_log n=0.6    5.2
        normal_log n=2.0    7.8
        normal_log n=3.5    11.1
             delta n=2.0    7.7
             delta n=0.6    5.2
             delta n=2.0    7.6
             delta n=3.4    10.8
          linspace n=2.0    7.6
          linspace n=0.6    5.3
          linspace n=2.2    8.1
          linspace n=3.8    11.7
          mcmc_mix n=2.0    7.5
          mcmc_mix n=0.7    5.4
          mcmc_mix n=2.3    8.1
          mcmc_mix n=3.9    11.7
            signal n=obs    7.7
SR4l_580_inf_all
         cabinetry n=1.0    5.8
         cabinetry n=0.7    5.4
         cabinetry n=2.3    8.0
         cabinetry n=3.9    11.5
    cabinetry_post n=1.0    5.8
    cabinetry_post n=0.7    5.4
    cabinetry_post n=2.2    7.9
    cabinetry_post n=3.7    11.3
            normal n=1.0    5.8
            normal n=0.7    5.4
            normal n=2.3    8.1
            normal n=3.9    11.5
        normal_log n=1.0    5.8
        normal_log n=0.8    5.4
        normal_log n=2.3    8.1
        normal_log n=3.9    11.6
             delta n=1.0    5.8
             delta n=0.8    5.5
             delta n=2.3    7.9
             delta n=3.8    11.3
          linspace n=1.0    5.7
          linspace n=0.9    5.6
          linspace n=2.7    8.6
          linspace n=4.6    !!!
          mcmc_mix n=1.0    5.7
          mcmc_mix n=1.0    5.7
          mcmc_mix n=2.8    8.6
          mcmc_mix n=4.6    !!!
            signal n=obs    5.8
SR3l_90_110_all
         cabinetry n=0.0    4.5
         cabinetry n=0.0    4.5
         cabinetry n=1.1    6.7
         cabinetry n=2.1    9.4
    cabinetry_post n=0.0    4.5
    cabinetry_post n=0.0    4.5
    cabinetry_post n=1.1    6.6
    cabinetry_post n=2.1    9.3
            normal n=0.0    4.5
            normal n=0.0    4.5
            normal n=1.1    6.7
            normal n=2.1    9.4
        normal_log n=0.0    4.5
        normal_log n=0.0    4.6
        normal_log n=1.1    6.7
        normal_log n=2.2    9.4
             delta n=0.0    4.5
             delta n=0.0    4.6
             delta n=1.1    6.6
             delta n=2.1    9.3
          linspace n=0.0    4.5
          linspace n=0.0    4.6
          linspace n=1.1    6.7
          linspace n=2.2    9.5
          mcmc_mix n=0.0    4.5
          mcmc_mix n=0.1    4.7
          mcmc_mix n=1.2    6.9
          mcmc_mix n=2.4    9.7
            signal n=obs    4.5
SR3l_110_130_all
         cabinetry n=5.0    13.2
         cabinetry n=1.1    5.8
         cabinetry n=2.8    8.5
         cabinetry n=4.6    12.2
    cabinetry_post n=5.0    12.9
    cabinetry_post n=1.2    5.9
    cabinetry_post n=3.0    8.7
    cabinetry_post n=4.8    12.4
            normal n=5.0    13.2
            normal n=1.1    5.8
            normal n=2.8    8.5
            normal n=4.6    12.2
        normal_log n=5.0    13.2
        normal_log n=1.1    5.8
        normal_log n=2.9    8.5
        normal_log n=4.6    12.2
             delta n=5.0    13.2
             delta n=1.1    5.8
             delta n=2.8    8.4
             delta n=4.5    12.0
          linspace n=5.0    13.0
          linspace n=1.2    5.8
          linspace n=2.9    8.6
          linspace n=4.7    12.3
          mcmc_mix n=5.0    12.4
          mcmc_mix n=1.4    6.0
          mcmc_mix n=3.3    8.9
          mcmc_mix n=5.2    12.8
            signal n=obs    13.2
SR3l_130_150_all
         cabinetry n=5.0    11.2
         cabinetry n=2.0    6.5
         cabinetry n=4.1    9.6
         cabinetry n=6.3    13.8
    cabinetry_post n=5.0    11.1
    cabinetry_post n=2.1    6.5
    cabinetry_post n=4.2    9.7
    cabinetry_post n=6.4    13.9
            normal n=5.0    11.2
            normal n=2.0    6.5
            normal n=4.1    9.6
            normal n=6.3    13.8
        normal_log n=5.0    11.1
        normal_log n=2.0    6.5
        normal_log n=4.2    9.6
        normal_log n=6.3    13.8
             delta n=5.0    11.0
             delta n=2.1    6.5
             delta n=4.1    9.4
             delta n=6.2    13.4
          linspace n=5.0    10.9
          linspace n=2.1    6.6
          linspace n=4.4    9.8
          linspace n=6.6    14.2
          mcmc_mix n=5.0    10.3
          mcmc_mix n=2.6    6.9
          mcmc_mix n=4.9    10.2
          mcmc_mix n=7.3    14.7
            signal n=obs    11.1
SR3l_150_170_all
         cabinetry n=2.0    6.5
         cabinetry n=1.9    6.4
         cabinetry n=4.0    9.5
         cabinetry n=6.1    13.6
    cabinetry_post n=2.0    6.6
    cabinetry_post n=1.8    6.3
    cabinetry_post n=3.9    9.4
    cabinetry_post n=5.9    13.4
            normal n=2.0    6.5
            normal n=1.9    6.4
            normal n=4.0    9.5
            normal n=6.1    13.6
        normal_log n=2.0    6.5
        normal_log n=2.0    6.4
        normal_log n=4.1    9.5
        normal_log n=6.2    13.7
             delta n=2.0    6.4
             delta n=2.0    6.4
             delta n=4.0    9.3
             delta n=6.0    13.3
          linspace n=2.0    6.5
          linspace n=2.1    6.6
          linspace n=4.3    9.8
          linspace n=6.5    14.2
          mcmc_mix n=2.0    6.5
          mcmc_mix n=2.0    6.5
          mcmc_mix n=4.2    9.7
          mcmc_mix n=6.4    14.0
            signal n=obs    6.5
SR3l_170_190_all
         cabinetry n=3.0    7.9
         cabinetry n=1.8    6.3
         cabinetry n=3.9    9.3
         cabinetry n=5.9    13.4
    cabinetry_post n=3.0    8.0
    cabinetry_post n=1.8    6.3
    cabinetry_post n=3.8    9.3
    cabinetry_post n=5.8    13.3
            normal n=3.0    7.9
            normal n=1.8    6.3
            normal n=3.9    9.3
            normal n=5.9    13.3
        normal_log n=3.0    7.9
        normal_log n=1.9    6.4
        normal_log n=3.9    9.3
        normal_log n=5.9    13.3
             delta n=3.0    7.8
             delta n=1.9    6.3
             delta n=3.9    9.2
             delta n=5.8    13.1
          linspace n=3.0    7.9
          linspace n=1.9    6.4
          linspace n=3.9    9.4
          linspace n=6.0    13.4
          mcmc_mix n=3.0    7.7
          mcmc_mix n=2.1    6.5
          mcmc_mix n=4.2    9.6
          mcmc_mix n=6.3    13.7
            signal n=obs    7.9
SR3l_190_210_all
         cabinetry n=7.0    16.4
         cabinetry n=1.6    6.3
         cabinetry n=3.7    9.3
         cabinetry n=5.7    13.4
    cabinetry_post n=7.0    15.6
    cabinetry_post n=1.9    6.5
    cabinetry_post n=4.1    9.6
    cabinetry_post n=6.2    13.8
            normal n=7.0    16.4
            normal n=1.7    6.3
            normal n=3.7    9.3
            normal n=5.7    13.3
        normal_log n=7.0    16.3
        normal_log n=1.7    6.3
        normal_log n=3.7    9.3
        normal_log n=5.8    13.4
             delta n=7.0    16.4
             delta n=1.8    6.2
             delta n=3.7    9.1
             delta n=5.6    12.9
          linspace n=7.0    16.4
          linspace n=1.7    6.3
          linspace n=3.7    9.3
          linspace n=5.7    13.4
          mcmc_mix n=7.0    17.2
          mcmc_mix n=1.4    6.1
          mcmc_mix n=3.4    9.0
          mcmc_mix n=5.3    12.9
            signal n=obs    16.3
SR3l_210_230_all
         cabinetry n=6.0    14.4
         cabinetry n=1.5    6.2
         cabinetry n=3.5    9.3
         cabinetry n=5.5    13.3
    cabinetry_post n=6.0    13.7
    cabinetry_post n=1.8    6.4
    cabinetry_post n=3.9    9.6
    cabinetry_post n=6.1    13.9
            normal n=6.0    14.3
            normal n=1.5    6.2
            normal n=3.5    9.2
            normal n=5.5    13.3
        normal_log n=6.0    14.2
        normal_log n=1.6    6.2
        normal_log n=3.6    9.3
        normal_log n=5.6    13.4
             delta n=6.0    14.2
             delta n=1.6    6.2
             delta n=3.5    9.0
             delta n=5.4    12.8
          linspace n=6.0    13.7
          linspace n=1.8    6.4
          linspace n=4.0    9.8
          linspace n=6.3    14.2
          mcmc_mix n=6.0    13.1
          mcmc_mix n=2.1    6.6
          mcmc_mix n=4.4    10.0
          mcmc_mix n=6.7    14.5
            signal n=obs    14.1
SR3l_230_250_all
         cabinetry n=4.0    10.4
         cabinetry n=1.4    6.0
         cabinetry n=3.3    8.9
         cabinetry n=5.2    12.8
    cabinetry_post n=4.0    10.3
    cabinetry_post n=1.4    6.1
    cabinetry_post n=3.3    9.0
    cabinetry_post n=5.3    12.9
            normal n=4.0    10.3
            normal n=1.4    6.0
            normal n=3.3    8.9
            normal n=5.2    12.8
        normal_log n=4.0    10.3
        normal_log n=1.4    6.0
        normal_log n=3.3    9.0
        normal_log n=5.2    12.9
             delta n=4.0    10.2
             delta n=1.5    6.0
             delta n=3.3    8.8
             delta n=5.1    12.5
          linspace n=4.0    10.0
          linspace n=1.6    6.2
          linspace n=3.7    9.4
          linspace n=5.7    13.6
          mcmc_mix n=4.0    9.8
          mcmc_mix n=1.7    6.3
          mcmc_mix n=3.8    9.5
          mcmc_mix n=5.9    13.7
            signal n=obs    10.3
SR3l_250_270_all
         cabinetry n=3.0    9.3
         cabinetry n=0.8    5.5
         cabinetry n=2.5    8.2
         cabinetry n=4.1    11.7
    cabinetry_post n=3.0    9.2
    cabinetry_post n=0.9    5.6
    cabinetry_post n=2.5    8.2
    cabinetry_post n=4.1    11.8
            normal n=3.0    9.2
            normal n=0.9    5.5
            normal n=2.5    8.2
            normal n=4.1    11.7
        normal_log n=3.0    9.2
        normal_log n=0.9    5.6
        normal_log n=2.5    8.2
        normal_log n=4.1    11.7
             delta n=3.0    9.1
             delta n=0.9    5.6
             delta n=2.5    8.1
             delta n=4.0    11.5
          linspace n=3.0    9.2
          linspace n=0.9    5.6
          linspace n=2.5    8.2
          linspace n=4.2    11.8
          mcmc_mix n=3.0    9.2
          mcmc_mix n=0.9    5.6
          mcmc_mix n=2.5    8.2
          mcmc_mix n=4.1    11.7
            signal n=obs    9.2
SR3l_270_300_all
         cabinetry n=3.0    8.1
         cabinetry n=1.7    6.2
         cabinetry n=3.7    9.2
         cabinetry n=5.6    13.1
    cabinetry_post n=3.0    8.1
    cabinetry_post n=1.7    6.2
    cabinetry_post n=3.6    9.1
    cabinetry_post n=5.6    13.1
            normal n=3.0    8.1
            normal n=1.7    6.2
            normal n=3.7    9.1
            normal n=5.6    13.1
        normal_log n=3.0    8.0
        normal_log n=1.7    6.2
        normal_log n=3.7    9.2
        normal_log n=5.6    13.1
             delta n=3.0    8.0
             delta n=1.7    6.2
             delta n=3.7    9.1
             delta n=5.6    12.9
          linspace n=3.0    8.0
          linspace n=1.8    6.3
          linspace n=3.7    9.2
          linspace n=5.7    13.3
          mcmc_mix n=3.0    7.8
          mcmc_mix n=1.9    6.4
          mcmc_mix n=4.0    9.4
          mcmc_mix n=6.0    13.5
            signal n=obs    8.0
SR3l_300_330_all
         cabinetry n=3.0    8.7
         cabinetry n=1.2    5.8
         cabinetry n=3.0    8.6
         cabinetry n=4.7    12.3
    cabinetry_post n=3.0    8.7
    cabinetry_post n=1.2    5.8
    cabinetry_post n=3.0    8.6
    cabinetry_post n=4.7    12.3
            normal n=3.0    8.7
            normal n=1.2    5.8
            normal n=3.0    8.6
            normal n=4.7    12.3
        normal_log n=3.0    8.6
        normal_log n=1.2    5.9
        normal_log n=3.0    8.6
        normal_log n=4.8    12.3
             delta n=3.0    8.6
             delta n=1.2    5.9
             delta n=3.0    8.5
             delta n=4.7    12.1
          linspace n=3.0    8.6
          linspace n=1.2    5.9
          linspace n=3.0    8.7
          linspace n=4.9    12.5
          mcmc_mix n=3.0    8.6
          mcmc_mix n=1.3    5.9
          mcmc_mix n=3.1    8.7
          mcmc_mix n=4.9    12.5
            signal n=obs    8.6
SR3l_330_360_all
         cabinetry n=2.0    7.7
         cabinetry n=0.6    5.3
         cabinetry n=2.1    7.8
         cabinetry n=3.5    11.2
    cabinetry_post n=2.0    7.7
    cabinetry_post n=0.6    5.3
    cabinetry_post n=2.1    7.8
    cabinetry_post n=3.5    11.1
            normal n=2.0    7.7
            normal n=0.6    5.3
            normal n=2.1    7.8
            normal n=3.5    11.1
        normal_log n=2.0    7.6
        normal_log n=0.6    5.3
        normal_log n=2.1    7.8
        normal_log n=3.6    11.2
             delta n=2.0    7.6
             delta n=0.6    5.3
             delta n=2.1    7.7
             delta n=3.5    10.9
          linspace n=2.0    7.5
          linspace n=0.7    5.4
          linspace n=2.5    8.4
          linspace n=4.2    12.2
          mcmc_mix n=2.0    7.2
          mcmc_mix n=1.0    5.6
          mcmc_mix n=2.7    8.5
          mcmc_mix n=4.5    12.3
            signal n=obs    7.6
SR3l_360_400_all
         cabinetry n=3.0    8.6
         cabinetry n=1.3    6.0
         cabinetry n=3.2    9.0
         cabinetry n=5.1    12.9
    cabinetry_post n=3.0    8.6
    cabinetry_post n=1.3    6.0
    cabinetry_post n=3.2    8.9
    cabinetry_post n=5.1    12.8
            normal n=3.0    8.6
            normal n=1.3    6.0
            normal n=3.2    9.0
            normal n=5.1    12.9
        normal_log n=3.0    8.5
        normal_log n=1.3    6.0
        normal_log n=3.3    9.0
        normal_log n=5.2    13.0
             delta n=3.0    8.4
             delta n=1.4    6.0
             delta n=3.2    8.7
             delta n=5.0    12.4
          linspace n=3.0    8.5
          linspace n=1.4    6.0
          linspace n=3.3    9.1
          linspace n=5.3    13.1
          mcmc_mix n=3.0    8.6
          mcmc_mix n=1.3    5.9
          mcmc_mix n=3.2    8.9
          mcmc_mix n=5.1    12.8
            signal n=obs    8.5
SR3l_400_440_all
         cabinetry n=0.0    4.5
         cabinetry n=0.3    5.0
         cabinetry n=1.7    7.4
         cabinetry n=3.0    10.5
    cabinetry_post n=0.0    4.5
    cabinetry_post n=0.3    4.9
    cabinetry_post n=1.6    7.3
    cabinetry_post n=2.9    10.3
            normal n=0.0    4.5
            normal n=0.3    5.0
            normal n=1.7    7.4
            normal n=3.0    10.5
        normal_log n=0.0    4.5
        normal_log n=0.4    5.0
        normal_log n=1.7    7.4
        normal_log n=3.0    10.5
             delta n=0.0    4.5
             delta n=0.4    5.0
             delta n=1.7    7.3
             delta n=3.0    10.3
          linspace n=0.0    4.5
          linspace n=0.4    5.0
          linspace n=1.7    7.4
          linspace n=3.0    10.5
          mcmc_mix n=0.0    4.5
          mcmc_mix n=0.4    5.1
          mcmc_mix n=1.8    7.5
          mcmc_mix n=3.1    10.6
            signal n=obs    4.5
SR3l_440_580_all
         cabinetry n=7.0    15.2
         cabinetry n=2.1    6.6
         cabinetry n=4.3    9.7
         cabinetry n=6.4    13.9
    cabinetry_post n=7.0    14.8
    cabinetry_post n=2.3    6.7
    cabinetry_post n=4.5    9.8
    cabinetry_post n=6.7    14.1
            normal n=7.0    15.2
            normal n=2.1    6.6
            normal n=4.3    9.6
            normal n=6.4    13.8
        normal_log n=7.0    15.1
        normal_log n=2.2    6.6
        normal_log n=4.3    9.7
        normal_log n=6.4    13.8
             delta n=7.0    15.1
             delta n=2.2    6.5
             delta n=4.3    9.5
             delta n=6.3    13.5
          linspace n=7.0    15.1
          linspace n=2.1    6.6
          linspace n=4.3    9.7
          linspace n=6.4    13.9
          mcmc_mix n=7.0    14.8
          mcmc_mix n=2.3    6.7
          mcmc_mix n=4.5    9.8
          mcmc_mix n=6.7    14.1
            signal n=obs    15.1
SR3l_580_inf_all
         cabinetry n=8.0    16.9
         cabinetry n=2.3    6.7
         cabinetry n=4.6    10.0
         cabinetry n=6.9    14.3
    cabinetry_post n=8.0    16.2
    cabinetry_post n=2.6    6.9
    cabinetry_post n=5.0    10.2
    cabinetry_post n=7.3    14.7
            normal n=8.0    16.9
            normal n=2.4    6.7
            normal n=4.6    9.9
            normal n=6.8    14.2
        normal_log n=8.0    16.8
        normal_log n=2.4    6.7
        normal_log n=4.6    9.9
        normal_log n=6.9    14.3
             delta n=8.0    16.8
             delta n=2.4    6.7
             delta n=4.6    9.7
             delta n=6.7    13.9
          linspace n=8.0    16.8
          linspace n=2.4    6.7
          linspace n=4.6    10.0
          linspace n=6.9    14.3
          mcmc_mix n=8.0    16.7
          mcmc_mix n=2.4    6.8
          mcmc_mix n=4.7    10.0
          mcmc_mix n=6.9    14.3
            signal n=obs    16.8

real	3m10.110s
user	3m10.578s
sys	0m1.568s
