SRMU
         cabinetry n=1.0    6.0
         cabinetry n=0.5    5.1
         cabinetry n=1.9    7.6
         cabinetry n=3.3    10.8
    cabinetry_post n=1.0    6.0
    cabinetry_post n=0.4    5.1
    cabinetry_post n=1.8    7.6
    cabinetry_post n=3.2    10.8
            normal n=1.0    6.0
            normal n=0.5    5.1
            normal n=1.9    7.6
            normal n=3.3    10.8
        normal_log n=1.0    6.0
        normal_log n=0.5    5.2
        normal_log n=1.9    7.6
        normal_log n=3.3    10.9
             delta n=1.0    5.9
             delta n=0.5    5.2
             delta n=1.9    7.5
             delta n=3.3    10.7
          linspace n=1.0    6.0
          linspace n=0.5    5.2
          linspace n=1.9    7.7
          linspace n=3.4    10.9
          mcmc_mix n=1.0    6.0
          mcmc_mix n=0.5    5.2
          mcmc_mix n=1.9    7.6
          mcmc_mix n=3.3    10.9
            signal n=obs    6.0
SRMET
         cabinetry n=0.0    4.5
         cabinetry n=0.0    4.5
         cabinetry n=0.4    5.8
         cabinetry n=1.1    7.9
    cabinetry_post n=0.0    4.5
    cabinetry_post n=0.0    4.5
    cabinetry_post n=0.4    5.7
    cabinetry_post n=1.1    7.8
            normal n=0.0    4.5
            normal n=0.0    4.5
            normal n=0.4    5.8
            normal n=1.1    7.9
        normal_log n=0.0    4.5
        normal_log n=0.0    4.5
        normal_log n=0.5    5.9
        normal_log n=1.2    8.2
             delta n=0.0    4.5
             delta n=0.0    4.5
             delta n=0.4    5.6
             delta n=1.1    7.7
          linspace n=0.0    4.5
          linspace n=0.0    4.5
          linspace n=0.5    6.0
          linspace n=1.3    8.3
          mcmc_mix n=0.0    4.5
          mcmc_mix n=0.0    4.5
          mcmc_mix n=0.5    5.8
          mcmc_mix n=1.2    8.2
            signal n=obs    4.5

real	0m7.977s
user	0m8.793s
sys	0m1.443s
