SRA
         cabinetry n=17.0   17.7
         cabinetry n=12.0   12.0
         cabinetry n=17.0   17.8
         cabinetry n=22.1   25.5
    cabinetry_post n=17.0   17.1
    cabinetry_post n=12.3   11.7
    cabinetry_post n=17.0   17.1
    cabinetry_post n=21.8   24.5
            normal n=17.0   17.4
            normal n=12.1   11.9
            normal n=17.0   17.5
            normal n=22.0   25.0
        normal_log n=17.0   17.0
        normal_log n=12.3   11.6
        normal_log n=17.3   17.4
        normal_log n=22.2   25.1
             delta n=17.0   15.5
             delta n=12.9   10.9
             delta n=17.0   15.6
             delta n=21.2   22.1
          linspace n=17.0   16.4
          linspace n=13.2   12.1
          linspace n=18.7   18.6
          linspace n=24.2   27.0
          mcmc_mix n=17.0   16.3
          mcmc_mix n=13.1   11.9
          mcmc_mix n=18.3   18.0
          mcmc_mix n=23.5   26.0
            signal n=obs    16.7
SRB
         cabinetry n=3.0    8.8
         cabinetry n=1.2    6.1
         cabinetry n=3.3    9.3
         cabinetry n=5.4    13.5
    cabinetry_post n=3.0    8.7
    cabinetry_post n=1.3    6.0
    cabinetry_post n=3.2    9.1
    cabinetry_post n=5.2    13.1
            normal n=3.0    8.8
            normal n=1.2    6.1
            normal n=3.3    9.3
            normal n=5.4    13.5
        normal_log n=3.0    8.6
        normal_log n=1.3    6.0
        normal_log n=3.4    9.4
        normal_log n=5.6    13.7
             delta n=3.0    8.3
             delta n=1.5    6.0
             delta n=3.3    8.8
             delta n=5.1    12.5
          linspace n=3.0    8.3
          linspace n=1.7    6.4
          linspace n=4.3    10.4
          linspace n=6.8    15.5
          mcmc_mix n=3.0    8.3
          mcmc_mix n=1.7    6.3
          mcmc_mix n=4.0    10.0
          mcmc_mix n=6.4    14.6
            signal n=obs    8.6
SRC
         cabinetry n=47.0   41.3
         cabinetry n=28.9   19.3
         cabinetry n=37.5   28.1
         cabinetry n=46.1   40.0
    cabinetry_post n=47.0   31.7
    cabinetry_post n=35.1   18.4
    cabinetry_post n=43.1   26.7
    cabinetry_post n=51.1   37.8
            normal n=47.0   41.4
            normal n=28.9   19.3
            normal n=37.5   28.1
            normal n=46.1   40.0
        normal_log n=47.0   40.0
        normal_log n=29.3   18.0
        normal_log n=38.0   27.4
        normal_log n=46.7   39.6
             delta n=47.0   36.3
             delta n=31.4   15.1
             delta n=37.5   21.5
             delta n=43.7   30.4
          linspace n=47.0   37.9
          linspace n=30.8   18.5
          linspace n=40.3   28.7
          linspace n=49.7   41.9
          mcmc_mix n=47.0   33.6
          mcmc_mix n=34.1   19.0
          mcmc_mix n=43.3   28.8
          mcmc_mix n=52.6   41.6
            signal n=obs    38.9

real	0m36.895s
user	0m37.658s
sys	0m1.460s
