SR_LM_disc
         cabinetry n=34.0   32.0
         cabinetry n=20.8   15.3
         cabinetry n=27.4   22.4
         cabinetry n=34.0   32.0
    cabinetry_post n=34.0   27.6
    cabinetry_post n=23.5   15.2
    cabinetry_post n=30.0   22.1
    cabinetry_post n=36.5   31.5
            normal n=34.0   32.0
            normal n=20.8   15.3
            normal n=27.4   22.4
            normal n=34.0   32.0
        normal_log n=34.0   31.3
        normal_log n=21.0   14.8
        normal_log n=27.7   22.1
        normal_log n=34.4   31.9
             delta n=34.0   29.1
             delta n=22.2   13.2
             delta n=27.4   18.8
             delta n=32.6   26.7
          linspace n=34.0   31.1
          linspace n=21.3   15.4
          linspace n=28.5   23.3
          linspace n=35.8   33.9
      mcmc_tfp_ham n=34.0   32.8
      mcmc_tfp_ham n=20.4   16.0
      mcmc_tfp_ham n=28.0   24.4
      mcmc_tfp_ham n=35.6   35.3
            signal n=obs    31.3
SR_MM_disc
         cabinetry n=13.0   21.1
         cabinetry n=5.0    9.0
         cabinetry n=8.6    13.6
         cabinetry n=12.2   19.6
    cabinetry_post n=13.0   18.6
    cabinetry_post n=6.5    9.6
    cabinetry_post n=10.3   14.3
    cabinetry_post n=14.2   20.6
            normal n=13.0   21.1
            normal n=5.0    9.0
            normal n=8.6    13.6
            normal n=12.2   19.6
        normal_log n=13.0   20.7
        normal_log n=5.2    8.7
        normal_log n=8.9    13.5
        normal_log n=12.6   19.8
             delta n=13.0   20.2
             delta n=5.7    8.4
             delta n=8.6    12.0
             delta n=11.6   17.2
          linspace n=13.0   20.1
          linspace n=5.1    9.3
          linspace n=11.0   16.8
          linspace n=16.8   26.9
      mcmc_tfp_ham n=13.0   18.7
      mcmc_tfp_ham n=6.4    9.7
      mcmc_tfp_ham n=11.5   16.4
      mcmc_tfp_ham n=16.7   24.9
            signal n=obs    20.4
SR_HM_disc
         cabinetry n=14.0   24.4
         cabinetry n=4.2    9.1
         cabinetry n=8.1    14.1
         cabinetry n=12.0   20.5
    cabinetry_post n=14.0   19.5
    cabinetry_post n=7.3    10.9
    cabinetry_post n=11.9   16.4
    cabinetry_post n=16.5   23.7
            normal n=14.0   24.5
            normal n=4.2    9.2
            normal n=8.1    14.3
            normal n=12.0   20.8
        normal_log n=14.0   23.7
        normal_log n=4.4    8.5
        normal_log n=8.6    14.2
        normal_log n=12.7   21.3
             delta n=14.0   23.6
             delta n=5.2    8.2
             delta n=8.1    11.8
             delta n=10.9   16.8
          linspace n=14.0   22.0
          linspace n=5.4    9.9
          linspace n=12.6   19.8
          linspace n=19.8   30.9
      mcmc_tfp_ham n=14.0   26.4
      mcmc_tfp_ham n=2.8    7.3
      mcmc_tfp_ham n=7.0    13.4
      mcmc_tfp_ham n=11.2   21.1
            signal n=obs    22.8

real	0m41.178s
user	0m41.976s
sys	0m1.420s
