SRFR_90_110_all
SRFR_110_130_all
SRFR_130_150_all
SRFR_150_170_all
SRFR_170_190_all
SRFR_190_210_all
SRFR_210_230_all
SRFR_230_250_all
SRFR_250_270_all
SRFR_270_300_all
SRFR_300_330_all
SRFR_330_360_all
SRFR_360_400_all
SRFR_400_440_all
SRFR_440_580_all
SRFR_580_inf_all
SR4l_90_110_all
SR4l_110_130_all
SR4l_130_150_all
SR4l_150_170_all
SR4l_170_190_all
SR4l_190_210_all
SR4l_210_230_all
SR4l_230_250_all
SR4l_250_270_all
SR4l_270_300_all
SR4l_300_330_all
SR4l_330_360_all
SR4l_360_400_all
SR4l_400_440_all
SR4l_440_580_all
SR4l_580_inf_all
SR3l_90_110_all
SR3l_110_130_all
SR3l_130_150_all
SR3l_150_170_all
SR3l_170_190_all
SR3l_190_210_all
SR3l_210_230_all
SR3l_230_250_all
SR3l_250_270_all
SR3l_270_300_all
SR3l_300_330_all
SR3l_330_360_all
SR3l_360_400_all
SR3l_400_440_all
SR3l_440_580_all
SR3l_580_inf_all

real	9m40.457s
user	9m43.108s
sys	0m1.744s
