SR0breq
         cabinetry n=3.0    11.6
         cabinetry n=0.1    4.6
         cabinetry n=1.2    6.9
         cabinetry n=2.3    9.7
    cabinetry_post n=3.0    11.3
    cabinetry_post n=0.1    4.7
    cabinetry_post n=1.3    7.0
    cabinetry_post n=2.5    9.9
            normal n=3.0    11.6
            normal n=0.1    4.6
            normal n=1.2    6.9
            normal n=2.3    9.7
        normal_log n=3.0    11.5
        normal_log n=0.1    4.6
        normal_log n=1.2    6.9
        normal_log n=2.4    9.8
             delta n=3.0    11.6
             delta n=0.1    4.7
             delta n=1.2    6.8
             delta n=2.3    9.5
          linspace n=3.0    11.5
          linspace n=0.1    4.6
          linspace n=1.2    6.9
          linspace n=2.4    9.8
          mcmc_mix n=3.0    11.3
          mcmc_mix n=0.1    4.7
          mcmc_mix n=1.3    7.0
          mcmc_mix n=2.5    9.9
            signal n=obs    11.5
SR0bvetoloose
         cabinetry n=11.0   14.9
         cabinetry n=7.2    10.4
         cabinetry n=11.5   15.6
         cabinetry n=15.9   22.5
    cabinetry_post n=11.0   14.1
    cabinetry_post n=7.4    9.8
    cabinetry_post n=11.3   14.6
    cabinetry_post n=15.2   21.0
            normal n=11.0   15.1
            normal n=7.1    10.5
            normal n=11.5   15.8
            normal n=15.9   22.9
        normal_log n=11.0   14.4
        normal_log n=7.3    10.0
        normal_log n=11.9   15.7
        normal_log n=16.4   23.0
             delta n=11.0   12.6
             delta n=8.1    9.3
             delta n=11.5   13.4
             delta n=14.9   19.1
          linspace n=11.0   13.2
          linspace n=8.9    10.8
          linspace n=15.2   19.0
          linspace n=21.6   29.0
          mcmc_mix n=11.0   12.7
          mcmc_mix n=9.4    10.9
          mcmc_mix n=14.8   17.6
          mcmc_mix n=20.2   26.3
            signal n=obs    13.8
SR0bvetotight
         cabinetry n=1.0    6.2
         cabinetry n=1.0    6.2
         cabinetry n=3.7    10.6
         cabinetry n=6.4    15.6
    cabinetry_post n=1.0    6.1
    cabinetry_post n=0.5    5.3
    cabinetry_post n=2.3    8.4
    cabinetry_post n=4.0    12.2
            normal n=1.0    6.2
            normal n=1.0    6.2
            normal n=3.7    10.6
            normal n=6.4    15.7
        normal_log n=1.0    5.9
        normal_log n=0.9    5.7
        normal_log n=4.2    11.2
        normal_log n=7.4    17.6
             delta n=1.0    5.4
             delta n=1.6    6.2
             delta n=3.5    9.0
             delta n=5.4    12.8
          linspace n=1.0    5.8
          linspace n=1.6    6.6
          linspace n=5.1    12.1
          linspace n=8.6    18.5
          mcmc_mix n=1.0    5.8
          mcmc_mix n=1.3    6.2
          mcmc_mix n=4.5    11.5
          mcmc_mix n=7.8    17.6
            signal n=obs    5.8
SR0ZZbvetoloose
         cabinetry n=5.0    9.8
         cabinetry n=3.9    8.5
         cabinetry n=7.3    13.1
         cabinetry n=10.7   18.9
    cabinetry_post n=5.0    9.6
    cabinetry_post n=3.6    7.8
    cabinetry_post n=6.5    11.7
    cabinetry_post n=9.4    16.9
            normal n=5.0    9.8
            normal n=3.9    8.4
            normal n=7.3    13.0
            normal n=10.7   18.8
        normal_log n=5.0    9.3
        normal_log n=4.1    8.1
        normal_log n=7.6    13.0
        normal_log n=11.1   19.1
             delta n=5.0    8.3
             delta n=4.6    7.9
             delta n=7.3    11.3
             delta n=10.0   16.2
          linspace n=5.0    9.0
          linspace n=4.8    8.8
          linspace n=9.4    15.0
          linspace n=13.9   22.7
          mcmc_mix n=5.0    9.0
          mcmc_mix n=4.5    8.5
          mcmc_mix n=8.3    13.6
          mcmc_mix n=12.2   20.2
            signal n=obs    9.1
SR0ZZbvetotight
         cabinetry n=1.0    6.6
         cabinetry n=0.0    4.5
         cabinetry n=1.1    6.8
         cabinetry n=2.2    9.7
    cabinetry_post n=1.0    6.6
    cabinetry_post n=0.0    4.5
    cabinetry_post n=1.1    6.8
    cabinetry_post n=2.2    9.6
            normal n=1.0    6.6
            normal n=0.0    4.5
            normal n=1.1    6.8
            normal n=2.2    9.7
        normal_log n=1.0    6.5
        normal_log n=0.0    4.5
        normal_log n=1.2    6.9
        normal_log n=2.4    9.9
             delta n=1.0    6.4
             delta n=0.1    4.6
             delta n=1.1    6.7
             delta n=2.2    9.3
          linspace n=1.0    6.3
          linspace n=0.1    4.7
          linspace n=1.4    7.3
          linspace n=2.7    10.5
          mcmc_mix n=1.0    6.3
          mcmc_mix n=0.2    4.8
          mcmc_mix n=1.5    7.3
          mcmc_mix n=2.8    10.6
            signal n=obs    6.5
SR0ZZloose
         cabinetry n=157.0  127.8
         cabinetry n=117.8  94.0
         cabinetry n=161.2  132.1
         cabinetry n=204.5  184.2
    cabinetry_post n=157.0  53.6
    cabinetry_post n=140.1  38.1
    cabinetry_post n=157.4  54.0
    cabinetry_post n=174.6  75.9
            normal n=157.0  129.0
            normal n=117.5  94.9
            normal n=161.2  133.4
            normal n=205.0  185.9
        normal_log n=157.0  99.6
        normal_log n=121.0  63.7
        normal_log n=166.8  110.3
        normal_log n=212.6  164.7
             delta n=157.0  36.7
             delta n=148.5  29.3
             delta n=161.2  41.1
             delta n=173.9  57.7
          linspace n=157.0  90.9
          linspace n=130.4  65.0
          linspace n=181.3  117.2
          linspace n=232.2  177.4
          mcmc_mix n=157.0  95.7
          mcmc_mix n=122.7  61.4
          mcmc_mix n=169.5  109.6
          mcmc_mix n=216.4  165.2
            signal n=obs    91.9
SR0ZZtight
         cabinetry n=17.0   16.9
         cabinetry n=13.0   12.6
         cabinetry n=18.4   18.7
         cabinetry n=23.7   26.8
    cabinetry_post n=17.0   16.4
    cabinetry_post n=13.0   11.9
    cabinetry_post n=17.9   17.5
    cabinetry_post n=22.8   25.1
            normal n=17.0   17.0
            normal n=13.0   12.7
            normal n=18.4   18.7
            normal n=23.7   26.8
        normal_log n=17.0   16.4
        normal_log n=13.2   12.2
        normal_log n=18.6   18.5
        normal_log n=24.1   26.8
             delta n=17.0   14.3
             delta n=14.1   11.2
             delta n=18.4   16.0
             delta n=22.6   22.8
          linspace n=17.0   15.9
          linspace n=13.8   12.5
          linspace n=19.6   19.3
          linspace n=25.4   28.1
          mcmc_mix n=17.0   15.8
          mcmc_mix n=13.9   12.5
          mcmc_mix n=19.5   18.9
          mcmc_mix n=25.1   27.5
            signal n=obs    16.2
SR1breq
         cabinetry n=2.0    7.8
         cabinetry n=0.5    5.3
         cabinetry n=2.2    8.2
         cabinetry n=3.8    11.8
    cabinetry_post n=2.0    7.8
    cabinetry_post n=0.5    5.3
    cabinetry_post n=2.1    8.1
    cabinetry_post n=3.7    11.6
            normal n=2.0    7.8
            normal n=0.5    5.3
            normal n=2.2    8.2
            normal n=3.8    11.8
        normal_log n=2.0    7.7
        normal_log n=0.6    5.3
        normal_log n=2.3    8.3
        normal_log n=4.0    12.1
             delta n=2.0    7.5
             delta n=0.7    5.4
             delta n=2.2    7.8
             delta n=3.7    11.1
          linspace n=2.0    7.5
          linspace n=0.7    5.5
          linspace n=2.5    8.5
          linspace n=4.3    12.3
          mcmc_mix n=2.0    7.6
          mcmc_mix n=0.7    5.4
          mcmc_mix n=2.5    8.4
          mcmc_mix n=4.2    12.3
            signal n=obs    7.7
SR1bvetoloose
         cabinetry n=7.0    11.7
         cabinetry n=4.4    8.4
         cabinetry n=7.7    12.8
         cabinetry n=11.0   18.4
    cabinetry_post n=7.0    11.5
    cabinetry_post n=4.4    8.2
    cabinetry_post n=7.5    12.3
    cabinetry_post n=10.6   17.7
            normal n=7.0    11.7
            normal n=4.4    8.5
            normal n=7.7    12.8
            normal n=11.0   18.4
        normal_log n=7.0    11.4
        normal_log n=4.6    8.3
        normal_log n=8.0    12.8
        normal_log n=11.3   18.6
             delta n=7.0    10.5
             delta n=5.0    8.0
             delta n=7.7    11.6
             delta n=10.5   16.5
          linspace n=7.0    11.1
          linspace n=4.9    8.5
          linspace n=8.4    13.1
          linspace n=11.8   19.0
          mcmc_mix n=7.0    12.3
          mcmc_mix n=3.8    7.9
          mcmc_mix n=7.0    12.3
          mcmc_mix n=10.3   18.0
            signal n=obs    11.3
SR1bvetotight
         cabinetry n=2.0    8.3
         cabinetry n=0.2    4.9
         cabinetry n=1.6    7.6
         cabinetry n=3.1    10.9
    cabinetry_post n=2.0    8.2
    cabinetry_post n=0.3    4.9
    cabinetry_post n=1.7    7.6
    cabinetry_post n=3.1    10.9
            normal n=2.0    8.4
            normal n=0.2    4.9
            normal n=1.6    7.6
            normal n=3.1    10.9
        normal_log n=2.0    8.2
        normal_log n=0.3    4.9
        normal_log n=1.8    7.7
        normal_log n=3.3    11.2
             delta n=2.0    8.1
             delta n=0.4    5.0
             delta n=1.6    7.3
             delta n=2.9    10.3
          linspace n=2.0    8.0
          linspace n=0.4    5.1
          linspace n=2.0    8.0
          linspace n=3.6    11.7
          mcmc_mix n=2.0    8.3
          mcmc_mix n=0.2    4.8
          mcmc_mix n=1.7    7.7
          mcmc_mix n=3.2    11.2
            signal n=obs    8.2
SR2breq
         cabinetry n=1.0    7.2
         cabinetry n=0.0    4.5
         cabinetry n=0.7    6.2
         cabinetry n=1.6    8.8
    cabinetry_post n=1.0    7.1
    cabinetry_post n=0.0    4.5
    cabinetry_post n=0.7    6.3
    cabinetry_post n=1.6    8.8
            normal n=1.0    7.2
            normal n=0.0    4.5
            normal n=0.7    6.2
            normal n=1.6    8.8
        normal_log n=1.0    7.3
        normal_log n=0.0    4.5
        normal_log n=0.8    6.8
        normal_log n=2.1    10.4
             delta n=1.0    7.2
             delta n=0.0    4.5
             delta n=0.5    5.8
             delta n=1.2    8.0
          linspace n=1.0    7.2
          linspace n=0.0    4.5
          linspace n=0.7    6.2
          linspace n=1.6    8.8
          mcmc_mix n=1.0    7.2
          mcmc_mix n=0.0    4.5
          mcmc_mix n=0.7    6.3
          mcmc_mix n=1.6    8.9
            signal n=obs    7.2
SR2bvetoloose
         cabinetry n=5.0    13.2
         cabinetry n=0.9    6.2
         cabinetry n=4.0    11.3
         cabinetry n=7.0    16.9
    cabinetry_post n=5.0    11.8
    cabinetry_post n=1.8    6.9
    cabinetry_post n=4.6    11.1
    cabinetry_post n=7.4    16.2
            normal n=5.0    13.2
            normal n=0.9    6.2
            normal n=4.0    11.4
            normal n=7.0    16.9
        normal_log n=5.0    13.5
        normal_log n=0.0    4.5
        normal_log n=4.7    13.0
        normal_log n=9.7    22.3
             delta n=5.0    12.2
             delta n=1.5    6.1
             delta n=3.4    8.8
             delta n=5.2    12.6
          linspace n=5.0    12.9
          linspace n=0.7    5.9
          linspace n=7.1    16.4
          linspace n=13.6   27.1
          mcmc_mix n=5.0    13.1
          mcmc_mix n=0.4    5.2
          mcmc_mix n=5.7    14.3
          mcmc_mix n=11.0   23.8
            signal n=obs    14.2
SR2bvetotight
         cabinetry n=2.0    10.7
         cabinetry n=0.0    4.5
         cabinetry n=0.5    6.0
         cabinetry n=1.3    8.4
    cabinetry_post n=2.0    10.0
    cabinetry_post n=0.0    4.5
    cabinetry_post n=0.7    6.2
    cabinetry_post n=1.6    8.8
            normal n=2.0    10.7
            normal n=0.0    4.5
            normal n=0.5    6.0
            normal n=1.3    8.4
        normal_log n=2.0    10.7
        normal_log n=0.0    4.5
        normal_log n=0.8    6.9
        normal_log n=2.3    11.4
             delta n=2.0    11.6
             delta n=0.0    4.5
             delta n=0.3    5.5
             delta n=0.9    7.4
          linspace n=2.0    10.7
          linspace n=0.0    4.5
          linspace n=0.5    6.0
          linspace n=1.3    8.4
          mcmc_mix n=2.0    10.6
          mcmc_mix n=0.0    4.5
          mcmc_mix n=0.5    6.0
          mcmc_mix n=1.3    8.4
            signal n=obs    10.8

real	1m43.726s
user	1m44.399s
sys	0m1.464s
