ewk_high
ewk_int
ewk_llbb
ewk_low
ewk_offshell
rjr_sr2l_isr
rjr_sr2l_low
W FCN result is NaN for [ 0.330209 4.88658 0 -0.00276444 0 0.00527569 -0.083745 -0.00629927 0.0228262 -0.00527593 4.99999 -0.0138496 -0.00913116 -0.00217947 0 0.00250055 0.0439599 0.0103216 0.0270208 -0.0123173 0.0124799 2.93523 2.44987 -3.55749e-05 0.0347424 -0.000159425 0 -0.0702028 0.362025 -4.99956 0.169896 4.99998 4.06054 2.63415 0.761143 1.01673 0.386862 2.08535 -0.0480378 -4.94801 -0.416325 4.99918 -1.38553 0 1.60195 1.27996 -4.91814 -4.99989 0.04273 -1.43345 0 2.05361 4.97167 -1.07334 -0.220945 -0.930211 -1.80902 -0.00847354 -0.25473 0 -0.077857 0.10671 -2.68413 -3.33314 -3.13226 -2.77701 -2.99598 -3.29993 -2.61271 -2.53435 -2.63278 -2.56229 -2.58767 -2.4575 1.06828 -0.506662 -0.506662 -0.420128 -0.000462075 -0.000426985 0.000972563 -0.00266898 -0.0227392 0.297582 0 0 2.96753 0.0952 0.0309127 0.0196072 0.00957228 -0.336128 -0.21887 0.00121647 -0.17409 -1.67046 0.983053 9.73762 24.3808 1.41213 0.863268 3.94785 0.984652 1.59615 0.880851 0.998625 1.12819 1 ]
W FCN result is NaN for [ -nan -nan -nan -nan -nan -nan -nan -nan -nan -nan -nan -nan -nan -nan -nan -nan -nan -nan -nan -nan -nan -nan -nan -nan -nan -nan -nan -nan -nan -nan -nan -nan -nan -nan -nan -nan -nan -nan -nan -nan -nan -nan -nan -nan -nan -nan -nan -nan -nan -nan -nan -nan -nan -nan -nan -nan -nan -nan -nan -nan -nan -nan -nan -nan -nan -nan -nan -nan -nan -nan -nan -nan -nan -nan -nan -nan -nan -nan -nan -nan -nan -nan -nan -nan -nan -nan -nan -nan -nan -nan -nan -nan -nan -nan -nan -nan -nan -nan -nan -nan -nan -nan -nan -nan -nan -nan -nan -nan ]
W FCN result is NaN for [ -nan -nan -nan -nan -nan -nan -nan -nan -nan -nan -nan -nan -nan -nan -nan -nan -nan -nan -nan -nan -nan -nan -nan -nan -nan -nan -nan -nan -nan -nan -nan -nan -nan -nan -nan -nan -nan -nan -nan -nan -nan -nan -nan -nan -nan -nan -nan -nan -nan -nan -nan -nan -nan -nan -nan -nan -nan -nan -nan -nan -nan -nan -nan -nan -nan -nan -nan -nan -nan -nan -nan -nan -nan -nan -nan -nan -nan -nan -nan -nan -nan -nan -nan -nan -nan -nan -nan -nan -nan -nan -nan -nan -nan -nan -nan -nan -nan -nan -nan -nan -nan -nan -nan -nan -nan -nan -nan -nan ]
W FCN result is NaN for [ -nan -nan -nan -nan -nan -nan -nan -nan -nan -nan -nan -nan -nan -nan -nan -nan -nan -nan -nan -nan -nan -nan -nan -nan -nan -nan -nan -nan -nan -nan -nan -nan -nan -nan -nan -nan -nan -nan -nan -nan -nan -nan -nan -nan -nan -nan -nan -nan -nan -nan -nan -nan -nan -nan -nan -nan -nan -nan -nan -nan -nan -nan -nan -nan -nan -nan -nan -nan -nan -nan -nan -nan -nan -nan -nan -nan -nan -nan -nan -nan -nan -nan -nan -nan -nan -nan -nan -nan -nan -nan -nan -nan -nan -nan -nan -nan -nan -nan -nan -nan -nan -nan -nan -nan -nan -nan -nan -nan ]
W FCN result is NaN for [ -nan -nan -nan -nan -nan -nan -nan -nan -nan -nan -nan -nan -nan -nan -nan -nan -nan -nan -nan -nan -nan -nan -nan -nan -nan -nan -nan -nan -nan -nan -nan -nan -nan -nan -nan -nan -nan -nan -nan -nan -nan -nan -nan -nan -nan -nan -nan -nan -nan -nan -nan -nan -nan -nan -nan -nan -nan -nan -nan -nan -nan -nan -nan -nan -nan -nan -nan -nan -nan -nan -nan -nan -nan -nan -nan -nan -nan -nan -nan -nan -nan -nan -nan -nan -nan -nan -nan -nan -nan -nan -nan -nan -nan -nan -nan -nan -nan -nan -nan -nan -nan -nan -nan -nan -nan -nan -nan -nan ]
W FCN result is NaN for [ -nan -nan -nan -nan -nan -nan -nan -nan -nan -nan -nan -nan -nan -nan -nan -nan -nan -nan -nan -nan -nan -nan -nan -nan -nan -nan -nan -nan -nan -nan -nan -nan -nan -nan -nan -nan -nan -nan -nan -nan -nan -nan -nan -nan -nan -nan -nan -nan -nan -nan -nan -nan -nan -nan -nan -nan -nan -nan -nan -nan -nan -nan -nan -nan -nan -nan -nan -nan -nan -nan -nan -nan -nan -nan -nan -nan -nan -nan -nan -nan -nan -nan -nan -nan -nan -nan -nan -nan -nan -nan -nan -nan -nan -nan -nan -nan -nan -nan -nan -nan -nan -nan -nan -nan -nan -nan -nan -nan ]
W FCN result is NaN for [ -nan -nan -nan -nan -nan -nan -nan -nan -nan -nan -nan -nan -nan -nan -nan -nan -nan -nan -nan -nan -nan -nan -nan -nan -nan -nan -nan -nan -nan -nan -nan -nan -nan -nan -nan -nan -nan -nan -nan -nan -nan -nan -nan -nan -nan -nan -nan -nan -nan -nan -nan -nan -nan -nan -nan -nan -nan -nan -nan -nan -nan -nan -nan -nan -nan -nan -nan -nan -nan -nan -nan -nan -nan -nan -nan -nan -nan -nan -nan -nan -nan -nan -nan -nan -nan -nan -nan -nan -nan -nan -nan -nan -nan -nan -nan -nan -nan -nan -nan -nan -nan -nan -nan -nan -nan -nan -nan -nan ]
W DavidonErrorUpdator delgam < 0 : first derivatives increasing along search line
W VariableMetricBuilder Matrix not pos.def, gdel = 189.377 > 0
W MnPosDef non-positive diagonal element in covariance matrix[ 39 ] = -0.0105864
W MnPosDef Added to diagonal of Error matrix a value 0.510587
W VariableMetricBuilder gdel = -1.36007e+06
W FCN result is NaN for [ 4.62306 -4.85999 0 0.610006 0 1.01645 4.81624 1.54855 -3.31136 0.0555893 4.95566 -0.265263 -0.0299711 -0.0476834 0 1.08028 -2.36907 -0.21622 -1.46455 0.0945803 -0.316897 -4.94949 4.1492 0.000182889 -0.58943 0.0262634 0 2.67078 -0.657692 -4.57327 -3.28062 4.99669 -4.83025 -4.05336 4.30585 -1.44826 3.41586 -2.96334 2.28204 -3.99237 3.16969 4.87351 -3.96479 0 -0.546022 2.96373 1.90509 3.86193 -1.47671 4.5541 0 0.139279 0.579584 2.66109 2.15028 4.56385 -3.71594 0.0973909 2.39181 0 -0.048765 -1.33433 2.88711 -4.9894 -4.09263 2.37081 0.884073 -2.55686 3.63249 4.03942 3.60952 3.88237 3.84854 4.36565 -0.929184 3.32651 3.32651 -1.59016 0.0245567 0.328584 0.00629518 -1.19511 4.84901 -0.847444 0 0 1.78601 -0.660428 0.0243076 -0.0758666 -0.0448897 0.791831 0.740344 0.137682 1.83781 -0.165852 1.0237 8.54024 13.5719 0.482772 1.19741 14.8089 1.5707 3.17411 0.0481604 3.72046 6.17996 8.37459 ]
W FCN result is NaN for [ nan nan nan nan nan nan nan nan nan nan nan nan nan nan nan nan nan nan nan nan nan nan nan nan nan nan nan nan nan nan nan nan nan nan nan nan nan nan nan nan nan nan nan nan nan nan nan nan nan nan nan nan nan nan nan nan nan nan nan nan nan nan nan nan nan nan nan nan nan nan nan nan nan nan nan nan nan nan nan nan nan nan nan nan nan nan nan nan nan nan nan nan nan nan nan nan nan nan nan nan nan nan nan nan nan nan nan nan ]
W FCN result is NaN for [ nan nan nan nan nan nan nan nan nan nan nan nan nan nan nan nan nan nan nan nan nan nan nan nan nan nan nan nan nan nan nan nan nan nan nan nan nan nan nan nan nan nan nan nan nan nan nan nan nan nan nan nan nan nan nan nan nan nan nan nan nan nan nan nan nan nan nan nan nan nan nan nan nan nan nan nan nan nan nan nan nan nan nan nan nan nan nan nan nan nan nan nan nan nan nan nan nan nan nan nan nan nan nan nan nan nan nan nan ]
W FCN result is NaN for [ nan nan nan nan nan nan nan nan nan nan nan nan nan nan nan nan nan nan nan nan nan nan nan nan nan nan nan nan nan nan nan nan nan nan nan nan nan nan nan nan nan nan nan nan nan nan nan nan nan nan nan nan nan nan nan nan nan nan nan nan nan nan nan nan nan nan nan nan nan nan nan nan nan nan nan nan nan nan nan nan nan nan nan nan nan nan nan nan nan nan nan nan nan nan nan nan nan nan nan nan nan nan nan nan nan nan nan nan ]
W FCN result is NaN for [ nan nan nan nan nan nan nan nan nan nan nan nan nan nan nan nan nan nan nan nan nan nan nan nan nan nan nan nan nan nan nan nan nan nan nan nan nan nan nan nan nan nan nan nan nan nan nan nan nan nan nan nan nan nan nan nan nan nan nan nan nan nan nan nan nan nan nan nan nan nan nan nan nan nan nan nan nan nan nan nan nan nan nan nan nan nan nan nan nan nan nan nan nan nan nan nan nan nan nan nan nan nan nan nan nan nan nan nan ]
W FCN result is NaN for [ nan nan nan nan nan nan nan nan nan nan nan nan nan nan nan nan nan nan nan nan nan nan nan nan nan nan nan nan nan nan nan nan nan nan nan nan nan nan nan nan nan nan nan nan nan nan nan nan nan nan nan nan nan nan nan nan nan nan nan nan nan nan nan nan nan nan nan nan nan nan nan nan nan nan nan nan nan nan nan nan nan nan nan nan nan nan nan nan nan nan nan nan nan nan nan nan nan nan nan nan nan nan nan nan nan nan nan nan ]
W FCN result is NaN for [ nan nan nan nan nan nan nan nan nan nan nan nan nan nan nan nan nan nan nan nan nan nan nan nan nan nan nan nan nan nan nan nan nan nan nan nan nan nan nan nan nan nan nan nan nan nan nan nan nan nan nan nan nan nan nan nan nan nan nan nan nan nan nan nan nan nan nan nan nan nan nan nan nan nan nan nan nan nan nan nan nan nan nan nan nan nan nan nan nan nan nan nan nan nan nan nan nan nan nan nan nan nan nan nan nan nan nan nan ]
W FCN result is NaN for [ nan nan nan nan nan nan nan nan nan nan nan nan nan nan nan nan nan nan nan nan nan nan nan nan nan nan nan nan nan nan nan nan nan nan nan nan nan nan nan nan nan nan nan nan nan nan nan nan nan nan nan nan nan nan nan nan nan nan nan nan nan nan nan nan nan nan nan nan nan nan nan nan nan nan nan nan nan nan nan nan nan nan nan nan nan nan nan nan nan nan nan nan nan nan nan nan nan nan nan nan nan nan nan nan nan nan nan nan ]
W FCN result is NaN for [ nan nan nan nan nan nan nan nan nan nan nan nan nan nan nan nan nan nan nan nan nan nan nan nan nan nan nan nan nan nan nan nan nan nan nan nan nan nan nan nan nan nan nan nan nan nan nan nan nan nan nan nan nan nan nan nan nan nan nan nan nan nan nan nan nan nan nan nan nan nan nan nan nan nan nan nan nan nan nan nan nan nan nan nan nan nan nan nan nan nan nan nan nan nan nan nan nan nan nan nan nan nan nan nan nan nan nan nan ]
W FCN result is NaN for [ nan nan nan nan nan nan nan nan nan nan nan nan nan nan nan nan nan nan nan nan nan nan nan nan nan nan nan nan nan nan nan nan nan nan nan nan nan nan nan nan nan nan nan nan nan nan nan nan nan nan nan nan nan nan nan nan nan nan nan nan nan nan nan nan nan nan nan nan nan nan nan nan nan nan nan nan nan nan nan nan nan nan nan nan nan nan nan nan nan nan nan nan nan nan nan nan nan nan nan nan nan nan nan nan nan nan nan nan ]
W VariableMetricBuilder No improvement in line search
W VariableMetricBuilder Iterations finish without convergence; Edm 4896 Requested 0.0002
W VariableMetricBuilder No convergence; Edm 2196.55 is above tolerance 0.002
str_src_12_31
str_src_12_61
str_src_31_81
str_src_81
str_srhigh_12_301
str_srhigh_301
str_srlow_101_201
str_srlow_101_301
str_srlow_12_81
str_srlow_301
str_srmed_101
str_srmed_12_101
str_srzhigh
str_srzlow
str_srzmed

real	8m38.405s
user	8m52.332s
sys	0m17.170s
