Rpv2L
         cabinetry n=5.0    10.5
         cabinetry n=2.7    7.3
         cabinetry n=5.4    11.2
         cabinetry n=8.1    16.2
    cabinetry_post n=5.0    10.4
    cabinetry_post n=2.7    7.1
    cabinetry_post n=5.2    10.7
    cabinetry_post n=7.8    15.5
            normal n=5.0    11.0
            normal n=2.4    7.4
            normal n=5.4    11.7
            normal n=8.4    17.0
        normal_log n=5.0    10.6
        normal_log n=2.6    7.2
        normal_log n=5.7    11.8
        normal_log n=8.9    17.6
             delta n=5.0    9.6
             delta n=3.1    7.1
             delta n=5.4    10.2
             delta n=7.7    14.6
          linspace n=5.0    10.7
          linspace n=2.5    7.1
          linspace n=5.2    11.0
          linspace n=7.9    15.9
          mcmc_mix n=5.0    10.7
          mcmc_mix n=2.5    7.0
          mcmc_mix n=5.1    10.9
          mcmc_mix n=7.8    15.8
            signal n=obs    10.8
Rpc3LSS1b
         cabinetry n=4.0    10.5
         cabinetry n=1.3    6.2
         cabinetry n=3.5    9.5
         cabinetry n=5.6    13.7
    cabinetry_post n=4.0    10.2
    cabinetry_post n=1.5    6.2
    cabinetry_post n=3.6    9.4
    cabinetry_post n=5.7    13.6
            normal n=4.0    10.6
            normal n=1.3    6.2
            normal n=3.5    9.6
            normal n=5.6    13.9
        normal_log n=4.0    10.3
        normal_log n=1.4    6.1
        normal_log n=3.6    9.7
        normal_log n=5.9    14.2
             delta n=4.0    9.9
             delta n=1.6    6.1
             delta n=3.5    8.9
             delta n=5.3    12.7
          linspace n=4.0    10.4
          linspace n=1.3    6.1
          linspace n=3.5    9.5
          linspace n=5.7    13.8
          mcmc_mix n=4.0    10.5
          mcmc_mix n=1.3    6.1
          mcmc_mix n=3.4    9.4
          mcmc_mix n=5.5    13.7
            signal n=obs    10.4
Rpc2L2b
         cabinetry n=12.0   20.5
         cabinetry n=4.3    8.6
         cabinetry n=7.8    13.1
         cabinetry n=11.2   18.9
    cabinetry_post n=12.0   18.2
    cabinetry_post n=5.6    8.8
    cabinetry_post n=9.0    13.2
    cabinetry_post n=12.4   19.0
            normal n=12.0   20.8
            normal n=4.1    8.8
            normal n=7.8    13.5
            normal n=11.4   19.6
        normal_log n=12.0   20.2
        normal_log n=4.3    8.4
        normal_log n=8.1    13.5
        normal_log n=11.9   20.0
             delta n=12.0   19.6
             delta n=5.0    8.0
             delta n=7.8    11.6
             delta n=10.5   16.5
          linspace n=12.0   20.6
          linspace n=4.2    8.3
          linspace n=7.7    13.0
          linspace n=11.1   18.9
          mcmc_mix n=12.0   20.0
          mcmc_mix n=4.5    8.5
          mcmc_mix n=8.0    13.1
          mcmc_mix n=11.5   19.2
            signal n=obs    20.6
Rpc2L1b
         cabinetry n=11.0   20.2
         cabinetry n=3.6    7.8
         cabinetry n=6.5    11.7
         cabinetry n=9.4    16.9
    cabinetry_post n=11.0   18.6
    cabinetry_post n=4.4    8.0
    cabinetry_post n=7.3    11.9
    cabinetry_post n=10.3   17.2
            normal n=11.0   20.3
            normal n=3.5    7.8
            normal n=6.5    11.8
            normal n=9.4    17.0
        normal_log n=11.0   19.9
        normal_log n=3.7    7.7
        normal_log n=6.7    11.8
        normal_log n=9.7    17.2
             delta n=11.0   19.9
             delta n=3.9    7.5
             delta n=6.5    10.9
             delta n=9.0    15.6
          linspace n=11.0   20.5
          linspace n=3.5    7.7
          linspace n=6.4    11.6
          linspace n=9.2    16.8
          mcmc_mix n=11.0   20.1
          mcmc_mix n=3.6    7.7
          mcmc_mix n=6.6    11.7
          mcmc_mix n=9.5    17.0
            signal n=obs    20.2
Rpc2L0b
         cabinetry n=6.0    13.0
         cabinetry n=2.1    6.8
         cabinetry n=4.5    10.3
         cabinetry n=7.0    14.9
    cabinetry_post n=6.0    12.4
    cabinetry_post n=2.4    6.9
    cabinetry_post n=4.9    10.4
    cabinetry_post n=7.3    15.0
            normal n=6.0    13.1
            normal n=2.1    6.8
            normal n=4.5    10.5
            normal n=7.0    15.1
        normal_log n=6.0    12.9
        normal_log n=2.2    6.7
        normal_log n=4.7    10.5
        normal_log n=7.3    15.4
             delta n=6.0    12.4
             delta n=2.4    6.7
             delta n=4.5    9.7
             delta n=6.7    13.8
          linspace n=6.0    12.9
          linspace n=2.2    6.8
          linspace n=4.6    10.4
          linspace n=7.1    15.1
          mcmc_mix n=6.0    12.7
          mcmc_mix n=2.3    6.8
          mcmc_mix n=4.7    10.4
          mcmc_mix n=7.2    15.1
            signal n=obs    12.9

real	0m40.646s
user	0m41.403s
sys	0m1.468s
