BDT-GGd1
         cabinetry n=34.0   29.6
         cabinetry n=22.7   16.6
         cabinetry n=30.1   24.4
         cabinetry n=37.4   34.7
    cabinetry_post n=34.0   25.7
    cabinetry_post n=25.1   15.8
    cabinetry_post n=31.9   22.9
    cabinetry_post n=38.6   32.6
            normal n=34.0   29.7
            normal n=22.7   16.7
            normal n=30.1   24.5
            normal n=37.4   34.9
        normal_log n=34.0   28.8
        normal_log n=23.0   15.8
        normal_log n=30.5   24.0
        normal_log n=37.9   34.7
             delta n=34.0   25.2
             delta n=24.6   13.8
             delta n=30.1   19.6
             delta n=35.6   27.7
          linspace n=34.0   28.1
          linspace n=23.6   16.1
          linspace n=31.1   24.2
          linspace n=38.6   34.9
          mcmc_mix n=34.0   29.6
          mcmc_mix n=22.4   15.6
          mcmc_mix n=29.6   23.6
          mcmc_mix n=36.9   34.0
            signal n=obs    28.4
BDT-GGd2
         cabinetry n=68.0   53.7
         cabinetry n=42.8   20.9
         cabinetry n=52.1   30.2
         cabinetry n=61.3   42.8
    cabinetry_post n=68.0   42.9
    cabinetry_post n=49.4   20.8
    cabinetry_post n=58.5   29.8
    cabinetry_post n=67.5   42.2
            normal n=68.0   53.8
            normal n=42.8   20.9
            normal n=52.1   30.2
            normal n=61.3   42.8
        normal_log n=68.0   52.7
        normal_log n=43.1   20.2
        normal_log n=52.4   29.8
        normal_log n=61.7   42.5
             delta n=68.0   50.8
             delta n=44.9   17.5
             delta n=52.1   24.7
             delta n=59.3   34.9
          linspace n=68.0   52.2
          linspace n=43.5   20.6
          linspace n=52.9   30.1
          linspace n=62.3   43.0
          mcmc_mix n=68.0   55.3
          mcmc_mix n=41.6   20.4
          mcmc_mix n=50.9   29.9
          mcmc_mix n=60.2   42.7
            signal n=obs    52.4
BDT-GGd3
         cabinetry n=227.0  72.6
         cabinetry n=201.3  48.6
         cabinetry n=223.5  68.8
         cabinetry n=245.7  96.4
    cabinetry_post n=227.0  60.2
    cabinetry_post n=206.8  41.4
    cabinetry_post n=225.4  58.5
    cabinetry_post n=244.1  82.0
            normal n=227.0  72.7
            normal n=201.3  48.6
            normal n=223.5  68.8
            normal n=245.7  96.4
        normal_log n=227.0  70.4
        normal_log n=201.9  46.4
        normal_log n=224.1  67.2
        normal_log n=246.4  94.9
             delta n=227.0  51.9
             delta n=208.6  34.2
             delta n=223.5  47.9
             delta n=238.5  67.1
          linspace n=227.0  70.4
          linspace n=202.8  47.7
          linspace n=225.5  68.7
          linspace n=248.2  97.0
          mcmc_mix n=227.0  80.3
          mcmc_mix n=193.6  46.5
          mcmc_mix n=215.8  67.2
          mcmc_mix n=238.1  95.0
            signal n=obs    70.2
BDT-GGd4
         cabinetry n=291.0  82.1
         cabinetry n=268.7  63.1
         cabinetry n=297.7  89.0
         cabinetry n=326.6  124.4
    cabinetry_post n=291.0  65.7
    cabinetry_post n=271.5  48.4
    cabinetry_post n=293.4  68.2
    cabinetry_post n=315.3  95.5
            normal n=291.0  82.3
            normal n=268.7  63.2
            normal n=297.7  89.1
            normal n=326.7  124.6
        normal_log n=291.0  78.2
        normal_log n=269.5  59.1
        normal_log n=298.6  86.1
        normal_log n=327.7  121.7
             delta n=291.0  48.0
             delta n=280.4  39.1
             delta n=297.7  54.8
             delta n=314.9  76.7
          linspace n=291.0  75.4
          linspace n=272.1  58.9
          linspace n=301.6  86.4
          linspace n=331.1  122.6
          mcmc_mix n=291.0  70.1
          mcmc_mix n=279.5  60.5
          mcmc_mix n=309.7  88.6
          mcmc_mix n=339.9  125.5
            signal n=obs    75.9
BDT-GGo1
         cabinetry n=6.0    12.1
         cabinetry n=2.7    7.4
         cabinetry n=5.5    11.3
         cabinetry n=8.3    16.3
    cabinetry_post n=6.0    11.7
    cabinetry_post n=3.0    7.4
    cabinetry_post n=5.7    11.1
    cabinetry_post n=8.4    16.0
            normal n=6.0    12.1
            normal n=2.7    7.4
            normal n=5.5    11.3
            normal n=8.3    16.3
        normal_log n=6.0    11.8
        normal_log n=2.9    7.3
        normal_log n=5.7    11.3
        normal_log n=8.6    16.6
             delta n=6.0    11.1
             delta n=3.2    7.1
             delta n=5.5    10.3
             delta n=7.9    14.7
          linspace n=6.0    12.4
          linspace n=2.7    7.7
          linspace n=5.7    11.9
          linspace n=8.8    17.3
          mcmc_mix n=6.0    11.9
          mcmc_mix n=2.8    7.2
          mcmc_mix n=5.5    11.0
          mcmc_mix n=8.2    16.1
            signal n=obs    11.7
BDT-GGo2
         cabinetry n=25.0   28.3
         cabinetry n=13.4   11.9
         cabinetry n=18.3   17.5
         cabinetry n=23.2   25.0
    cabinetry_post n=25.0   25.6
    cabinetry_post n=14.9   12.2
    cabinetry_post n=19.9   17.8
    cabinetry_post n=24.9   25.4
            normal n=25.0   28.3
            normal n=13.4   12.0
            normal n=18.3   17.5
            normal n=23.2   25.0
        normal_log n=25.0   28.0
        normal_log n=13.5   11.8
        normal_log n=18.4   17.4
        normal_log n=23.3   25.1
             delta n=25.0   27.4
             delta n=14.0   11.2
             delta n=18.3   16.0
             delta n=22.5   22.7
          linspace n=25.0   28.7
          linspace n=13.2   12.3
          linspace n=18.3   18.0
          linspace n=23.4   25.8
          mcmc_mix n=25.0   28.1
          mcmc_mix n=13.5   12.0
          mcmc_mix n=18.5   17.7
          mcmc_mix n=23.5   25.4
            signal n=obs    28.0
BDT-GGo3
         cabinetry n=80.0   35.4
         cabinetry n=72.0   28.3
         cabinetry n=84.8   40.5
         cabinetry n=97.5   57.1
    cabinetry_post n=80.0   32.8
    cabinetry_post n=71.5   24.9
    cabinetry_post n=82.5   35.5
    cabinetry_post n=93.4   50.1
            normal n=80.0   35.5
            normal n=72.0   28.3
            normal n=84.8   40.6
            normal n=97.5   57.3
        normal_log n=80.0   34.0
        normal_log n=72.4   27.0
        normal_log n=85.2   39.7
        normal_log n=98.1   56.5
             delta n=80.0   25.6
             delta n=75.6   21.8
             delta n=84.8   30.7
             delta n=94.0   43.2
          linspace n=80.0   34.3
          linspace n=72.7   27.7
          linspace n=85.8   40.5
          linspace n=98.8   57.6
          mcmc_mix n=80.0   40.1
          mcmc_mix n=66.6   26.6
          mcmc_mix n=79.4   39.3
          mcmc_mix n=92.1   56.2
            signal n=obs    34.2
BDT-GGo4
         cabinetry n=135.0  41.4
         cabinetry n=138.9  44.3
         cabinetry n=159.1  62.8
         cabinetry n=179.4  88.2
    cabinetry_post n=135.0  38.6
    cabinetry_post n=129.0  33.6
    cabinetry_post n=144.1  47.7
    cabinetry_post n=159.1  67.1
            normal n=135.0  41.7
            normal n=138.8  44.4
            normal n=159.1  63.0
            normal n=179.4  88.5
        normal_log n=135.0  37.8
        normal_log n=139.5  41.2
        normal_log n=159.9  60.7
        normal_log n=180.3  86.4
             delta n=135.0  21.9
             delta n=146.5  29.1
             delta n=159.1  40.9
             delta n=171.7  57.4
          linspace n=135.0  37.6
          linspace n=140.7  41.9
          linspace n=162.3  62.8
          linspace n=183.9  90.0
          mcmc_mix n=135.0  33.7
          mcmc_mix n=151.0  44.8
          mcmc_mix n=173.4  66.2
          mcmc_mix n=195.9  94.2
            signal n=obs    37.9
SR2j-1600
         cabinetry n=2111.0 352.2
         cabinetry n=2051.6 307.1
         cabinetry n=2192.8 427.2
         cabinetry n=2334.0 593.0
    cabinetry_post n=2111.0 183.5
    cabinetry_post n=2057.1 138.3
    cabinetry_post n=2120.5 193.0
    cabinetry_post n=2184.0 268.5
            normal n=2111.0 353.4
            normal n=2051.3 308.1
            normal n=2192.9 428.6
            normal n=2334.6 594.8
        normal_log n=2111.0 326.3
        normal_log n=2055.0 281.5
        normal_log n=2197.0 407.8
        normal_log n=2339.0 573.2
             delta n=2111.0 81.9
             delta n=2146.1 103.1
             delta n=2192.9 143.5
             delta n=2239.8 199.8
          linspace n=2111.0 306.7
          linspace n=2070.3 274.4
          linspace n=2214.0 404.1
          linspace n=2357.7 571.5
          mcmc_mix n=2111.0 300.0
          mcmc_mix n=2079.3 275.2
          mcmc_mix n=2223.4 405.0
          mcmc_mix n=2367.4 572.9
            signal n=obs    307.1
SR2j-2200
         cabinetry n=971.0  168.5
         cabinetry n=922.3  127.6
         cabinetry n=980.9  178.4
         cabinetry n=1039.6 248.3
    cabinetry_post n=971.0  121.7
    cabinetry_post n=933.1  89.0
    cabinetry_post n=973.8  124.6
    cabinetry_post n=1014.4 173.7
            normal n=971.0  169.0
            normal n=922.1  128.0
            normal n=980.9  179.0
            normal n=1039.8 249.1
        normal_log n=971.0  162.5
        normal_log n=923.2  121.4
        normal_log n=982.2  173.9
        normal_log n=1041.1 244.0
             delta n=971.0  87.1
             delta n=949.6  69.5
             delta n=980.9  97.0
             delta n=1012.2 135.2
          linspace n=971.0  163.1
          linspace n=923.7  122.6
          linspace n=982.8  175.1
          linspace n=1041.9 245.3
          mcmc_mix n=971.0  158.7
          mcmc_mix n=928.9  123.2
          mcmc_mix n=988.4  176.0
          mcmc_mix n=1047.8 246.6
            signal n=obs    163.6
SR2j-2800
         cabinetry n=78.0   30.1
         cabinetry n=74.4   27.1
         cabinetry n=86.5   38.7
         cabinetry n=98.6   54.6
    cabinetry_post n=78.0   29.6
    cabinetry_post n=72.2   24.5
    cabinetry_post n=83.0   34.9
    cabinetry_post n=93.8   49.3
            normal n=78.0   30.1
            normal n=74.4   27.1
            normal n=86.5   38.8
            normal n=98.7   54.7
        normal_log n=78.0   29.0
        normal_log n=74.7   26.2
        normal_log n=86.9   38.2
        normal_log n=99.1   54.2
             delta n=78.0   22.6
             delta n=77.2   22.0
             delta n=86.5   31.0
             delta n=95.8   43.6
          linspace n=78.0   28.8
          linspace n=75.2   26.4
          linspace n=87.4   38.4
          linspace n=99.6   54.5
          mcmc_mix n=78.0   30.0
          mcmc_mix n=73.5   26.1
          mcmc_mix n=85.5   37.9
          mcmc_mix n=97.6   53.8
            signal n=obs    29.0
SR4j-1000
         cabinetry n=535.0  117.7
         cabinetry n=497.3  84.8
         cabinetry n=536.2  119.0
         cabinetry n=575.2  166.0
    cabinetry_post n=535.0  90.9
    cabinetry_post n=505.8  65.1
    cabinetry_post n=535.5  91.4
    cabinetry_post n=565.1  127.7
            normal n=535.0  117.8
            normal n=497.3  84.9
            normal n=536.3  119.1
            normal n=575.2  166.2
        normal_log n=535.0  113.6
        normal_log n=498.1  80.7
        normal_log n=537.2  115.9
        normal_log n=576.2  163.1
             delta n=535.0  71.2
             delta n=513.1  51.9
             delta n=536.3  72.5
             delta n=559.4  101.3
          linspace n=535.0  108.6
          linspace n=502.2  79.4
          linspace n=541.9  115.8
          linspace n=581.6  163.7
          mcmc_mix n=535.0  111.5
          mcmc_mix n=499.8  80.0
          mcmc_mix n=539.5  116.3
          mcmc_mix n=579.3  164.2
            signal n=obs    109.2
SR4j-2200
         cabinetry n=60.0   30.4
         cabinetry n=50.5   20.9
         cabinetry n=59.6   29.9
         cabinetry n=68.6   42.3
    cabinetry_post n=60.0   29.3
    cabinetry_post n=50.9   20.3
    cabinetry_post n=59.7   29.0
    cabinetry_post n=68.4   41.0
            normal n=60.0   30.5
            normal n=50.5   20.9
            normal n=59.6   29.9
            normal n=68.6   42.3
        normal_log n=60.0   30.0
        normal_log n=50.6   20.6
        normal_log n=59.7   29.7
        normal_log n=68.9   42.2
             delta n=60.0   26.8
             delta n=51.8   18.6
             delta n=59.6   26.2
             delta n=67.3   37.0
          linspace n=60.0   29.6
          linspace n=51.1   20.7
          linspace n=60.3   29.9
          linspace n=69.5   42.5
          mcmc_mix n=60.0   30.0
          mcmc_mix n=50.7   20.6
          mcmc_mix n=59.9   29.8
          mcmc_mix n=69.1   42.4
            signal n=obs    29.8
SR4j-3400
         cabinetry n=4.0    8.4
         cabinetry n=3.1    7.3
         cabinetry n=5.7    10.9
         cabinetry n=8.3    15.7
    cabinetry_post n=4.0    8.5
    cabinetry_post n=3.0    7.2
    cabinetry_post n=5.5    10.7
    cabinetry_post n=8.0    15.3
            normal n=4.0    8.4
            normal n=3.1    7.3
            normal n=5.7    10.9
            normal n=8.3    15.7
        normal_log n=4.0    8.3
        normal_log n=3.2    7.3
        normal_log n=5.8    10.9
        normal_log n=8.5    15.8
             delta n=4.0    8.0
             delta n=3.3    7.2
             delta n=5.7    10.5
             delta n=8.1    14.9
          linspace n=4.0    8.2
          linspace n=3.3    7.4
          linspace n=6.0    11.0
          linspace n=8.6    15.9
          mcmc_mix n=4.0    8.7
          mcmc_mix n=2.7    7.0
          mcmc_mix n=5.2    10.5
          mcmc_mix n=7.6    15.1
            signal n=obs    8.3
SR5j-1600
         cabinetry n=320.0  82.6
         cabinetry n=292.3  57.5
         cabinetry n=318.6  81.1
         cabinetry n=344.9  113.4
    cabinetry_post n=320.0  69.6
    cabinetry_post n=297.2  49.0
    cabinetry_post n=319.4  69.0
    cabinetry_post n=341.5  96.5
            normal n=320.0  82.6
            normal n=292.3  57.5
            normal n=318.6  81.1
            normal n=344.9  113.4
        normal_log n=320.0  80.3
        normal_log n=292.9  55.3
        normal_log n=319.2  79.5
        normal_log n=345.5  111.9
             delta n=320.0  58.1
             delta n=300.7  40.4
             delta n=318.6  56.6
             delta n=336.4  79.2
          linspace n=320.0  77.7
          linspace n=295.1  55.0
          linspace n=321.8  79.7
          linspace n=348.5  112.7
          mcmc_mix n=320.0  81.9
          mcmc_mix n=291.0  54.7
          mcmc_mix n=317.4  79.1
          mcmc_mix n=343.8  111.7
            signal n=obs    78.2
SR6j-1000
         cabinetry n=25.0   24.8
         cabinetry n=15.6   12.9
         cabinetry n=21.0   19.0
         cabinetry n=26.4   27.1
    cabinetry_post n=25.0   22.9
    cabinetry_post n=16.8   13.0
    cabinetry_post n=22.2   18.8
    cabinetry_post n=27.5   26.9
            normal n=25.0   24.8
            normal n=15.6   13.0
            normal n=21.0   19.0
            normal n=26.4   27.1
        normal_log n=25.0   24.4
        normal_log n=15.8   12.7
        normal_log n=21.2   18.9
        normal_log n=26.7   27.1
             delta n=25.0   23.0
             delta n=16.4   11.8
             delta n=21.0   16.9
             delta n=25.6   24.0
          linspace n=25.0   24.6
          linspace n=15.7   13.1
          linspace n=21.3   19.4
          linspace n=26.9   27.8
          mcmc_mix n=25.0   27.5
          mcmc_mix n=13.8   12.2
          mcmc_mix n=19.0   18.2
          mcmc_mix n=24.2   26.1
            signal n=obs    24.4
SR6j-2200
         cabinetry n=5.0    10.9
         cabinetry n=2.3    6.8
         cabinetry n=4.7    10.3
         cabinetry n=7.0    14.8
    cabinetry_post n=5.0    10.7
    cabinetry_post n=2.3    6.8
    cabinetry_post n=4.7    10.3
    cabinetry_post n=7.1    14.8
            normal n=5.0    11.0
            normal n=2.2    6.8
            normal n=4.7    10.4
            normal n=7.1    15.0
        normal_log n=5.0    10.8
        normal_log n=2.3    6.8
        normal_log n=4.8    10.4
        normal_log n=7.3    15.2
             delta n=5.0    10.4
             delta n=2.5    6.7
             delta n=4.7    9.8
             delta n=6.8    13.9
          linspace n=5.0    10.1
          linspace n=3.1    7.5
          linspace n=10.4   18.8
          linspace n=17.7   30.3
          mcmc_mix n=5.0    10.9
          mcmc_mix n=1.9    6.4
          mcmc_mix n=4.8    10.5
          mcmc_mix n=7.6    16.2
            signal n=obs    10.7
SR6j-3400
         cabinetry n=0.0    4.5
         cabinetry n=0.0    4.5
         cabinetry n=0.8    6.5
         cabinetry n=1.8    9.2
    cabinetry_post n=0.0    4.5
    cabinetry_post n=0.0    4.5
    cabinetry_post n=0.7    6.2
    cabinetry_post n=1.6    8.7
            normal n=0.0    4.5
            normal n=0.0    4.5
            normal n=0.8    6.5
            normal n=1.8    9.1
        normal_log n=0.0    4.5
        normal_log n=0.0    4.5
        normal_log n=0.9    6.6
        normal_log n=2.0    9.4
             delta n=0.0    4.5
             delta n=0.0    4.5
             delta n=0.8    6.3
             delta n=1.7    8.7
          linspace n=0.0    4.5
          linspace n=0.0    4.5
          linspace n=1.6    7.8
          linspace n=3.3    12.0
          mcmc_mix n=0.0    4.5
          mcmc_mix n=0.0    4.5
          mcmc_mix n=1.2    7.1
          mcmc_mix n=2.5    10.4
            signal n=obs    4.5

real	3m13.423s
user	3m14.021s
sys	0m1.428s
