SR2JBVEM_meffInc30_gluino
         cabinetry n=22.0   30.5
         cabinetry n=9.3    10.7
         cabinetry n=13.6   15.9
         cabinetry n=18.0   22.9
    cabinetry_post n=22.0   25.8
    cabinetry_post n=11.7   11.7
    cabinetry_post n=16.5   17.3
    cabinetry_post n=21.4   24.7
            normal n=22.0   30.5
            normal n=9.3    10.7
            normal n=13.6   15.9
            normal n=18.0   22.9
        normal_log n=22.0   30.0
        normal_log n=9.4    10.5
        normal_log n=13.8   15.9
        normal_log n=18.3   23.0
             delta n=22.0   30.2
             delta n=9.9    9.9
             delta n=13.6   14.3
             delta n=17.3   20.3
          linspace n=22.0   28.7
          linspace n=9.9    10.7
          linspace n=14.9   16.8
          linspace n=19.8   24.8
          mcmc_mix n=22.0   30.1
          mcmc_mix n=9.2    10.4
          mcmc_mix n=13.9   16.1
          mcmc_mix n=18.5   23.7
            signal n=obs    29.6
SR2JBVEM_meffInc30_squark
         cabinetry n=106.0  72.6
         cabinetry n=72.2   34.1
         cabinetry n=87.8   48.9
         cabinetry n=103.5  68.9
    cabinetry_post n=106.0  48.7
    cabinetry_post n=86.9   28.9
    cabinetry_post n=99.8   41.2
    cabinetry_post n=112.8  58.0
            normal n=106.0  72.8
            normal n=72.1   34.3
            normal n=87.8   49.1
            normal n=103.5  69.1
        normal_log n=106.0  69.1
        normal_log n=72.9   30.7
        normal_log n=88.7   46.6
        normal_log n=104.6  67.1
             delta n=106.0  58.9
             delta n=78.5   22.1
             delta n=87.8   31.2
             delta n=97.2   43.9
          linspace n=106.0  67.4
          linspace n=74.3   31.4
          linspace n=90.7   47.8
          linspace n=107.0  68.9
          mcmc_mix n=106.0  66.1
          mcmc_mix n=75.4   31.6
          mcmc_mix n=91.7   47.9
          mcmc_mix n=108.1  69.1
            signal n=obs    68.0
SR4JhighxBVEM_meffInc30
         cabinetry n=11.0   19.8
         cabinetry n=3.6    8.5
         cabinetry n=7.1    13.2
         cabinetry n=10.6   19.1
    cabinetry_post n=11.0   16.9
    cabinetry_post n=5.4    9.2
    cabinetry_post n=9.1    13.9
    cabinetry_post n=12.8   20.1
            normal n=11.0   19.8
            normal n=3.7    8.5
            normal n=7.1    13.1
            normal n=10.6   19.0
        normal_log n=11.0   19.2
        normal_log n=3.8    8.1
        normal_log n=7.5    13.1
        normal_log n=11.1   19.5
             delta n=11.0   18.6
             delta n=4.5    7.8
             delta n=7.1    11.3
             delta n=9.8    16.1
          linspace n=11.0   18.0
          linspace n=4.5    8.5
          linspace n=9.1    14.9
          linspace n=13.7   22.7
          mcmc_mix n=11.0   19.5
          mcmc_mix n=3.6    7.9
          mcmc_mix n=7.4    13.1
          mcmc_mix n=11.1   19.8
            signal n=obs    18.8
SR4JlowxBVEM_meffInc30
         cabinetry n=10.0   14.2
         cabinetry n=6.0    9.0
         cabinetry n=9.5    13.4
         cabinetry n=13.0   19.3
    cabinetry_post n=10.0   13.8
    cabinetry_post n=6.2    9.0
    cabinetry_post n=9.6    13.3
    cabinetry_post n=13.0   19.1
            normal n=10.0   14.3
            normal n=6.0    9.1
            normal n=9.5    13.5
            normal n=13.0   19.4
        normal_log n=10.0   14.0
        normal_log n=6.1    9.0
        normal_log n=9.6    13.5
        normal_log n=13.2   19.5
             delta n=10.0   13.2
             delta n=6.4    8.7
             delta n=9.5    12.5
             delta n=12.6   17.8
          linspace n=10.0   13.7
          linspace n=6.3    9.1
          linspace n=10.1   13.8
          linspace n=13.8   20.2
          mcmc_mix n=10.0   14.6
          mcmc_mix n=5.7    8.8
          mcmc_mix n=9.2    13.3
          mcmc_mix n=12.7   19.3
            signal n=obs    13.9
SR6JBVEM_meffInc30_gluino
         cabinetry n=2.0    8.1
         cabinetry n=0.3    5.0
         cabinetry n=1.8    7.8
         cabinetry n=3.3    11.2
    cabinetry_post n=2.0    8.0
    cabinetry_post n=0.4    5.1
    cabinetry_post n=1.9    7.8
    cabinetry_post n=3.3    11.1
            normal n=2.0    8.1
            normal n=0.3    5.0
            normal n=1.8    7.8
            normal n=3.3    11.2
        normal_log n=2.0    8.0
        normal_log n=0.4    5.1
        normal_log n=1.9    7.9
        normal_log n=3.5    11.4
             delta n=2.0    7.8
             delta n=0.5    5.1
             delta n=1.8    7.5
             delta n=3.2    10.6
          linspace n=2.0    7.8
          linspace n=0.5    5.2
          linspace n=2.5    8.7
          linspace n=4.5    13.1
          mcmc_mix n=2.0    7.8
          mcmc_mix n=0.5    5.2
          mcmc_mix n=2.3    8.5
          mcmc_mix n=4.2    12.6
            signal n=obs    8.0
SR6JBVEM_meffInc30_squark
         cabinetry n=5.0    10.0
         cabinetry n=2.9    7.1
         cabinetry n=5.3    10.5
         cabinetry n=7.8    15.2
    cabinetry_post n=5.0    10.0
    cabinetry_post n=2.9    7.1
    cabinetry_post n=5.3    10.5
    cabinetry_post n=7.7    15.0
            normal n=5.0    10.0
            normal n=2.9    7.1
            normal n=5.3    10.5
            normal n=7.8    15.2
        normal_log n=5.0    9.9
        normal_log n=2.9    7.1
        normal_log n=5.4    10.6
        normal_log n=7.9    15.2
             delta n=5.0    9.7
             delta n=3.0    7.1
             delta n=5.3    10.2
             delta n=7.7    14.6
          linspace n=5.0    9.7
          linspace n=3.1    7.3
          linspace n=5.9    11.1
          linspace n=8.6    16.2
          mcmc_mix n=5.0    9.4
          mcmc_mix n=3.5    7.5
          mcmc_mix n=6.3    11.3
          mcmc_mix n=9.1    16.5
            signal n=obs    9.9

real	0m58.668s
user	0m59.438s
sys	0m1.444s
