SR_DF_0J_100_inf
         cabinetry n=95.0   52.9
         cabinetry n=79.5   38.7
         cabinetry n=97.2   55.3
         cabinetry n=115.0  77.7
    cabinetry_post n=95.0   39.3
    cabinetry_post n=83.3   28.2
    cabinetry_post n=95.8   40.2
    cabinetry_post n=108.4  56.7
            normal n=95.0   52.9
            normal n=79.5   38.8
            normal n=97.3   55.4
            normal n=115.1  77.9
        normal_log n=95.0   48.1
        normal_log n=80.4   33.9
        normal_log n=98.4   51.9
        normal_log n=116.4  74.9
             delta n=95.0   30.2
             delta n=87.4   23.2
             delta n=97.3   32.7
             delta n=107.1  45.9
          linspace n=95.0   39.6
          linspace n=89.2   34.0
          linspace n=111.9  58.3
          linspace n=134.7  86.7
          mcmc_mix n=95.0   23.7
          mcmc_mix n=110.9  34.6
          mcmc_mix n=131.5  55.7
          mcmc_mix n=152.2  82.2
            signal n=obs    40.2
SR_DF_0J_160_inf
         cabinetry n=21.0   20.7
         cabinetry n=13.9   12.2
         cabinetry n=18.9   17.8
         cabinetry n=23.9   25.5
    cabinetry_post n=21.0   20.0
    cabinetry_post n=14.5   12.3
    cabinetry_post n=19.5   18.0
    cabinetry_post n=24.6   25.7
            normal n=21.0   20.7
            normal n=13.9   12.2
            normal n=18.9   17.8
            normal n=24.0   25.5
        normal_log n=21.0   20.5
        normal_log n=14.1   12.0
        normal_log n=19.1   17.8
        normal_log n=24.1   25.5
             delta n=21.0   19.2
             delta n=14.6   11.4
             delta n=18.9   16.2
             delta n=23.3   23.0
          linspace n=21.0   19.4
          linspace n=15.1   12.5
          linspace n=20.6   18.9
          linspace n=26.2   27.3
          mcmc_mix n=21.0   17.8
          mcmc_mix n=16.4   12.7
          mcmc_mix n=21.8   18.9
          mcmc_mix n=27.3   27.2
            signal n=obs    20.1
SR_DF_0J_100_120
         cabinetry n=47.0   37.3
         cabinetry n=34.4   24.6
         cabinetry n=45.7   35.7
         cabinetry n=56.9   50.7
    cabinetry_post n=47.0   29.1
    cabinetry_post n=37.9   19.8
    cabinetry_post n=46.6   28.7
    cabinetry_post n=55.3   40.7
            normal n=47.0   37.4
            normal n=34.4   24.7
            normal n=45.7   35.8
            normal n=56.9   50.8
        normal_log n=47.0   34.3
        normal_log n=35.1   21.5
        normal_log n=46.6   33.8
        normal_log n=58.1   49.3
             delta n=47.0   25.1
             delta n=38.9   16.5
             delta n=45.7   23.4
             delta n=52.4   33.0
          linspace n=47.0   28.4
          linspace n=40.9   22.1
          linspace n=55.1   38.0
          linspace n=69.3   56.8
          mcmc_mix n=47.0   18.9
          mcmc_mix n=52.1   23.0
          mcmc_mix n=65.2   36.9
          mcmc_mix n=78.2   54.5
            signal n=obs    29.6
SR_DF_0J_120_160
         cabinetry n=27.0   18.3
         cabinetry n=25.3   16.8
         cabinetry n=32.6   24.4
         cabinetry n=39.9   34.8
    cabinetry_post n=27.0   17.2
    cabinetry_post n=24.7   15.1
    cabinetry_post n=31.0   21.8
    cabinetry_post n=37.3   31.0
            normal n=27.0   18.3
            normal n=25.3   16.8
            normal n=32.7   24.4
            normal n=40.0   34.8
        normal_log n=27.0   17.4
        normal_log n=25.6   16.1
        normal_log n=33.0   24.1
        normal_log n=40.3   34.7
             delta n=27.0   14.3
             delta n=26.9   14.3
             delta n=32.7   20.3
             delta n=38.4   28.7
          linspace n=27.0   16.2
          linspace n=27.9   17.0
          linspace n=36.6   26.6
          linspace n=45.3   38.9
          mcmc_mix n=27.0   12.1
          mcmc_mix n=35.8   18.2
          mcmc_mix n=44.5   27.5
          mcmc_mix n=53.3   39.8
            signal n=obs    16.4
SR_DF_1J_100_inf
         cabinetry n=75.0   39.5
         cabinetry n=62.8   27.8
         cabinetry n=75.3   39.9
         cabinetry n=87.9   56.3
    cabinetry_post n=75.0   34.3
    cabinetry_post n=64.5   24.1
    cabinetry_post n=75.2   34.5
    cabinetry_post n=85.8   48.8
            normal n=75.0   39.6
            normal n=62.8   27.9
            normal n=75.4   40.0
            normal n=88.0   56.5
        normal_log n=75.0   37.8
        normal_log n=63.2   26.1
        normal_log n=75.9   38.9
        normal_log n=88.6   55.6
             delta n=75.0   28.7
             delta n=66.7   20.6
             delta n=75.4   29.1
             delta n=84.1   41.0
          linspace n=75.0   34.5
          linspace n=67.4   27.2
          linspace n=82.2   42.6
          linspace n=97.0   62.0
          mcmc_mix n=75.0   34.2
          mcmc_mix n=67.3   27.0
          mcmc_mix n=81.2   41.1
          mcmc_mix n=95.0   59.3
            signal n=obs    34.7
SR_DF_1J_160_inf
         cabinetry n=15.0   16.7
         cabinetry n=10.4   11.4
         cabinetry n=15.2   17.0
         cabinetry n=19.9   24.3
    cabinetry_post n=15.0   16.1
    cabinetry_post n=10.6   11.0
    cabinetry_post n=15.1   16.2
    cabinetry_post n=19.6   23.3
            normal n=15.0   16.8
            normal n=10.4   11.4
            normal n=15.2   17.0
            normal n=19.9   24.4
        normal_log n=15.0   16.3
        normal_log n=10.6   11.1
        normal_log n=15.4   16.9
        normal_log n=20.2   24.4
             delta n=15.0   14.6
             delta n=11.3   10.4
             delta n=15.2   14.9
             delta n=19.1   21.1
          linspace n=15.0   15.3
          linspace n=11.9   11.8
          linspace n=17.4   18.4
          linspace n=23.0   27.0
          mcmc_mix n=15.0   15.9
          mcmc_mix n=10.9   11.2
          mcmc_mix n=16.1   17.4
          mcmc_mix n=21.2   25.4
            signal n=obs    15.7
SR_DF_1J_100_120
         cabinetry n=38.0   27.4
         cabinetry n=30.2   19.6
         cabinetry n=38.9   28.5
         cabinetry n=47.6   40.5
    cabinetry_post n=38.0   24.6
    cabinetry_post n=31.0   17.4
    cabinetry_post n=38.5   25.2
    cabinetry_post n=46.0   35.8
            normal n=38.0   27.4
            normal n=30.2   19.6
            normal n=38.9   28.6
            normal n=47.7   40.6
        normal_log n=38.0   26.1
        normal_log n=30.6   18.3
        normal_log n=39.4   27.8
        normal_log n=48.3   40.1
             delta n=38.0   20.7
             delta n=32.7   15.4
             delta n=38.9   21.8
             delta n=45.2   30.9
          linspace n=38.0   25.2
          linspace n=32.7   20.0
          linspace n=43.3   31.4
          linspace n=53.8   45.9
          mcmc_mix n=38.0   23.8
          mcmc_mix n=32.9   18.9
          mcmc_mix n=42.2   28.8
          mcmc_mix n=51.5   41.7
            signal n=obs    25.2
SR_DF_1J_120_160
         cabinetry n=22.0   20.0
         cabinetry n=15.8   13.0
         cabinetry n=21.3   19.0
         cabinetry n=26.7   27.2
    cabinetry_post n=22.0   19.3
    cabinetry_post n=16.2   12.8
    cabinetry_post n=21.5   18.6
    cabinetry_post n=26.8   26.6
            normal n=22.0   20.0
            normal n=15.8   13.0
            normal n=21.3   19.1
            normal n=26.7   27.3
        normal_log n=22.0   19.7
        normal_log n=16.0   12.8
        normal_log n=21.5   19.0
        normal_log n=27.0   27.3
             delta n=22.0   18.0
             delta n=16.7   11.9
             delta n=21.3   17.0
             delta n=25.9   24.1
          linspace n=22.0   18.6
          linspace n=17.2   13.3
          linspace n=23.3   20.3
          linspace n=29.5   29.5
          mcmc_mix n=22.0   18.9
          mcmc_mix n=16.9   13.2
          mcmc_mix n=22.9   20.0
          mcmc_mix n=28.8   29.0
            signal n=obs    19.2
SR_SF_0J_100_inf
         cabinetry n=147.0  55.1
         cabinetry n=127.9  36.9
         cabinetry n=144.7  52.5
         cabinetry n=161.4  73.8
    cabinetry_post n=147.0  48.1
    cabinetry_post n=131.1  33.0
    cabinetry_post n=145.9  46.8
    cabinetry_post n=160.6  65.8
            normal n=147.0  55.2
            normal n=127.9  37.0
            normal n=144.7  52.6
            normal n=161.4  73.9
        normal_log n=147.0  53.6
        normal_log n=128.3  35.5
        normal_log n=145.2  51.5
        normal_log n=162.0  73.0
             delta n=147.0  41.8
             delta n=132.7  27.9
             delta n=144.7  39.1
             delta n=156.7  55.0
          linspace n=147.0  59.6
          linspace n=127.4  41.1
          linspace n=147.7  60.3
          linspace n=167.9  85.8
          mcmc_mix n=147.0  33.8
          mcmc_mix n=158.8  41.4
          mcmc_mix n=178.0  59.2
          mcmc_mix n=197.3  83.7
            signal n=obs    59.2
SR_SF_0J_160_inf
         cabinetry n=37.0   22.8
         cabinetry n=30.5   16.1
         cabinetry n=37.3   23.2
         cabinetry n=44.1   32.9
    cabinetry_post n=37.0   22.5
    cabinetry_post n=30.6   15.9
    cabinetry_post n=37.2   22.8
    cabinetry_post n=43.9   32.4
            normal n=37.0   22.8
            normal n=30.5   16.1
            normal n=37.3   23.2
            normal n=44.1   32.9
        normal_log n=37.0   22.6
        normal_log n=30.6   16.0
        normal_log n=37.4   23.1
        normal_log n=44.2   32.9
             delta n=37.0   21.1
             delta n=31.2   15.1
             delta n=37.3   21.4
             delta n=43.4   30.3
          linspace n=37.0   22.1
          linspace n=31.2   16.3
          linspace n=38.2   23.7
          linspace n=45.3   33.8
          mcmc_mix n=37.0   14.9
          mcmc_mix n=42.2   18.6
          mcmc_mix n=50.3   26.9
          mcmc_mix n=58.4   38.2
            signal n=obs    22.4
SR_SF_0J_100_120
         cabinetry n=53.0   27.8
         cabinetry n=46.8   22.1
         cabinetry n=56.6   31.8
         cabinetry n=66.4   45.1
    cabinetry_post n=53.0   27.3
    cabinetry_post n=45.8   20.4
    cabinetry_post n=54.7   29.3
    cabinetry_post n=63.6   41.4
            normal n=53.0   27.9
            normal n=46.8   22.1
            normal n=56.6   31.9
            normal n=66.4   45.1
        normal_log n=53.0   26.9
        normal_log n=47.1   21.3
        normal_log n=56.9   31.3
        normal_log n=66.8   44.8
             delta n=53.0   21.7
             delta n=49.1   18.1
             delta n=56.6   25.7
             delta n=64.1   36.2
          linspace n=53.0   33.7
          linspace n=44.4   25.7
          linspace n=56.0   37.0
          linspace n=67.7   52.6
          mcmc_mix n=53.0   22.0
          mcmc_mix n=59.2   26.1
          mcmc_mix n=70.5   36.9
          mcmc_mix n=81.8   52.0
            signal n=obs    32.9
SR_SF_0J_120_160
         cabinetry n=57.0   37.4
         cabinetry n=41.9   20.2
         cabinetry n=50.8   29.2
         cabinetry n=59.6   41.3
    cabinetry_post n=57.0   32.4
    cabinetry_post n=45.5   20.2
    cabinetry_post n=54.3   29.1
    cabinetry_post n=63.1   41.2
            normal n=57.0   37.4
            normal n=41.9   20.2
            normal n=50.8   29.2
            normal n=59.7   41.4
        normal_log n=57.0   36.7
        normal_log n=42.1   19.7
        normal_log n=51.1   28.9
        normal_log n=60.0   41.2
             delta n=57.0   33.1
             delta n=43.7   17.3
             delta n=50.8   24.5
             delta n=57.9   34.6
          linspace n=57.0   34.2
          linspace n=44.6   20.6
          linspace n=54.9   31.5
          linspace n=65.2   45.6
          mcmc_mix n=57.0   29.9
          mcmc_mix n=47.6   20.2
          mcmc_mix n=57.3   30.2
          mcmc_mix n=67.0   43.7
            signal n=obs    35.5
SR_SF_1J_100_inf
         cabinetry n=120.0  46.8
         cabinetry n=108.1  36.3
         cabinetry n=124.6  51.7
         cabinetry n=141.1  72.7
    cabinetry_post n=120.0  40.8
    cabinetry_post n=108.5  30.3
    cabinetry_post n=122.0  43.0
    cabinetry_post n=135.5  60.5
            normal n=120.0  47.0
            normal n=108.1  36.4
            normal n=124.6  51.8
            normal n=141.2  72.9
        normal_log n=120.0  44.7
        normal_log n=108.6  34.3
        normal_log n=125.2  50.4
        normal_log n=141.9  71.6
             delta n=120.0  31.7
             delta n=113.5  26.0
             delta n=124.6  36.6
             delta n=135.8  51.4
          linspace n=120.0  50.4
          linspace n=107.8  39.5
          linspace n=127.5  58.4
          linspace n=147.2  83.3
          mcmc_mix n=120.0  26.2
          mcmc_mix n=148.0  41.7
          mcmc_mix n=167.6  59.9
          mcmc_mix n=187.2  84.7
            signal n=obs    50.0
SR_SF_1J_160_inf
         cabinetry n=29.0   17.6
         cabinetry n=28.7   17.3
         cabinetry n=36.2   25.2
         cabinetry n=43.8   35.8
    cabinetry_post n=29.0   17.7
    cabinetry_post n=27.0   15.9
    cabinetry_post n=33.8   22.9
    cabinetry_post n=40.5   32.6
            normal n=29.0   17.7
            normal n=28.7   17.4
            normal n=36.2   25.2
            normal n=43.8   35.9
        normal_log n=29.0   16.9
        normal_log n=28.9   16.8
        normal_log n=36.5   24.9
        normal_log n=44.1   35.7
             delta n=29.0   13.9
             delta n=30.2   14.9
             delta n=36.2   21.2
             delta n=42.3   30.0
          linspace n=29.0   16.5
          linspace n=29.9   17.2
          linspace n=38.1   26.0
          linspace n=46.2   37.5
          mcmc_mix n=29.0   11.1
          mcmc_mix n=45.7   20.9
          mcmc_mix n=55.2   30.6
          mcmc_mix n=64.8   43.7
            signal n=obs    16.5
SR_SF_1J_100_120
         cabinetry n=55.0   42.8
         cabinetry n=37.5   23.4
         cabinetry n=48.1   34.0
         cabinetry n=58.7   48.2
    cabinetry_post n=55.0   32.5
    cabinetry_post n=43.7   20.6
    cabinetry_post n=52.7   29.7
    cabinetry_post n=61.8   42.1
            normal n=55.0   42.9
            normal n=37.5   23.5
            normal n=48.1   34.1
            normal n=58.8   48.4
        normal_log n=55.0   40.8
        normal_log n=38.0   21.3
        normal_log n=48.8   32.7
        normal_log n=59.6   47.4
             delta n=55.0   33.7
             delta n=41.2   16.9
             delta n=48.1   23.9
             delta n=55.0   33.8
          linspace n=55.0   51.0
          linspace n=34.3   29.0
          linspace n=47.7   42.0
          linspace n=61.2   59.6
          mcmc_mix n=55.0   27.7
          mcmc_mix n=57.6   29.5
          mcmc_mix n=70.4   41.3
          mcmc_mix n=83.2   58.4
            signal n=obs    50.1
SR_SF_1J_120_160
         cabinetry n=36.0   20.2
         cabinetry n=32.9   17.3
         cabinetry n=40.3   24.9
         cabinetry n=47.7   35.4
    cabinetry_post n=36.0   20.2
    cabinetry_post n=32.1   16.6
    cabinetry_post n=39.2   23.8
    cabinetry_post n=46.2   33.8
            normal n=36.0   20.2
            normal n=32.9   17.3
            normal n=40.3   25.0
            normal n=47.7   35.4
        normal_log n=36.0   19.8
        normal_log n=33.0   17.1
        normal_log n=40.5   24.8
        normal_log n=47.9   35.4
             delta n=36.0   17.5
             delta n=33.9   15.6
             delta n=40.3   22.2
             delta n=46.6   31.3
          linspace n=36.0   19.6
          linspace n=33.6   17.4
          linspace n=41.3   25.5
          linspace n=49.0   36.4
          mcmc_mix n=36.0   18.9
          mcmc_mix n=34.4   17.5
          mcmc_mix n=42.0   25.3
          mcmc_mix n=49.6   36.1
            signal n=obs    19.7

real	3m30.798s
user	3m31.383s
sys	0m1.472s
