incSR_WZ_1
         cabinetry n=34.0   21.1
         cabinetry n=31.5   18.9
         cabinetry n=39.9   27.4
         cabinetry n=48.2   39.0
    cabinetry_post n=34.0   21.0
    cabinetry_post n=29.8   16.9
    cabinetry_post n=37.1   24.5
    cabinetry_post n=44.4   34.9
            normal n=34.0   21.2
            normal n=31.5   18.9
            normal n=39.9   27.5
            normal n=48.2   39.1
        normal_log n=34.0   20.1
        normal_log n=31.8   18.1
        normal_log n=40.2   27.0
        normal_log n=48.7   38.8
             delta n=34.0   15.9
             delta n=33.6   15.6
             delta n=39.9   22.1
             delta n=46.2   31.2
          linspace n=34.0   24.0
          linspace n=30.2   20.6
          linspace n=39.1   29.4
          linspace n=48.0   41.6
          mcmc_mix n=34.0   28.7
          mcmc_mix n=24.2   18.0
          mcmc_mix n=32.3   26.5
          mcmc_mix n=40.4   37.9
            signal n=obs    23.5
incSR_WZ_2
         cabinetry n=2.0    8.8
         cabinetry n=0.0    4.6
         cabinetry n=1.3    7.1
         cabinetry n=2.5    10.1
    cabinetry_post n=2.0    8.6
    cabinetry_post n=0.1    4.7
    cabinetry_post n=1.4    7.2
    cabinetry_post n=2.7    10.3
            normal n=2.0    8.8
            normal n=0.0    4.6
            normal n=1.3    7.1
            normal n=2.5    10.1
        normal_log n=2.0    8.7
        normal_log n=0.1    4.6
        normal_log n=1.4    7.2
        normal_log n=2.7    10.4
             delta n=2.0    8.6
             delta n=0.1    4.7
             delta n=1.3    6.8
             delta n=2.4    9.6
          linspace n=2.0    8.7
          linspace n=0.1    4.6
          linspace n=1.4    7.2
          linspace n=2.7    10.4
          mcmc_mix n=2.0    9.5
          mcmc_mix n=0.0    4.5
          mcmc_mix n=1.0    6.7
          mcmc_mix n=2.0    9.6
            signal n=obs    8.7
incSR_WZ_3
         cabinetry n=4.0    7.9
         cabinetry n=3.8    7.7
         cabinetry n=6.6    11.5
         cabinetry n=9.5    16.5
    cabinetry_post n=4.0    8.1
    cabinetry_post n=3.5    7.5
    cabinetry_post n=6.2    11.2
    cabinetry_post n=8.9    16.0
            normal n=4.0    7.9
            normal n=3.8    7.7
            normal n=6.6    11.5
            normal n=9.5    16.6
        normal_log n=4.0    7.8
        normal_log n=3.9    7.7
        normal_log n=6.7    11.5
        normal_log n=9.6    16.6
             delta n=4.0    7.5
             delta n=4.1    7.6
             delta n=6.6    11.0
             delta n=9.2    15.7
          linspace n=4.0    7.9
          linspace n=4.0    7.8
          linspace n=6.9    11.7
          linspace n=9.8    16.9
          mcmc_mix n=4.0    7.8
          mcmc_mix n=4.1    7.9
          mcmc_mix n=7.0    11.7
          mcmc_mix n=9.9    16.9
            signal n=obs    7.8
incSR_offWZ_highEt_nj_a
         cabinetry n=3.0    7.5
         cabinetry n=3.1    7.6
         cabinetry n=6.0    11.7
         cabinetry n=9.0    16.9
    cabinetry_post n=3.0    7.7
    cabinetry_post n=2.5    7.1
    cabinetry_post n=5.1    10.7
    cabinetry_post n=7.6    15.5
            normal n=3.0    7.5
            normal n=3.1    7.7
            normal n=6.0    11.7
            normal n=9.0    16.9
        normal_log n=3.0    7.2
        normal_log n=3.2    7.5
        normal_log n=6.2    11.7
        normal_log n=9.3    17.2
             delta n=3.0    6.8
             delta n=3.6    7.3
             delta n=6.0    10.6
             delta n=8.5    15.2
          linspace n=3.0    7.3
          linspace n=3.4    7.7
          linspace n=6.4    11.9
          linspace n=9.5    17.4
          mcmc_mix n=3.0    7.3
          mcmc_mix n=3.3    7.7
          mcmc_mix n=6.4    11.9
          mcmc_mix n=9.5    17.4
            signal n=obs    7.3
incSR_offWZ_highEt_nj_b
         cabinetry n=2.0    8.6
         cabinetry n=0.1    4.7
         cabinetry n=1.4    7.3
         cabinetry n=2.8    10.5
    cabinetry_post n=2.0    8.4
    cabinetry_post n=0.2    4.8
    cabinetry_post n=1.5    7.4
    cabinetry_post n=2.9    10.6
            normal n=2.0    8.6
            normal n=0.1    4.7
            normal n=1.4    7.3
            normal n=2.8    10.5
        normal_log n=2.0    8.5
        normal_log n=0.1    4.7
        normal_log n=1.6    7.5
        normal_log n=3.0    10.9
             delta n=2.0    8.4
             delta n=0.2    4.8
             delta n=1.4    7.0
             delta n=2.6    9.9
          linspace n=2.0    8.2
          linspace n=0.3    4.9
          linspace n=1.9    7.9
          linspace n=3.4    11.5
          mcmc_mix n=2.0    7.6
          mcmc_mix n=0.7    5.4
          mcmc_mix n=2.5    8.6
          mcmc_mix n=4.3    12.5
            signal n=obs    8.4
incSR_offWZ_highEt_nj_c1
         cabinetry n=7.0    11.0
         cabinetry n=5.6    9.5
         cabinetry n=9.5    14.3
         cabinetry n=13.4   20.7
    cabinetry_post n=7.0    11.0
    cabinetry_post n=5.1    8.8
    cabinetry_post n=8.6    13.2
    cabinetry_post n=12.0   19.0
            normal n=7.0    11.0
            normal n=5.6    9.5
            normal n=9.5    14.3
            normal n=13.4   20.7
        normal_log n=7.0    10.5
        normal_log n=5.8    9.1
        normal_log n=9.8    14.3
        normal_log n=13.8   20.9
             delta n=7.0    9.3
             delta n=6.4    8.7
             delta n=9.5    12.5
             delta n=12.6   17.8
          linspace n=7.0    10.6
          linspace n=5.9    9.4
          linspace n=9.9    14.5
          linspace n=14.0   21.1
          mcmc_mix n=7.0    10.3
          mcmc_mix n=6.5    9.7
          mcmc_mix n=10.7   15.0
          mcmc_mix n=14.9   21.9
            signal n=obs    10.5
incSR_offWZ_highEt_nj_c2
         cabinetry n=2.0    8.0
         cabinetry n=0.4    5.2
         cabinetry n=2.1    8.1
         cabinetry n=3.7    11.7
    cabinetry_post n=2.0    7.9
    cabinetry_post n=0.5    5.2
    cabinetry_post n=2.0    8.0
    cabinetry_post n=3.6    11.5
            normal n=2.0    8.0
            normal n=0.4    5.2
            normal n=2.1    8.1
            normal n=3.7    11.7
        normal_log n=2.0    7.8
        normal_log n=0.5    5.2
        normal_log n=2.2    8.3
        normal_log n=3.9    12.1
             delta n=2.0    7.6
             delta n=0.6    5.3
             delta n=2.1    7.7
             delta n=3.5    10.9
          linspace n=2.0    7.8
          linspace n=0.6    5.3
          linspace n=2.4    8.6
          linspace n=4.3    12.6
          mcmc_mix n=2.0    7.6
          mcmc_mix n=0.7    5.5
          mcmc_mix n=2.6    8.8
          mcmc_mix n=4.5    12.8
            signal n=obs    7.8
incSR_offWZ_lowEt_b
         cabinetry n=31.0   18.6
         cabinetry n=28.8   16.5
         cabinetry n=35.8   23.9
         cabinetry n=42.9   34.0
    cabinetry_post n=31.0   18.8
    cabinetry_post n=27.8   15.8
    cabinetry_post n=34.4   22.7
    cabinetry_post n=41.1   32.3
            normal n=31.0   18.6
            normal n=28.8   16.5
            normal n=35.8   23.9
            normal n=42.9   34.0
        normal_log n=31.0   18.2
        normal_log n=28.9   16.2
        normal_log n=36.0   23.8
        normal_log n=43.1   33.9
             delta n=31.0   15.9
             delta n=29.8   14.8
             delta n=35.8   21.1
             delta n=41.8   29.8
          linspace n=31.0   18.2
          linspace n=29.1   16.4
          linspace n=36.2   23.9
          linspace n=43.3   34.1
          mcmc_mix n=31.0   18.5
          mcmc_mix n=28.6   16.3
          mcmc_mix n=35.7   23.8
          mcmc_mix n=42.8   33.9
            signal n=obs    18.2
incSR_offWZ_highEt_b
         cabinetry n=3.0    9.0
         cabinetry n=1.0    5.8
         cabinetry n=3.0    9.0
         cabinetry n=4.9    13.0
    cabinetry_post n=3.0    8.9
    cabinetry_post n=1.1    5.8
    cabinetry_post n=3.0    8.9
    cabinetry_post n=4.9    12.8
            normal n=3.0    9.0
            normal n=1.0    5.8
            normal n=3.0    9.0
            normal n=4.9    13.0
        normal_log n=3.0    8.9
        normal_log n=1.1    5.8
        normal_log n=3.1    9.1
        normal_log n=5.1    13.2
             delta n=3.0    8.6
             delta n=1.2    5.9
             delta n=3.0    8.5
             delta n=4.7    12.1
          linspace n=3.0    8.8
          linspace n=0.4    5.1
          linspace n=4.4    11.5
          linspace n=8.4    19.7
          mcmc_mix n=3.0    8.4
          mcmc_mix n=1.7    6.5
          mcmc_mix n=5.2    11.8
          mcmc_mix n=8.7    18.5
            signal n=obs    8.8
incSR_offWZ_lowEt_c
         cabinetry n=86.0   35.2
         cabinetry n=76.4   26.3
         cabinetry n=88.1   37.6
         cabinetry n=99.8   53.0
    cabinetry_post n=86.0   33.7
    cabinetry_post n=76.5   24.8
    cabinetry_post n=87.4   35.3
    cabinetry_post n=98.2   49.8
            normal n=86.0   35.3
            normal n=76.4   26.3
            normal n=88.1   37.6
            normal n=99.8   53.1
        normal_log n=86.0   34.5
        normal_log n=76.7   25.8
        normal_log n=88.4   37.2
        normal_log n=100.1  52.8
             delta n=86.0   28.9
             delta n=78.7   22.2
             delta n=88.1   31.2
             delta n=97.5   44.0
          linspace n=86.0   34.8
          linspace n=76.7   26.2
          linspace n=88.5   37.6
          linspace n=100.2  53.1
          mcmc_mix n=86.0   35.6
          mcmc_mix n=75.9   26.0
          mcmc_mix n=87.6   37.4
          mcmc_mix n=99.3   52.8
            signal n=obs    34.7
incSR_offWZ_highEt_c
         cabinetry n=9.0    12.7
         cabinetry n=5.9    8.9
         cabinetry n=9.3    13.1
         cabinetry n=12.7   18.8
    cabinetry_post n=9.0    12.6
    cabinetry_post n=5.9    8.8
    cabinetry_post n=9.2    12.9
    cabinetry_post n=12.6   18.6
            normal n=9.0    12.7
            normal n=5.9    8.9
            normal n=9.3    13.1
            normal n=12.7   18.9
        normal_log n=9.0    12.5
        normal_log n=6.0    8.8
        normal_log n=9.4    13.1
        normal_log n=12.8   18.9
             delta n=9.0    11.9
             delta n=6.3    8.6
             delta n=9.3    12.4
             delta n=12.4   17.6
          linspace n=9.0    12.4
          linspace n=6.1    8.9
          linspace n=9.6    13.3
          linspace n=13.1   19.2
          mcmc_mix n=9.0    11.7
          mcmc_mix n=7.0    9.3
          mcmc_mix n=10.6   13.9
          mcmc_mix n=14.3   20.1
            signal n=obs    12.5
incSR_offWZ_d
         cabinetry n=202.0  77.6
         cabinetry n=166.8  39.1
         cabinetry n=184.5  55.4
         cabinetry n=202.1  77.8
    cabinetry_post n=202.0  64.3
    cabinetry_post n=175.3  36.6
    cabinetry_post n=191.7  51.8
    cabinetry_post n=208.1  72.6
            normal n=202.0  77.8
            normal n=166.7  39.2
            normal n=184.4  55.6
            normal n=202.2  78.0
        normal_log n=202.0  76.6
        normal_log n=167.0  38.3
        normal_log n=184.8  54.9
        normal_log n=202.6  77.4
             delta n=202.0  67.5
             delta n=170.9  31.2
             delta n=184.4  43.8
             delta n=198.0  61.4
          linspace n=202.0  77.2
          linspace n=167.0  39.0
          linspace n=184.8  55.5
          linspace n=202.6  78.0
          mcmc_mix n=202.0  79.5
          mcmc_mix n=165.3  38.8
          mcmc_mix n=183.0  55.2
          mcmc_mix n=200.7  77.6
            signal n=obs    76.9
incSR_offWZ_e1
         cabinetry n=332.0  105.4
         cabinetry n=283.5  53.6
         cabinetry n=307.9  75.6
         cabinetry n=332.3  105.8
    cabinetry_post n=332.0  82.3
    cabinetry_post n=297.9  48.0
    cabinetry_post n=319.6  67.6
    cabinetry_post n=341.2  94.7
            normal n=332.0  105.6
            normal n=283.4  53.8
            normal n=307.9  75.8
            normal n=332.4  106.1
        normal_log n=332.0  103.8
        normal_log n=283.8  52.2
        normal_log n=308.3  74.6
        normal_log n=332.9  105.0
             delta n=332.0  87.8
             delta n=290.3  39.8
             delta n=307.9  55.7
             delta n=325.4  77.9
          linspace n=332.0  105.4
          linspace n=283.5  53.8
          linspace n=308.1  75.9
          linspace n=332.7  106.4
          mcmc_mix n=332.0  105.1
          mcmc_mix n=283.6  53.5
          mcmc_mix n=308.2  75.9
          mcmc_mix n=332.9  106.4
            signal n=obs    104.9
incSR_offWZ_e2
         cabinetry n=298.0  105.4
         cabinetry n=247.2  48.1
         cabinetry n=269.1  67.8
         cabinetry n=290.9  95.0
    cabinetry_post n=298.0  82.7
    cabinetry_post n=261.6  44.5
    cabinetry_post n=281.7  62.7
    cabinetry_post n=301.7  87.8
            normal n=298.0  105.5
            normal n=247.2  48.2
            normal n=269.1  68.0
            normal n=290.9  95.3
        normal_log n=298.0  104.1
        normal_log n=247.5  47.0
        normal_log n=269.4  67.2
        normal_log n=291.4  94.5
             delta n=298.0  92.8
             delta n=252.7  37.3
             delta n=269.1  52.3
             delta n=285.5  73.2
          linspace n=298.0  105.3
          linspace n=247.3  48.2
          linspace n=269.3  68.2
          linspace n=291.3  95.6
          mcmc_mix n=298.0  105.0
          mcmc_mix n=247.4  48.0
          mcmc_mix n=269.5  68.2
          mcmc_mix n=291.6  95.7
            signal n=obs    104.9
incSR_offWZ_f1
         cabinetry n=479.0  116.5
         cabinetry n=428.4  65.8
         cabinetry n=458.5  92.5
         cabinetry n=488.5  129.2
    cabinetry_post n=479.0  93.4
    cabinetry_post n=442.2  58.1
    cabinetry_post n=468.6  81.6
    cabinetry_post n=494.9  114.1
            normal n=479.0  116.8
            normal n=428.3  66.0
            normal n=458.5  92.8
            normal n=488.6  129.6
        normal_log n=479.0  115.0
        normal_log n=428.8  64.3
        normal_log n=459.0  91.5
        normal_log n=489.1  128.4
             delta n=479.0  92.7
             delta n=437.1  48.1
             delta n=458.5  67.3
             delta n=479.9  94.0
          linspace n=479.0  119.6
          linspace n=427.0  67.5
          linspace n=457.6  94.5
          linspace n=488.1  131.8
          mcmc_mix n=479.0  121.7
          mcmc_mix n=424.5  66.0
          mcmc_mix n=454.9  93.1
          mcmc_mix n=485.2  130.2
            signal n=obs    118.8
incSR_offWZ_f2
         cabinetry n=277.0  67.8
         cabinetry n=253.3  45.8
         cabinetry n=274.0  64.5
         cabinetry n=294.7  90.4
    cabinetry_post n=277.0  62.6
    cabinetry_post n=255.8  43.0
    cabinetry_post n=275.1  60.6
    cabinetry_post n=294.4  84.8
            normal n=277.0  68.0
            normal n=253.3  45.9
            normal n=274.0  64.7
            normal n=294.7  90.6
        normal_log n=277.0  67.2
        normal_log n=253.6  45.2
        normal_log n=274.3  64.2
        normal_log n=295.0  90.1
             delta n=277.0  56.0
             delta n=257.5  37.6
             delta n=274.0  52.7
             delta n=290.6  73.8
          linspace n=277.0  71.0
          linspace n=251.6  47.3
          linspace n=272.8  66.3
          linspace n=293.9  92.7
          mcmc_mix n=277.0  70.5
          mcmc_mix n=251.5  46.4
          mcmc_mix n=272.5  65.5
          mcmc_mix n=293.5  91.7
            signal n=obs    70.3
incSR_offWZ_g1
         cabinetry n=620.0  139.1
         cabinetry n=559.5  79.0
         cabinetry n=595.6  110.9
         cabinetry n=631.8  154.7
    cabinetry_post n=620.0  106.7
    cabinetry_post n=578.3  67.2
    cabinetry_post n=608.8  94.2
    cabinetry_post n=639.4  131.6
            normal n=620.0  139.5
            normal n=559.3  79.3
            normal n=595.6  111.3
            normal n=632.0  155.3
        normal_log n=620.0  137.1
        normal_log n=559.9  76.9
        normal_log n=596.3  109.5
        normal_log n=632.6  153.5
             delta n=620.0  106.4
             delta n=571.2  54.6
             delta n=595.6  76.2
             delta n=620.0  106.5
          linspace n=620.0  145.2
          linspace n=556.7  82.6
          linspace n=593.8  114.9
          linspace n=631.0  159.8
          mcmc_mix n=620.0  148.5
          mcmc_mix n=552.7  79.8
          mcmc_mix n=589.3  112.1
          mcmc_mix n=626.0  156.6
            signal n=obs    144.1
incSR_offWZ_g2
         cabinetry n=418.0  93.9
         cabinetry n=383.2  61.4
         cabinetry n=411.2  86.4
         cabinetry n=439.2  120.7
    cabinetry_post n=418.0  80.5
    cabinetry_post n=389.8  54.5
    cabinetry_post n=414.4  76.6
    cabinetry_post n=439.1  107.1
            normal n=418.0  94.1
            normal n=383.1  61.6
            normal n=411.2  86.6
            normal n=439.3  121.1
        normal_log n=418.0  92.5
        normal_log n=383.5  60.0
        normal_log n=411.7  85.5
        normal_log n=439.8  120.0
             delta n=418.0  71.6
             delta n=390.9  45.7
             delta n=411.2  63.9
             delta n=431.5  89.3
          linspace n=418.0  100.2
          linspace n=380.1  64.8
          linspace n=409.0  90.2
          linspace n=437.9  125.6
          mcmc_mix n=418.0  100.3
          mcmc_mix n=378.5  62.6
          mcmc_mix n=407.0  87.9
          mcmc_mix n=435.5  122.9
            signal n=obs    99.1
incSR_offWZ_g3
         cabinetry n=288.0  70.7
         cabinetry n=265.1  50.0
         cabinetry n=287.8  70.5
         cabinetry n=310.5  98.7
    cabinetry_post n=288.0  63.7
    cabinetry_post n=267.5  45.1
    cabinetry_post n=287.9  63.6
    cabinetry_post n=308.2  89.1
            normal n=288.0  70.9
            normal n=265.0  50.1
            normal n=287.8  70.7
            normal n=310.5  98.9
        normal_log n=288.0  69.6
        normal_log n=265.4  48.9
        normal_log n=288.2  69.8
        normal_log n=311.0  98.1
             delta n=288.0  54.2
             delta n=270.8  38.5
             delta n=287.8  53.9
             delta n=304.7  75.5
          linspace n=288.0  76.7
          linspace n=261.9  53.1
          linspace n=285.4  73.9
          linspace n=308.9  103.0
          mcmc_mix n=288.0  78.3
          mcmc_mix n=259.0  51.0
          mcmc_mix n=281.9  71.5
          mcmc_mix n=304.8  100.0
            signal n=obs    75.8
incSR_offWZ_g4
         cabinetry n=141.0  54.1
         cabinetry n=121.4  35.0
         cabinetry n=137.2  49.7
         cabinetry n=153.0  69.9
    cabinetry_post n=141.0  47.4
    cabinetry_post n=124.7  31.7
    cabinetry_post n=138.9  45.0
    cabinetry_post n=153.0  63.3
            normal n=141.0  54.3
            normal n=121.3  35.1
            normal n=137.2  49.9
            normal n=153.0  70.1
        normal_log n=141.0  53.0
        normal_log n=121.7  33.9
        normal_log n=137.6  49.0
        normal_log n=153.5  69.4
             delta n=141.0  42.8
             delta n=125.5  27.2
             delta n=137.2  38.2
             delta n=148.9  53.6
          linspace n=141.0  56.9
          linspace n=119.9  36.3
          linspace n=136.1  51.2
          linspace n=152.2  71.8
          mcmc_mix n=141.0  56.9
          mcmc_mix n=119.3  35.3
          mcmc_mix n=135.3  50.2
          mcmc_mix n=151.2  70.5
            signal n=obs    56.2

real	3m55.127s
user	3m55.635s
sys	0m1.500s
